[ 2017-04-21T10:21:11+08:00 ] 127.0.0.1 /Public/Admin/js/dialog/layer.js
INFO: [ app_init ] --START--
INFO: Run Behavior\BuildLiteBehavior [ RunTime:0.000042s ]
INFO: [ app_init ] --END-- [ RunTime:0.000754s ]
ERR: 无法加载模块:Public

[ 2017-04-21T10:21:11+08:00 ] 127.0.0.1 /Public/Admin/css/admin_login.css
INFO: [ app_init ] --START--
INFO: Run Behavior\BuildLiteBehavior [ RunTime:0.000063s ]
INFO: [ app_init ] --END-- [ RunTime:0.001352s ]
ERR: 无法加载模块:Public

[ 2017-04-21T10:21:11+08:00 ] 127.0.0.1 /Public/Admin/js/jquery.js
INFO: [ app_init ] --START--
INFO: Run Behavior\BuildLiteBehavior [ RunTime:0.000073s ]
INFO: [ app_init ] --END-- [ RunTime:0.001815s ]
ERR: 无法加载模块:Public

[ 2017-04-21T10:21:11+08:00 ] 127.0.0.1 /Public/Admin/js/dialog.js
INFO: [ app_init ] --START--
INFO: Run Behavior\BuildLiteBehavior [ RunTime:0.000073s ]
INFO: [ app_init ] --END-- [ RunTime:0.001171s ]
ERR: 无法加载模块:Public

[ 2017-04-21T10:21:11+08:00 ] 127.0.0.1 /Public/Admin/js/login.js
INFO: [ app_init ] --START--
INFO: Run Behavior\BuildLiteBehavior [ RunTime:0.000060s ]
INFO: [ app_init ] --END-- [ RunTime:0.001129s ]
ERR: 无法加载模块:Public

[ 2017-04-21T10:21:11+08:00 ] 127.0.0.1 /Public/Admin/js/dialog/layer.js
INFO: [ app_init ] --START--
INFO: Run Behavior\BuildLiteBehavior [ RunTime:0.000082s ]
INFO: [ app_init ] --END-- [ RunTime:0.001264s ]
ERR: 无法加载模块:Public

[ 2017-04-21T10:21:11+08:00 ] 127.0.0.1 /Public/Admin/js/dialog.js
INFO: [ app_init ] --START--
INFO: Run Behavior\BuildLiteBehavior [ RunTime:0.000070s ]
INFO: [ app_init ] --END-- [ RunTime:0.001232s ]
ERR: 无法加载模块:Public

[ 2017-04-21T10:21:11+08:00 ] 127.0.0.1 /Public/Admin/js/login.js
INFO: [ app_init ] --START--
INFO: Run Behavior\BuildLiteBehavior [ RunTime:0.000060s ]
INFO: [ app_init ] --END-- [ RunTime:0.000999s ]
ERR: 无法加载模块:Public

[ 2017-04-21T10:21:16+08:00 ] 127.0.0.1 /Public/Admin/css/admin_login.css
INFO: [ app_init ] --START--
INFO: Run Behavior\BuildLiteBehavior [ RunTime:0.000071s ]
INFO: [ app_init ] --END-- [ RunTime:0.001257s ]
ERR: 无法加载模块:Public

[ 2017-04-21T10:21:16+08:00 ] 127.0.0.1 /Public/Admin/js/dialog/layer.js
INFO: [ app_init ] --START--
INFO: Run Behavior\BuildLiteBehavior [ RunTime:0.000113s ]
INFO: [ app_init ] --END-- [ RunTime:0.001537s ]
ERR: 无法加载模块:Public

[ 2017-04-21T10:21:16+08:00 ] 127.0.0.1 /Public/Admin/js/jquery.js
INFO: [ app_init ] --START--
INFO: Run Behavior\BuildLiteBehavior [ RunTime:0.000068s ]
INFO: [ app_init ] --END-- [ RunTime:0.001499s ]
ERR: 无法加载模块:Public

[ 2017-04-21T10:21:16+08:00 ] 127.0.0.1 /Public/Admin/js/dialog/layer.js
INFO: [ app_init ] --START--
INFO: Run Behavior\BuildLiteBehavior [ RunTime:0.000068s ]
INFO: [ app_init ] --END-- [ RunTime:0.001095s ]
ERR: 无法加载模块:Public

[ 2017-04-21T10:21:16+08:00 ] 127.0.0.1 /Public/Admin/js/login.js
INFO: [ app_init ] --START--
INFO: Run Behavior\BuildLiteBehavior [ RunTime:0.000075s ]
INFO: [ app_init ] --END-- [ RunTime:0.001471s ]
ERR: 无法加载模块:Public

[ 2017-04-21T10:21:16+08:00 ] 127.0.0.1 /Public/Admin/js/dialog.js
INFO: [ app_init ] --START--
INFO: Run Behavior\BuildLiteBehavior [ RunTime:0.000117s ]
INFO: [ app_init ] --END-- [ RunTime:0.003483s ]
ERR: 无法加载模块:Public

[ 2017-04-21T10:21:16+08:00 ] 127.0.0.1 /Public/Admin/js/login.js
INFO: [ app_init ] --START--
INFO: Run Behavior\BuildLiteBehavior [ RunTime:0.000043s ]
INFO: [ app_init ] --END-- [ RunTime:0.000952s ]
ERR: 无法加载模块:Public

[ 2017-04-21T10:21:17+08:00 ] 127.0.0.1 /Public/Admin/js/jquery.js
INFO: [ app_init ] --START--
INFO: Run Behavior\BuildLiteBehavior [ RunTime:0.000075s ]
INFO: [ app_init ] --END-- [ RunTime:0.002051s ]
ERR: 无法加载模块:Public

[ 2017-04-21T10:21:17+08:00 ] 127.0.0.1 /Public/Admin/css/admin_login.css
INFO: [ app_init ] --START--
INFO: Run Behavior\BuildLiteBehavior [ RunTime:0.000070s ]
INFO: [ app_init ] --END-- [ RunTime:0.002126s ]
ERR: 无法加载模块:Public

[ 2017-04-21T10:21:17+08:00 ] 127.0.0.1 /Public/Admin/js/dialog/layer.js
INFO: [ app_init ] --START--
INFO: Run Behavior\BuildLiteBehavior [ RunTime:0.000075s ]
INFO: [ app_init ] --END-- [ RunTime:0.001584s ]
ERR: 无法加载模块:Public

[ 2017-04-21T10:21:17+08:00 ] 127.0.0.1 /Public/Admin/js/login.js
INFO: [ app_init ] --START--
INFO: Run Behavior\BuildLiteBehavior [ RunTime:0.000074s ]
INFO: [ app_init ] --END-- [ RunTime:0.001368s ]
ERR: 无法加载模块:Public

[ 2017-04-21T10:21:17+08:00 ] 127.0.0.1 /Public/Admin/js/dialog.js
INFO: [ app_init ] --START--
INFO: Run Behavior\BuildLiteBehavior [ RunTime:0.000071s ]
INFO: [ app_init ] --END-- [ RunTime:0.001247s ]
ERR: 无法加载模块:Public

[ 2017-04-21T10:21:17+08:00 ] 127.0.0.1 /Public/Admin/js/login.js
INFO: [ app_init ] --START--
INFO: Run Behavior\BuildLiteBehavior [ RunTime:0.000061s ]
INFO: [ app_init ] --END-- [ RunTime:0.000992s ]
ERR: 无法加载模块:Public

[ 2017-04-21T14:28:22+08:00 ] 127.0.0.1 /Public/Admin/js/dialog/layer.js
INFO: [ app_init ] --START--
INFO: Run Behavior\BuildLiteBehavior [ RunTime:0.000043s ]
INFO: [ app_init ] --END-- [ RunTime:0.000736s ]
ERR: 无法加载模块:Public

[ 2017-04-21T14:28:22+08:00 ] 127.0.0.1 /Public/Admin/css/admin_login.css
INFO: [ app_init ] --START--
INFO: Run Behavior\BuildLiteBehavior [ RunTime:0.000070s ]
INFO: [ app_init ] --END-- [ RunTime:0.001422s ]
ERR: 无法加载模块:Public

[ 2017-04-21T14:28:22+08:00 ] 127.0.0.1 /Public/Admin/js/jquery.js
INFO: [ app_init ] --START--
INFO: Run Behavior\BuildLiteBehavior [ RunTime:0.000070s ]
INFO: [ app_init ] --END-- [ RunTime:0.001907s ]
ERR: 无法加载模块:Public

[ 2017-04-21T14:28:22+08:00 ] 127.0.0.1 /Public/Admin/js/login.js
INFO: [ app_init ] --START--
INFO: Run Behavior\BuildLiteBehavior [ RunTime:0.000069s ]
INFO: [ app_init ] --END-- [ RunTime:0.001191s ]
ERR: 无法加载模块:Public

[ 2017-04-21T14:28:22+08:00 ] 127.0.0.1 /Public/Admin/js/dialog.js
INFO: [ app_init ] --START--
INFO: Run Behavior\BuildLiteBehavior [ RunTime:0.000073s ]
INFO: [ app_init ] --END-- [ RunTime:0.001240s ]
ERR: 无法加载模块:Public

[ 2017-04-21T14:28:22+08:00 ] 127.0.0.1 /Public/Admin/js/dialog/layer.js
INFO: [ app_init ] --START--
INFO: Run Behavior\BuildLiteBehavior [ RunTime:0.000057s ]
INFO: [ app_init ] --END-- [ RunTime:0.000777s ]
ERR: 无法加载模块:Public

[ 2017-04-21T14:28:22+08:00 ] 127.0.0.1 /Public/Admin/js/dialog.js
INFO: [ app_init ] --START--
INFO: Run Behavior\BuildLiteBehavior [ RunTime:0.000071s ]
INFO: [ app_init ] --END-- [ RunTime:0.001152s ]
ERR: 无法加载模块:Public

[ 2017-04-21T14:28:22+08:00 ] 127.0.0.1 /Public/Admin/js/login.js
INFO: [ app_init ] --START--
INFO: Run Behavior\BuildLiteBehavior [ RunTime:0.000043s ]
INFO: [ app_init ] --END-- [ RunTime:0.000692s ]
ERR: 无法加载模块:Public

