[ 2017-07-25T15:47:34+08:00 ] 127.0.0.1 /index.php/Admin/Login/check
INFO: [ app_begin ] --START--
INFO: Run Behavior\ReadHtmlCacheBehavior [ RunTime:0.000943s ]
INFO: [ app_begin ] --END-- [ RunTime:0.001698s ]
SQL: SHOW COLUMNS FROM `admin` [ RunTime:0.2875s ]
NOTIC: [8] Use of undefined constant username - assumed 'username' F:\MyPHP\news\Application\Admin\Controller\LoginController.class.php 第 12 行.
NOTIC: [8] Use of undefined constant password - assumed 'password' F:\MyPHP\news\Application\Admin\Controller\LoginController.class.php 第 15 行.
SQL: SELECT * FROM `admin` WHERE `username` = 'admin' LIMIT 1   [ RunTime:0.0461s ]

[ 2017-07-25T16:06:42+08:00 ] 127.0.0.1 /index.php/Admin/User/edit/id/1
ERR: 1146:La table 'cms.user' n'existe pas
 [ SQL语句 ] : SHOW COLUMNS FROM `user`

[ 2017-07-25T16:10:57+08:00 ] 127.0.0.1 /index.php/Admin/User/add
INFO: [ app_begin ] --START--
INFO: Run Behavior\ReadHtmlCacheBehavior [ RunTime:0.001236s ]
INFO: [ app_begin ] --END-- [ RunTime:0.002629s ]

[ 2017-07-25T16:10:59+08:00 ] 127.0.0.1 /index.php/Admin/User/add
INFO: [ app_begin ] --START--
INFO: Run Behavior\ReadHtmlCacheBehavior [ RunTime:0.000820s ]
INFO: [ app_begin ] --END-- [ RunTime:0.001536s ]

[ 2017-07-25T16:11:36+08:00 ] 127.0.0.1 /index.php/Admin/User/add
INFO: [ app_begin ] --START--
INFO: Run Behavior\ReadHtmlCacheBehavior [ RunTime:0.000798s ]
INFO: [ app_begin ] --END-- [ RunTime:0.001608s ]

[ 2017-07-25T16:11:45+08:00 ] 127.0.0.1 /index.php/Admin/User/add
INFO: [ app_begin ] --START--
INFO: Run Behavior\ReadHtmlCacheBehavior [ RunTime:0.000975s ]
INFO: [ app_begin ] --END-- [ RunTime:0.001747s ]
SQL: SHOW COLUMNS FROM `admin` [ RunTime:0.0078s ]
SQL: INSERT INTO `admin` (`username`,`password`,`createtime`,`visittime`) VALUES ('doge','123456','1500970305','1500970305') [ RunTime:0.1814s ]

[ 2017-07-25T16:28:09+08:00 ] 127.0.0.1 /index.php/Admin/User/edit/id/3
ERR: 1146:La table 'cms.user' n'existe pas
 [ SQL语句 ] : SHOW COLUMNS FROM `user`

[ 2017-07-25T16:42:28+08:00 ] 127.0.0.1 /index.php/Admin/User/edit/id/1
INFO: [ app_begin ] --START--
INFO: Run Behavior\ReadHtmlCacheBehavior [ RunTime:0.000781s ]
INFO: [ app_begin ] --END-- [ RunTime:0.001474s ]
SQL: SHOW COLUMNS FROM `admin` [ RunTime:0.0075s ]
SQL: SELECT * FROM `admin` WHERE `id` = 0 LIMIT 1   [ RunTime:0.0006s ]
INFO: [ view_parse ] --START--
INFO: [ template_filter ] --START--
INFO: Run Behavior\ContentReplaceBehavior [ RunTime:0.000158s ]
INFO: [ template_filter ] --END-- [ RunTime:0.000325s ]
NOTIC: [8] Undefined variable: menus F:\MyPHP\news\Application\Runtime\Cache\Admin\c5c8f88f4330c605468367c8bb60454a.php 第 72 行.
INFO: Run Behavior\ParseTemplateBehavior [ RunTime:0.013621s ]
INFO: [ view_parse ] --END-- [ RunTime:0.013858s ]
INFO: [ view_filter ] --START--
INFO: Run Behavior\WriteHtmlCacheBehavior [ RunTime:0.000656s ]
INFO: [ view_filter ] --END-- [ RunTime:0.000860s ]
INFO: [ app_end ] --START--
INFO: Run Behavior\ShowPageTraceBehavior [ RunTime:0.000791s ]
INFO: [ app_end ] --END-- [ RunTime:0.000954s ]

[ 2017-07-25T16:42:32+08:00 ] 127.0.0.1 /index.php/Admin/User/edit/id/1
INFO: [ app_begin ] --START--
INFO: Run Behavior\ReadHtmlCacheBehavior [ RunTime:0.001115s ]
INFO: [ app_begin ] --END-- [ RunTime:0.001888s ]
SQL: SHOW COLUMNS FROM `admin` [ RunTime:0.0081s ]
SQL: SELECT * FROM `admin` WHERE `id` = 0 LIMIT 1   [ RunTime:0.0005s ]
INFO: [ view_parse ] --START--
INFO: [ template_filter ] --START--
INFO: Run Behavior\ContentReplaceBehavior [ RunTime:0.000157s ]
INFO: [ template_filter ] --END-- [ RunTime:0.000326s ]
NOTIC: [8] Undefined variable: menus F:\MyPHP\news\Application\Runtime\Cache\Admin\c5c8f88f4330c605468367c8bb60454a.php 第 72 行.
INFO: Run Behavior\ParseTemplateBehavior [ RunTime:0.013794s ]
INFO: [ view_parse ] --END-- [ RunTime:0.013956s ]
INFO: [ view_filter ] --START--
INFO: Run Behavior\WriteHtmlCacheBehavior [ RunTime:0.000522s ]
INFO: [ view_filter ] --END-- [ RunTime:0.000672s ]
INFO: [ app_end ] --START--
INFO: Run Behavior\ShowPageTraceBehavior [ RunTime:0.000775s ]
INFO: [ app_end ] --END-- [ RunTime:0.000933s ]

[ 2017-07-25T16:42:48+08:00 ] 127.0.0.1 /index.php/Admin/User/edit/id/1
INFO: [ app_begin ] --START--
INFO: Run Behavior\ReadHtmlCacheBehavior [ RunTime:0.000967s ]
INFO: [ app_begin ] --END-- [ RunTime:0.001738s ]
SQL: SHOW COLUMNS FROM `admin` [ RunTime:0.0075s ]
SQL: SELECT * FROM `admin` WHERE `id` = 0 LIMIT 1   [ RunTime:0.0005s ]
INFO: [ view_parse ] --START--
INFO: [ template_filter ] --START--
INFO: Run Behavior\ContentReplaceBehavior [ RunTime:0.000159s ]
INFO: [ template_filter ] --END-- [ RunTime:0.000327s ]
NOTIC: [8] Undefined variable: menus F:\MyPHP\news\Application\Runtime\Cache\Admin\c5c8f88f4330c605468367c8bb60454a.php 第 72 行.
INFO: Run Behavior\ParseTemplateBehavior [ RunTime:0.014738s ]
INFO: [ view_parse ] --END-- [ RunTime:0.014903s ]
INFO: [ view_filter ] --START--
INFO: Run Behavior\WriteHtmlCacheBehavior [ RunTime:0.000657s ]
INFO: [ view_filter ] --END-- [ RunTime:0.000809s ]
INFO: [ app_end ] --START--
INFO: Run Behavior\ShowPageTraceBehavior [ RunTime:0.000940s ]
INFO: [ app_end ] --END-- [ RunTime:0.001107s ]

[ 2017-07-25T16:43:36+08:00 ] 127.0.0.1 /index.php/Admin/User/edit/id/3
INFO: [ app_begin ] --START--
INFO: Run Behavior\ReadHtmlCacheBehavior [ RunTime:0.000798s ]
INFO: [ app_begin ] --END-- [ RunTime:0.001572s ]
SQL: SHOW COLUMNS FROM `admin` [ RunTime:0.0083s ]
SQL: SELECT * FROM `admin` WHERE `id` = 0 LIMIT 1   [ RunTime:0.0006s ]
INFO: [ view_parse ] --START--
INFO: [ template_filter ] --START--
INFO: Run Behavior\ContentReplaceBehavior [ RunTime:0.000363s ]
INFO: [ template_filter ] --END-- [ RunTime:0.000657s ]
NOTIC: [8] Undefined variable: menus F:\MyPHP\news\Application\Runtime\Cache\Admin\c5c8f88f4330c605468367c8bb60454a.php 第 72 行.
INFO: Run Behavior\ParseTemplateBehavior [ RunTime:0.016317s ]
INFO: [ view_parse ] --END-- [ RunTime:0.016540s ]
INFO: [ view_filter ] --START--
INFO: Run Behavior\WriteHtmlCacheBehavior [ RunTime:0.000638s ]
INFO: [ view_filter ] --END-- [ RunTime:0.000793s ]
INFO: [ app_end ] --START--
INFO: Run Behavior\ShowPageTraceBehavior [ RunTime:0.001003s ]
INFO: [ app_end ] --END-- [ RunTime:0.001171s ]

[ 2017-07-25T16:43:37+08:00 ] 127.0.0.1 /index.php/Admin/User/edit/id/3
INFO: [ app_begin ] --START--
INFO: Run Behavior\ReadHtmlCacheBehavior [ RunTime:0.001093s ]
INFO: [ app_begin ] --END-- [ RunTime:0.001848s ]
SQL: SHOW COLUMNS FROM `admin` [ RunTime:0.0078s ]
SQL: SELECT * FROM `admin` WHERE `id` = 0 LIMIT 1   [ RunTime:0.0004s ]
INFO: [ view_parse ] --START--
INFO: [ template_filter ] --START--
INFO: Run Behavior\ContentReplaceBehavior [ RunTime:0.000157s ]
INFO: [ template_filter ] --END-- [ RunTime:0.000327s ]
NOTIC: [8] Undefined variable: menus F:\MyPHP\news\Application\Runtime\Cache\Admin\c5c8f88f4330c605468367c8bb60454a.php 第 72 行.
INFO: Run Behavior\ParseTemplateBehavior [ RunTime:0.013036s ]
INFO: [ view_parse ] --END-- [ RunTime:0.013202s ]
INFO: [ view_filter ] --START--
INFO: Run Behavior\WriteHtmlCacheBehavior [ RunTime:0.000639s ]
INFO: [ view_filter ] --END-- [ RunTime:0.000792s ]
INFO: [ app_end ] --START--
INFO: Run Behavior\ShowPageTraceBehavior [ RunTime:0.000820s ]
INFO: [ app_end ] --END-- [ RunTime:0.000982s ]

[ 2017-07-25T16:43:37+08:00 ] 127.0.0.1 /index.php/Admin/User/edit/id/3
INFO: [ app_begin ] --START--
INFO: Run Behavior\ReadHtmlCacheBehavior [ RunTime:0.000788s ]
INFO: [ app_begin ] --END-- [ RunTime:0.001493s ]
SQL: SHOW COLUMNS FROM `admin` [ RunTime:0.0072s ]
SQL: SELECT * FROM `admin` WHERE `id` = 0 LIMIT 1   [ RunTime:0.0007s ]
INFO: [ view_parse ] --START--
INFO: [ template_filter ] --START--
INFO: Run Behavior\ContentReplaceBehavior [ RunTime:0.000155s ]
INFO: [ template_filter ] --END-- [ RunTime:0.000321s ]
NOTIC: [8] Undefined variable: menus F:\MyPHP\news\Application\Runtime\Cache\Admin\c5c8f88f4330c605468367c8bb60454a.php 第 72 行.
INFO: Run Behavior\ParseTemplateBehavior [ RunTime:0.012662s ]
INFO: [ view_parse ] --END-- [ RunTime:0.012824s ]
INFO: [ view_filter ] --START--
INFO: Run Behavior\WriteHtmlCacheBehavior [ RunTime:0.000520s ]
INFO: [ view_filter ] --END-- [ RunTime:0.000669s ]
INFO: [ app_end ] --START--
INFO: Run Behavior\ShowPageTraceBehavior [ RunTime:0.000786s ]
INFO: [ app_end ] --END-- [ RunTime:0.000945s ]

[ 2017-07-25T16:43:37+08:00 ] 127.0.0.1 /index.php/Admin/User/edit/id/3
INFO: [ app_begin ] --START--
INFO: Run Behavior\ReadHtmlCacheBehavior [ RunTime:0.000988s ]
INFO: [ app_begin ] --END-- [ RunTime:0.001749s ]
SQL: SHOW COLUMNS FROM `admin` [ RunTime:0.0073s ]
SQL: SELECT * FROM `admin` WHERE `id` = 0 LIMIT 1   [ RunTime:0.0005s ]
INFO: [ view_parse ] --START--
INFO: [ template_filter ] --START--
INFO: Run Behavior\ContentReplaceBehavior [ RunTime:0.000159s ]
INFO: [ template_filter ] --END-- [ RunTime:0.000331s ]
NOTIC: [8] Undefined variable: menus F:\MyPHP\news\Application\Runtime\Cache\Admin\c5c8f88f4330c605468367c8bb60454a.php 第 72 行.
INFO: Run Behavior\ParseTemplateBehavior [ RunTime:0.013084s ]
INFO: [ view_parse ] --END-- [ RunTime:0.013293s ]
INFO: [ view_filter ] --START--
INFO: Run Behavior\WriteHtmlCacheBehavior [ RunTime:0.000559s ]
INFO: [ view_filter ] --END-- [ RunTime:0.000712s ]
INFO: [ app_end ] --START--
INFO: Run Behavior\ShowPageTraceBehavior [ RunTime:0.000835s ]
INFO: [ app_end ] --END-- [ RunTime:0.000995s ]

[ 2017-07-25T16:43:47+08:00 ] 127.0.0.1 /index.php/Admin/User/add
INFO: [ app_begin ] --START--
INFO: Run Behavior\ReadHtmlCacheBehavior [ RunTime:0.001433s ]
INFO: [ app_begin ] --END-- [ RunTime:0.002663s ]
NOTIC: [2] md5_file(229be39e04f960e46d8a64cadc8b4534e6bfc364): failed to open stream: No such file or directory F:\MyPHP\news\Application\Admin\Controller\UserController.class.php 第 20 行.
SQL: SHOW COLUMNS FROM `admin` [ RunTime:0.0077s ]
SQL: INSERT INTO `admin` (`username`,`password`,`createtime`,`visittime`) VALUES ('hahah','','1500972227','1500972227') [ RunTime:0.0878s ]

[ 2017-07-25T16:44:49+08:00 ] 127.0.0.1 /index.php/Admin/User/edit/id/4
INFO: [ app_begin ] --START--
INFO: Run Behavior\ReadHtmlCacheBehavior [ RunTime:0.000823s ]
INFO: [ app_begin ] --END-- [ RunTime:0.001589s ]
SQL: SHOW COLUMNS FROM `admin` [ RunTime:0.0099s ]
SQL: SELECT * FROM `admin` WHERE `id` = 0 LIMIT 1   [ RunTime:0.0006s ]
INFO: [ view_parse ] --START--
INFO: [ template_filter ] --START--
INFO: Run Behavior\ContentReplaceBehavior [ RunTime:0.000179s ]
INFO: [ template_filter ] --END-- [ RunTime:0.000446s ]
NOTIC: [8] Undefined variable: menus F:\MyPHP\news\Application\Runtime\Cache\Admin\c5c8f88f4330c605468367c8bb60454a.php 第 72 行.
INFO: Run Behavior\ParseTemplateBehavior [ RunTime:0.015147s ]
INFO: [ view_parse ] --END-- [ RunTime:0.015318s ]
INFO: [ view_filter ] --START--
INFO: Run Behavior\WriteHtmlCacheBehavior [ RunTime:0.001136s ]
INFO: [ view_filter ] --END-- [ RunTime:0.001363s ]
INFO: [ app_end ] --START--
INFO: Run Behavior\ShowPageTraceBehavior [ RunTime:0.001361s ]
INFO: [ app_end ] --END-- [ RunTime:0.001691s ]

[ 2017-07-25T16:44:51+08:00 ] 127.0.0.1 /index.php/Admin/User/edit/id/4
INFO: [ app_begin ] --START--
INFO: Run Behavior\ReadHtmlCacheBehavior [ RunTime:0.000771s ]
INFO: [ app_begin ] --END-- [ RunTime:0.001461s ]
SQL: SHOW COLUMNS FROM `admin` [ RunTime:0.0078s ]
SQL: SELECT * FROM `admin` WHERE `id` = 0 LIMIT 1   [ RunTime:0.0005s ]
INFO: [ view_parse ] --START--
INFO: [ template_filter ] --START--
INFO: Run Behavior\ContentReplaceBehavior [ RunTime:0.000157s ]
INFO: [ template_filter ] --END-- [ RunTime:0.000323s ]
NOTIC: [8] Undefined variable: menus F:\MyPHP\news\Application\Runtime\Cache\Admin\c5c8f88f4330c605468367c8bb60454a.php 第 72 行.
INFO: Run Behavior\ParseTemplateBehavior [ RunTime:0.013541s ]
INFO: [ view_parse ] --END-- [ RunTime:0.013804s ]
INFO: [ view_filter ] --START--
INFO: Run Behavior\WriteHtmlCacheBehavior [ RunTime:0.000633s ]
INFO: [ view_filter ] --END-- [ RunTime:0.000804s ]
INFO: [ app_end ] --START--
INFO: Run Behavior\ShowPageTraceBehavior [ RunTime:0.000782s ]
INFO: [ app_end ] --END-- [ RunTime:0.000941s ]

[ 2017-07-25T16:45:28+08:00 ] 127.0.0.1 /index.php/Admin/User/edit/id/4
INFO: [ app_begin ] --START--
INFO: Run Behavior\ReadHtmlCacheBehavior [ RunTime:0.001318s ]
INFO: [ app_begin ] --END-- [ RunTime:0.002408s ]
SQL: SHOW COLUMNS FROM `admin` [ RunTime:0.0093s ]
SQL: SELECT * FROM `admin` WHERE `id` = 0 LIMIT 1   [ RunTime:0.0005s ]

[ 2017-07-25T16:45:37+08:00 ] 127.0.0.1 /index.php/Admin/User/edit/id/4
INFO: [ app_begin ] --START--
INFO: Run Behavior\ReadHtmlCacheBehavior [ RunTime:0.001571s ]
INFO: [ app_begin ] --END-- [ RunTime:0.002754s ]
SQL: SHOW COLUMNS FROM `admin` [ RunTime:0.0118s ]
SQL: SELECT * FROM `admin` WHERE `id` = 0 LIMIT 1   [ RunTime:0.0008s ]

[ 2017-07-25T16:45:48+08:00 ] 127.0.0.1 /index.php/Admin/User/edit/id/1
INFO: [ app_begin ] --START--
INFO: Run Behavior\ReadHtmlCacheBehavior [ RunTime:0.001201s ]
INFO: [ app_begin ] --END-- [ RunTime:0.002341s ]
SQL: SHOW COLUMNS FROM `admin` [ RunTime:0.0084s ]
SQL: SELECT * FROM `admin` WHERE `id` = 0 LIMIT 1   [ RunTime:0.0006s ]

[ 2017-07-25T16:46:24+08:00 ] 127.0.0.1 /index.php/Admin/User/edit/id/1
INFO: [ app_begin ] --START--
INFO: Run Behavior\ReadHtmlCacheBehavior [ RunTime:0.000911s ]
INFO: [ app_begin ] --END-- [ RunTime:0.002006s ]
SQL: SHOW COLUMNS FROM `admin` [ RunTime:0.2513s ]
SQL: SELECT * FROM `admin` WHERE `id` = 1 LIMIT 1   [ RunTime:0.0007s ]
NOTIC: [2] md5_file(d033e22ae348aeb5660fc2140aec35850c4da997): failed to open stream: No such file or directory F:\MyPHP\news\Application\Admin\Controller\UserController.class.php 第 43 行.
ERR: 1146:La table 'cms.user' n'existe pas
 [ SQL语句 ] : SHOW COLUMNS FROM `user`
ERR: 1146:La table 'cms.user' n'existe pas
 [ SQL语句 ] : SHOW COLUMNS FROM `user`

[ 2017-07-25T16:46:38+08:00 ] 127.0.0.1 /index.php/Admin/User/edit/id/1
INFO: [ app_begin ] --START--
INFO: Run Behavior\ReadHtmlCacheBehavior [ RunTime:0.000952s ]
INFO: [ app_begin ] --END-- [ RunTime:0.001707s ]
SQL: SHOW COLUMNS FROM `admin` [ RunTime:0.0076s ]
SQL: SELECT * FROM `admin` WHERE `id` = 1 LIMIT 1   [ RunTime:0.0005s ]
NOTIC: [2] md5_file(d033e22ae348aeb5660fc2140aec35850c4da997): failed to open stream: No such file or directory F:\MyPHP\news\Application\Admin\Controller\UserController.class.php 第 43 行.
ERR: 1146:La table 'cms.user' n'existe pas
 [ SQL语句 ] : SHOW COLUMNS FROM `user`
ERR: 1146:La table 'cms.user' n'existe pas
 [ SQL语句 ] : SHOW COLUMNS FROM `user`

[ 2017-07-25T16:46:47+08:00 ] 127.0.0.1 /index.php/Admin/User/edit/id/1
INFO: [ app_begin ] --START--
INFO: Run Behavior\ReadHtmlCacheBehavior [ RunTime:0.000802s ]
INFO: [ app_begin ] --END-- [ RunTime:0.001547s ]
SQL: SHOW COLUMNS FROM `admin` [ RunTime:0.0103s ]
SQL: SELECT * FROM `admin` WHERE `id` = 1 LIMIT 1   [ RunTime:0.0005s ]
NOTIC: [2] md5_file(d033e22ae348aeb5660fc2140aec35850c4da997): failed to open stream: No such file or directory F:\MyPHP\news\Application\Admin\Controller\UserController.class.php 第 43 行.
ERR: 1146:La table 'cms.user' n'existe pas
 [ SQL语句 ] : SHOW COLUMNS FROM `user`
ERR: 1146:La table 'cms.user' n'existe pas
 [ SQL语句 ] : SHOW COLUMNS FROM `user`

[ 2017-07-25T16:48:27+08:00 ] 127.0.0.1 /index.php/Admin/User/edit/id/1
INFO: [ app_begin ] --START--
INFO: Run Behavior\ReadHtmlCacheBehavior [ RunTime:0.001553s ]
INFO: [ app_begin ] --END-- [ RunTime:0.002307s ]
SQL: SHOW COLUMNS FROM `admin` [ RunTime:0.0090s ]
SQL: SELECT * FROM `admin` WHERE `id` = 1 LIMIT 1   [ RunTime:0.0005s ]
NOTIC: [2] md5_file(d033e22ae348aeb5660fc2140aec35850c4da997): failed to open stream: No such file or directory F:\MyPHP\news\Application\Admin\Controller\UserController.class.php 第 43 行.
ERR: 1146:La table 'cms.user' n'existe pas
 [ SQL语句 ] : SHOW COLUMNS FROM `user`
ERR: 1146:La table 'cms.user' n'existe pas
 [ SQL语句 ] : SHOW COLUMNS FROM `user`

[ 2017-07-25T16:49:02+08:00 ] 127.0.0.1 /index.php/Admin/User/edit/id/1
INFO: [ app_begin ] --START--
INFO: Run Behavior\ReadHtmlCacheBehavior [ RunTime:0.000929s ]
INFO: [ app_begin ] --END-- [ RunTime:0.001665s ]
SQL: SHOW COLUMNS FROM `admin` [ RunTime:0.0070s ]
SQL: SELECT * FROM `admin` WHERE `id` = 1 LIMIT 1   [ RunTime:0.0005s ]
NOTIC: [2] md5_file(d033e22ae348aeb5660fc2140aec35850c4da997): failed to open stream: No such file or directory F:\MyPHP\news\Application\Admin\Controller\UserController.class.php 第 43 行.
ERR: 1146:La table 'cms.user' n'existe pas
 [ SQL语句 ] : SHOW COLUMNS FROM `user`
ERR: 1146:La table 'cms.user' n'existe pas
 [ SQL语句 ] : SHOW COLUMNS FROM `user`

[ 2017-07-25T16:50:03+08:00 ] 127.0.0.1 /index.php/Admin/User/edit/id/2
INFO: [ app_begin ] --START--
INFO: Run Behavior\ReadHtmlCacheBehavior [ RunTime:0.000840s ]
INFO: [ app_begin ] --END-- [ RunTime:0.001641s ]
SQL: SHOW COLUMNS FROM `admin` [ RunTime:0.0086s ]
SQL: SELECT * FROM `admin` WHERE `id` = 1 LIMIT 1   [ RunTime:0.0005s ]
NOTIC: [2] md5_file(d033e22ae348aeb5660fc2140aec35850c4da997): failed to open stream: No such file or directory F:\MyPHP\news\Application\Admin\Controller\UserController.class.php 第 43 行.
ERR: 1146:La table 'cms.user' n'existe pas
 [ SQL语句 ] : SHOW COLUMNS FROM `user`
ERR: 1146:La table 'cms.user' n'existe pas
 [ SQL语句 ] : SHOW COLUMNS FROM `user`

[ 2017-07-25T16:50:14+08:00 ] 127.0.0.1 /index.php/Admin/User/edit/id/1
INFO: [ app_begin ] --START--
INFO: Run Behavior\ReadHtmlCacheBehavior [ RunTime:0.000785s ]
INFO: [ app_begin ] --END-- [ RunTime:0.001544s ]
SQL: SHOW COLUMNS FROM `admin` [ RunTime:0.0071s ]
SQL: SELECT * FROM `admin` WHERE `id` = 1 LIMIT 1   [ RunTime:0.0005s ]
NOTIC: [2] md5_file(d033e22ae348aeb5660fc2140aec35850c4da997): failed to open stream: No such file or directory F:\MyPHP\news\Application\Admin\Controller\UserController.class.php 第 43 行.
ERR: 1146:La table 'cms.user' n'existe pas
 [ SQL语句 ] : SHOW COLUMNS FROM `user`
ERR: 1146:La table 'cms.user' n'existe pas
 [ SQL语句 ] : SHOW COLUMNS FROM `user`

[ 2017-07-25T16:50:58+08:00 ] 127.0.0.1 /index.php/Admin/User/edit/id/1
INFO: [ app_begin ] --START--
INFO: Run Behavior\ReadHtmlCacheBehavior [ RunTime:0.001744s ]
INFO: [ app_begin ] --END-- [ RunTime:0.003349s ]
SQL: SHOW COLUMNS FROM `admin` [ RunTime:0.0079s ]
SQL: SELECT * FROM `admin` WHERE `id` = 1 LIMIT 1   [ RunTime:0.0005s ]
NOTIC: [2] md5_file(d033e22ae348aeb5660fc2140aec35850c4da997): failed to open stream: No such file or directory F:\MyPHP\news\Application\Admin\Controller\UserController.class.php 第 43 行.
SQL: UPDATE `admin` SET `password`='' WHERE `id` = 1 [ RunTime:0.1323s ]

[ 2017-07-25T16:51:42+08:00 ] 127.0.0.1 /index.php/Admin/User/edit/id/1
INFO: [ app_begin ] --START--
INFO: Run Behavior\ReadHtmlCacheBehavior [ RunTime:0.001467s ]
INFO: [ app_begin ] --END-- [ RunTime:0.002535s ]
SQL: SHOW COLUMNS FROM `admin` [ RunTime:0.0092s ]
SQL: SELECT * FROM `admin` WHERE `id` = 1 LIMIT 1   [ RunTime:0.0005s ]
SQL: UPDATE `admin` SET `password`='0c7540eb7e65b553ec1ba6b20de79608' WHERE `id` = 1 [ RunTime:0.0849s ]

[ 2017-07-25T16:51:56+08:00 ] 127.0.0.1 /index.php/Admin/User/edit/id/4
INFO: [ app_begin ] --START--
INFO: Run Behavior\ReadHtmlCacheBehavior [ RunTime:0.000995s ]
INFO: [ app_begin ] --END-- [ RunTime:0.001778s ]
SQL: SHOW COLUMNS FROM `admin` [ RunTime:0.0106s ]
SQL: SELECT * FROM `admin` WHERE `id` = 4 LIMIT 1   [ RunTime:0.0006s ]
SQL: UPDATE `admin` SET `password`='d93a5def7511da3d0f2d171d9c344e91' WHERE `id` = 4 [ RunTime:0.0971s ]

[ 2017-07-25T16:52:57+08:00 ] 127.0.0.1 /index.php/Admin/User/del
INFO: [ app_begin ] --START--
INFO: Run Behavior\ReadHtmlCacheBehavior [ RunTime:0.000811s ]
INFO: [ app_begin ] --END-- [ RunTime:0.001548s ]
ERR: 1146:La table 'cms.user' n'existe pas
 [ SQL语句 ] : SHOW COLUMNS FROM `user`
ERR: 1146:La table 'cms.user' n'existe pas
 [ SQL语句 ] : SHOW COLUMNS FROM `user`

[ 2017-07-25T16:53:00+08:00 ] 127.0.0.1 /index.php/Admin/User/del
INFO: [ app_begin ] --START--
INFO: Run Behavior\ReadHtmlCacheBehavior [ RunTime:0.000799s ]
INFO: [ app_begin ] --END-- [ RunTime:0.001531s ]
ERR: 1146:La table 'cms.user' n'existe pas
 [ SQL语句 ] : SHOW COLUMNS FROM `user`
ERR: 1146:La table 'cms.user' n'existe pas
 [ SQL语句 ] : SHOW COLUMNS FROM `user`

[ 2017-07-25T17:43:33+08:00 ] 127.0.0.1 /index.php/Admin/Login/check
INFO: [ app_begin ] --START--
INFO: Run Behavior\ReadHtmlCacheBehavior [ RunTime:0.000935s ]
INFO: [ app_begin ] --END-- [ RunTime:0.001676s ]
SQL: SHOW COLUMNS FROM `admin` [ RunTime:0.0078s ]
NOTIC: [8] Use of undefined constant username - assumed 'username' F:\MyPHP\news\Application\Admin\Controller\LoginController.class.php 第 12 行.
NOTIC: [8] Use of undefined constant password - assumed 'password' F:\MyPHP\news\Application\Admin\Controller\LoginController.class.php 第 15 行.
SQL: SELECT * FROM `admin` WHERE `username` = 'admin' LIMIT 1   [ RunTime:0.0005s ]

[ 2017-07-25T17:43:47+08:00 ] 127.0.0.1 /index.php/Admin/User/edit/id/3
INFO: [ app_begin ] --START--
INFO: Run Behavior\ReadHtmlCacheBehavior [ RunTime:0.001925s ]
INFO: [ app_begin ] --END-- [ RunTime:0.003944s ]
SQL: SHOW COLUMNS FROM `admin` [ RunTime:0.0085s ]
SQL: SELECT * FROM `admin` WHERE `id` = 3 LIMIT 1   [ RunTime:0.0005s ]
SQL: UPDATE `admin` SET `password`='d93a5def7511da3d0f2d171d9c344e91' WHERE `id` = 3 [ RunTime:0.1170s ]

[ 2017-07-25T17:44:05+08:00 ] 127.0.0.1 /index.php/Admin/Login/check
INFO: [ app_begin ] --START--
INFO: Run Behavior\ReadHtmlCacheBehavior [ RunTime:0.001030s ]
INFO: [ app_begin ] --END-- [ RunTime:0.001991s ]
SQL: SHOW COLUMNS FROM `admin` [ RunTime:0.0082s ]
NOTIC: [8] Use of undefined constant username - assumed 'username' F:\MyPHP\news\Application\Admin\Controller\LoginController.class.php 第 12 行.
NOTIC: [8] Use of undefined constant password - assumed 'password' F:\MyPHP\news\Application\Admin\Controller\LoginController.class.php 第 15 行.
SQL: SELECT * FROM `admin` WHERE `username` = 'doge' LIMIT 1   [ RunTime:0.0007s ]

[ 2017-07-25T17:44:11+08:00 ] 127.0.0.1 /index.php/Admin/Login/check
INFO: [ app_begin ] --START--
INFO: Run Behavior\ReadHtmlCacheBehavior [ RunTime:0.000777s ]
INFO: [ app_begin ] --END-- [ RunTime:0.001469s ]
SQL: SHOW COLUMNS FROM `admin` [ RunTime:0.0086s ]
NOTIC: [8] Use of undefined constant username - assumed 'username' F:\MyPHP\news\Application\Admin\Controller\LoginController.class.php 第 12 行.
NOTIC: [8] Use of undefined constant password - assumed 'password' F:\MyPHP\news\Application\Admin\Controller\LoginController.class.php 第 15 行.
SQL: SELECT * FROM `admin` WHERE `username` = 'doge' LIMIT 1   [ RunTime:0.0006s ]

[ 2017-07-25T18:14:24+08:00 ] 127.0.0.1 /index.php/Admin/Locamain/edit/id/70
INFO: [ app_begin ] --START--
INFO: Run Behavior\ReadHtmlCacheBehavior [ RunTime:0.000817s ]
INFO: [ app_begin ] --END-- [ RunTime:0.001508s ]
SQL: SHOW COLUMNS FROM `locapush` [ RunTime:0.0080s ]
SQL: SELECT * FROM `locapush` WHERE `id` = 0 LIMIT 1   [ RunTime:0.0006s ]
SQL: SHOW COLUMNS FROM `located` [ RunTime:0.0075s ]
SQL: SELECT * FROM `located`  [ RunTime:0.0005s ]

[ 2017-07-25T18:15:28+08:00 ] 127.0.0.1 /index.php/Admin/Locamain/edit/id/70
INFO: [ app_begin ] --START--
INFO: Run Behavior\ReadHtmlCacheBehavior [ RunTime:0.001076s ]
INFO: [ app_begin ] --END-- [ RunTime:0.001969s ]
SQL: SHOW COLUMNS FROM `locapush` [ RunTime:0.0090s ]
SQL: SELECT * FROM `locapush` WHERE `id` = 70 LIMIT 1   [ RunTime:0.0005s ]
SQL: SHOW COLUMNS FROM `located` [ RunTime:0.0071s ]
SQL: SELECT * FROM `located`  [ RunTime:0.0005s ]
SQL: SHOW COLUMNS FROM `menu` [ RunTime:0.0072s ]
SQL: UPDATE `menu` SET `name`='文章排行' WHERE `id` = 70 [ RunTime:0.0006s ]

[ 2017-07-25T18:18:23+08:00 ] 127.0.0.1 /index.php/Admin/Locamain/edit/id/70
INFO: [ app_begin ] --START--
INFO: Run Behavior\ReadHtmlCacheBehavior [ RunTime:0.000763s ]
INFO: [ app_begin ] --END-- [ RunTime:0.001448s ]
SQL: SHOW COLUMNS FROM `locapush` [ RunTime:0.0080s ]
SQL: SELECT * FROM `locapush` WHERE `id` = 70 LIMIT 1   [ RunTime:0.0005s ]
SQL: SHOW COLUMNS FROM `located` [ RunTime:0.0071s ]
SQL: SELECT * FROM `located`  [ RunTime:0.0004s ]

[ 2017-07-25T18:18:26+08:00 ] 127.0.0.1 /index.php/Admin/Locamain/edit/id/70
INFO: [ app_begin ] --START--
INFO: Run Behavior\ReadHtmlCacheBehavior [ RunTime:0.000768s ]
INFO: [ app_begin ] --END-- [ RunTime:0.001449s ]
SQL: SHOW COLUMNS FROM `locapush` [ RunTime:0.0077s ]
SQL: SELECT * FROM `locapush` WHERE `id` = 70 LIMIT 1   [ RunTime:0.0005s ]
SQL: SHOW COLUMNS FROM `located` [ RunTime:0.0070s ]
SQL: SELECT * FROM `located`  [ RunTime:0.0004s ]

[ 2017-07-25T18:23:22+08:00 ] 127.0.0.1 /index.php/Admin/Locamain/edit/id/70
INFO: [ app_begin ] --START--
INFO: Run Behavior\ReadHtmlCacheBehavior [ RunTime:0.001144s ]
INFO: [ app_begin ] --END-- [ RunTime:0.002193s ]
SQL: SHOW COLUMNS FROM `locapush` [ RunTime:0.0088s ]
SQL: SELECT * FROM `locapush` WHERE `id` = 70 LIMIT 1   [ RunTime:0.0005s ]
SQL: SHOW COLUMNS FROM `located` [ RunTime:0.0073s ]
SQL: SELECT * FROM `located`  [ RunTime:0.0005s ]
SQL: UPDATE `locapush` SET `loca_id`='3' WHERE `id` = 70 [ RunTime:0.1376s ]

[ 2017-07-25T18:23:28+08:00 ] 127.0.0.1 /index.php/Admin/Locamain/edit/id/70
INFO: [ app_begin ] --START--
INFO: Run Behavior\ReadHtmlCacheBehavior [ RunTime:0.000768s ]
INFO: [ app_begin ] --END-- [ RunTime:0.001451s ]
SQL: SHOW COLUMNS FROM `locapush` [ RunTime:0.0082s ]
SQL: SELECT * FROM `locapush` WHERE `id` = 70 LIMIT 1   [ RunTime:0.0005s ]
SQL: SHOW COLUMNS FROM `located` [ RunTime:0.0070s ]
SQL: SELECT * FROM `located`  [ RunTime:0.0004s ]
SQL: UPDATE `locapush` SET `loca_id`='6' WHERE `id` = 70 [ RunTime:0.1076s ]

[ 2017-07-25T18:24:08+08:00 ] 127.0.0.1 /index.php/Admin/Menu/add
INFO: [ app_begin ] --START--
INFO: Run Behavior\ReadHtmlCacheBehavior [ RunTime:0.000763s ]
INFO: [ app_begin ] --END-- [ RunTime:0.001450s ]
SQL: SHOW COLUMNS FROM `menu` [ RunTime:0.0073s ]
SQL: INSERT INTO `menu` (`name`,`status`) VALUES ('ceshi','1') [ RunTime:0.0813s ]

[ 2017-07-25T18:24:13+08:00 ] 127.0.0.1 /index.php/Admin/Menu/edit/id/37
INFO: [ app_begin ] --START--
INFO: Run Behavior\ReadHtmlCacheBehavior [ RunTime:0.000780s ]
INFO: [ app_begin ] --END-- [ RunTime:0.001475s ]
SQL: SHOW COLUMNS FROM `menu` [ RunTime:0.0100s ]
SQL: SELECT * FROM `menu` WHERE `id` = 37 LIMIT 1   [ RunTime:0.0005s ]
SQL: UPDATE `menu` SET `name`='ceshi1' WHERE `id` = 37 [ RunTime:0.1015s ]

[ 2017-07-25T18:24:17+08:00 ] 127.0.0.1 /index.php/Admin/Menu/del
INFO: [ app_begin ] --START--
INFO: Run Behavior\ReadHtmlCacheBehavior [ RunTime:0.000768s ]
INFO: [ app_begin ] --END-- [ RunTime:0.001456s ]
SQL: SHOW COLUMNS FROM `menu` [ RunTime:0.0069s ]
SQL: DELETE FROM `menu` WHERE `id` = 37 [ RunTime:0.0939s ]

[ 2017-07-25T18:24:27+08:00 ] 127.0.0.1 /index.php/Admin/Located/add
INFO: [ app_begin ] --START--
INFO: Run Behavior\ReadHtmlCacheBehavior [ RunTime:0.000777s ]
INFO: [ app_begin ] --END-- [ RunTime:0.001485s ]
SQL: SHOW COLUMNS FROM `located` [ RunTime:0.0072s ]
SQL: INSERT INTO `located` (`name`,`status`) VALUES ('sss','1') [ RunTime:0.0670s ]

[ 2017-07-25T18:24:32+08:00 ] 127.0.0.1 /index.php/Admin/Located/edit/id/7
INFO: [ app_begin ] --START--
INFO: Run Behavior\ReadHtmlCacheBehavior [ RunTime:0.000807s ]
INFO: [ app_begin ] --END-- [ RunTime:0.001508s ]
SQL: SHOW COLUMNS FROM `located` [ RunTime:0.0100s ]
SQL: SELECT * FROM `located` WHERE `id` = 7 LIMIT 1   [ RunTime:0.0005s ]
SQL: UPDATE `located` SET `name`='ssss' WHERE `id` = 7 [ RunTime:0.0681s ]

[ 2017-07-25T18:24:36+08:00 ] 127.0.0.1 /index.php/Admin/Located/del
INFO: [ app_begin ] --START--
INFO: Run Behavior\ReadHtmlCacheBehavior [ RunTime:0.000768s ]
INFO: [ app_begin ] --END-- [ RunTime:0.001450s ]
SQL: SHOW COLUMNS FROM `located` [ RunTime:0.0069s ]
SQL: DELETE FROM `located` WHERE `id` = 7 [ RunTime:0.0667s ]

[ 2017-07-25T18:24:44+08:00 ] 127.0.0.1 /index.php/Admin/Locamain/del
INFO: [ app_begin ] --START--
INFO: Run Behavior\ReadHtmlCacheBehavior [ RunTime:0.000761s ]
INFO: [ app_begin ] --END-- [ RunTime:0.001492s ]
SQL: SHOW COLUMNS FROM `locapush` [ RunTime:0.0075s ]
SQL: DELETE FROM `locapush` WHERE `id` = 70 [ RunTime:0.1056s ]

[ 2017-07-25T18:24:59+08:00 ] 127.0.0.1 /index.php/Admin/Locamain/dels
INFO: [ app_begin ] --START--
INFO: Run Behavior\ReadHtmlCacheBehavior [ RunTime:0.001042s ]
INFO: [ app_begin ] --END-- [ RunTime:0.001809s ]
SQL: SHOW COLUMNS FROM `locapush` [ RunTime:0.0074s ]
SQL: DELETE FROM `locapush` WHERE `id` IN ('64','63') [ RunTime:0.1480s ]

[ 2017-07-25T18:25:27+08:00 ] 127.0.0.1 /index.php/Admin/Content/push
INFO: [ app_begin ] --START--
INFO: Run Behavior\ReadHtmlCacheBehavior [ RunTime:0.000767s ]
INFO: [ app_begin ] --END-- [ RunTime:0.001589s ]
SQL: SHOW COLUMNS FROM `locapush` [ RunTime:0.0482s ]
SQL: SELECT * FROM `locapush` WHERE `loca_id` = 6 AND `con_id` = 17 LIMIT 1   [ RunTime:0.0006s ]
SQL: INSERT INTO `locapush` (`loca_id`,`time`,`con_id`) VALUES ('6','1500978327','17') [ RunTime:0.1177s ]

[ 2017-07-25T18:25:48+08:00 ] 127.0.0.1 /index.php/Admin/Content/push
INFO: [ app_begin ] --START--
INFO: Run Behavior\ReadHtmlCacheBehavior [ RunTime:0.000756s ]
INFO: [ app_begin ] --END-- [ RunTime:0.001438s ]
SQL: SHOW COLUMNS FROM `locapush` [ RunTime:0.0073s ]
SQL: SELECT * FROM `locapush` WHERE `loca_id` = 5 AND `con_id` = 37 LIMIT 1   [ RunTime:0.0005s ]
SQL: INSERT INTO `locapush` (`loca_id`,`time`,`con_id`) VALUES ('5','1500978348','37') [ RunTime:0.1114s ]
SQL: SELECT * FROM `locapush` WHERE `loca_id` = 5 AND `con_id` = 36 LIMIT 1   [ RunTime:0.0005s ]
SQL: INSERT INTO `locapush` (`loca_id`,`time`,`con_id`) VALUES ('5','1500978348','36') [ RunTime:0.0419s ]
SQL: SELECT * FROM `locapush` WHERE `loca_id` = 5 AND `con_id` = 35 LIMIT 1   [ RunTime:0.0005s ]
SQL: INSERT INTO `locapush` (`loca_id`,`time`,`con_id`) VALUES ('5','1500978348','35') [ RunTime:0.0647s ]

[ 2017-07-25T18:34:33+08:00 ] 127.0.0.1 /index.php/Admin/Content/dels
INFO: [ app_begin ] --START--
INFO: Run Behavior\ReadHtmlCacheBehavior [ RunTime:0.001060s ]
INFO: [ app_begin ] --END-- [ RunTime:0.001921s ]
SQL: SHOW COLUMNS FROM `content` [ RunTime:0.0375s ]
SQL: DELETE FROM `content` WHERE `id` IN ('37','36','35') [ RunTime:0.7636s ]

[ 2017-07-25T18:34:39+08:00 ] 127.0.0.1 /index.php/Admin/Content/dels
INFO: [ app_begin ] --START--
INFO: Run Behavior\ReadHtmlCacheBehavior [ RunTime:0.000768s ]
INFO: [ app_begin ] --END-- [ RunTime:0.001485s ]
SQL: SHOW COLUMNS FROM `content` [ RunTime:0.1051s ]
SQL: DELETE FROM `content` WHERE `id` IN ('34','33','32') [ RunTime:0.1138s ]

[ 2017-07-25T18:34:43+08:00 ] 127.0.0.1 /index.php/Admin/Content/dels
INFO: [ app_begin ] --START--
INFO: Run Behavior\ReadHtmlCacheBehavior [ RunTime:0.000809s ]
INFO: [ app_begin ] --END-- [ RunTime:0.001518s ]
SQL: SHOW COLUMNS FROM `content` [ RunTime:0.0079s ]
SQL: DELETE FROM `content` WHERE `id` IN ('31','30','29') [ RunTime:0.1035s ]

[ 2017-07-25T18:34:48+08:00 ] 127.0.0.1 /index.php/Admin/Content/dels
INFO: [ app_begin ] --START--
INFO: Run Behavior\ReadHtmlCacheBehavior [ RunTime:0.000815s ]
INFO: [ app_begin ] --END-- [ RunTime:0.001760s ]
SQL: SHOW COLUMNS FROM `content` [ RunTime:0.0079s ]
SQL: DELETE FROM `content` WHERE `id` IN ('28','27','26') [ RunTime:0.0924s ]

[ 2017-07-25T18:37:03+08:00 ] 127.0.0.1 /index.php/Admin/Content/add
INFO: [ app_begin ] --START--
INFO: Run Behavior\ReadHtmlCacheBehavior [ RunTime:0.001019s ]
INFO: [ app_begin ] --END-- [ RunTime:0.002039s ]
SQL: SHOW COLUMNS FROM `menu` [ RunTime:0.0279s ]
SQL: SELECT * FROM `menu` WHERE `status` = 1  [ RunTime:0.0006s ]
SQL: SHOW COLUMNS FROM `content` [ RunTime:0.0072s ]
SQL: INSERT INTO `content` (`artname`,`desc`,`cate_id`,`content`,`status`,`creattime`,`updatetime`) VALUES ('基于物联网的智能照明系统功能解析','随着科技的发展，基于网络的智能家居的概念已经逐渐取代传统的家居行业，本论文通过理论和实践相结合','17','&lt;p style=&quot;text-indent:28px;line-height:150%&quot;&gt;&lt;span style=&quot;;font-family:宋体;font-size:14px&quot;&gt;&lt;span style=&quot;font-family:宋体&quot;&gt;十年前，网络还是个新鲜的事物，十年后的今天，互联网生活已经全方面进入了人们的生活，在自动化与智能技术日趋成熟的今天，智能家居必然是人们今后的生活必需，本文主要研究对象为智能家居中占重要位置的智能照明系统，它在同一场合，针对不同的时段，不同的目的，用户对照明的差异需求，对照明系统进行智能控制，系统所要达到的目的是节能，方便，高效，安全。采用&lt;/span&gt;“物联网&lt;span style=&quot;font-family:Calibri&quot;&gt;+&lt;/span&gt;&lt;span style=&quot;font-family:宋体&quot;&gt;照明”的模式运行，为灯具装上感应器，采用&lt;/span&gt;&lt;span style=&quot;font-family:Calibri&quot;&gt;ZigBee&lt;/span&gt;&lt;span style=&quot;font-family:宋体&quot;&gt;技术构建局域网，继而连接物联网，可发挥数据传输功能，灯光调节功能等，适用于家居、办公、摄影、交通，以至智能城市层面，改善日常生活。&lt;/span&gt;&lt;/span&gt;&lt;/p&gt;&lt;p&gt;&lt;br/&gt;&lt;/p&gt;','1','17','17') [ RunTime:0.1446s ]

[ 2017-07-25T18:37:08+08:00 ] 127.0.0.1 /index.php/Admin/Content/add
INFO: [ app_begin ] --START--
INFO: Run Behavior\ReadHtmlCacheBehavior [ RunTime:0.000764s ]
INFO: [ app_begin ] --END-- [ RunTime:0.001485s ]
SQL: SHOW COLUMNS FROM `menu` [ RunTime:0.0075s ]
SQL: SELECT * FROM `menu` WHERE `status` = 1  [ RunTime:0.0005s ]
SQL: SHOW COLUMNS FROM `content` [ RunTime:0.0083s ]
SQL: INSERT INTO `content` (`artname`,`desc`,`cate_id`,`content`,`status`,`creattime`,`updatetime`) VALUES ('基于物联网的智能照明系统功能解析','随着科技的发展，基于网络的智能家居的概念已经逐渐取代传统的家居行业，本论文通过理论和实践相结合','17','&lt;p style=&quot;text-indent:28px;line-height:150%&quot;&gt;&lt;span style=&quot;;font-family:宋体;font-size:14px&quot;&gt;&lt;span style=&quot;font-family:宋体&quot;&gt;十年前，网络还是个新鲜的事物，十年后的今天，互联网生活已经全方面进入了人们的生活，在自动化与智能技术日趋成熟的今天，智能家居必然是人们今后的生活必需，本文主要研究对象为智能家居中占重要位置的智能照明系统，它在同一场合，针对不同的时段，不同的目的，用户对照明的差异需求，对照明系统进行智能控制，系统所要达到的目的是节能，方便，高效，安全。采用&lt;/span&gt;“物联网&lt;span style=&quot;font-family:Calibri&quot;&gt;+&lt;/span&gt;&lt;span style=&quot;font-family:宋体&quot;&gt;照明”的模式运行，为灯具装上感应器，采用&lt;/span&gt;&lt;span style=&quot;font-family:Calibri&quot;&gt;ZigBee&lt;/span&gt;&lt;span style=&quot;font-family:宋体&quot;&gt;技术构建局域网，继而连接物联网，可发挥数据传输功能，灯光调节功能等，适用于家居、办公、摄影、交通，以至智能城市层面，改善日常生活。&lt;/span&gt;&lt;/span&gt;&lt;/p&gt;&lt;p&gt;&lt;br/&gt;&lt;/p&gt;','1','17','17') [ RunTime:0.1296s ]

[ 2017-07-25T18:37:18+08:00 ] 127.0.0.1 /index.php/Admin/Content/add
INFO: [ app_begin ] --START--
INFO: Run Behavior\ReadHtmlCacheBehavior [ RunTime:0.000789s ]
INFO: [ app_begin ] --END-- [ RunTime:0.001558s ]
SQL: SHOW COLUMNS FROM `menu` [ RunTime:0.0293s ]
SQL: SELECT * FROM `menu` WHERE `status` = 1  [ RunTime:0.0006s ]
SQL: SHOW COLUMNS FROM `content` [ RunTime:0.0076s ]
SQL: INSERT INTO `content` (`artname`,`desc`,`cate_id`,`content`,`status`,`creattime`,`updatetime`) VALUES ('基于物联网的智能照明系统功能解析','随着科技的发展，基于网络的智能家居的概念已经逐渐取代传统的家居行业，本论文通过理论和实践相结合','17','&lt;p style=&quot;text-indent:28px;line-height:150%&quot;&gt;&lt;span style=&quot;;font-family:宋体;font-size:14px&quot;&gt;&lt;span style=&quot;font-family:宋体&quot;&gt;十年前，网络还是个新鲜的事物，十年后的今天，互联网生活已经全方面进入了人们的生活，在自动化与智能技术日趋成熟的今天，智能家居必然是人们今后的生活必需，本文主要研究对象为智能家居中占重要位置的智能照明系统，它在同一场合，针对不同的时段，不同的目的，用户对照明的差异需求，对照明系统进行智能控制，系统所要达到的目的是节能，方便，高效，安全。采用&lt;/span&gt;“物联网&lt;span style=&quot;font-family:Calibri&quot;&gt;+&lt;/span&gt;&lt;span style=&quot;font-family:宋体&quot;&gt;照明”的模式运行，为灯具装上感应器，采用&lt;/span&gt;&lt;span style=&quot;font-family:Calibri&quot;&gt;ZigBee&lt;/span&gt;&lt;span style=&quot;font-family:宋体&quot;&gt;技术构建局域网，继而连接物联网，可发挥数据传输功能，灯光调节功能等，适用于家居、办公、摄影、交通，以至智能城市层面，改善日常生活。&lt;/span&gt;&lt;/span&gt;&lt;/p&gt;&lt;p&gt;&lt;br/&gt;&lt;/p&gt;','1','17','17') [ RunTime:0.1074s ]

[ 2017-07-25T18:37:25+08:00 ] 127.0.0.1 /index.php/Admin/Content/add
INFO: [ app_begin ] --START--
INFO: Run Behavior\ReadHtmlCacheBehavior [ RunTime:0.000818s ]
INFO: [ app_begin ] --END-- [ RunTime:0.001592s ]
SQL: SHOW COLUMNS FROM `menu` [ RunTime:0.0075s ]
SQL: SELECT * FROM `menu` WHERE `status` = 1  [ RunTime:0.0005s ]
SQL: SHOW COLUMNS FROM `content` [ RunTime:0.0140s ]
SQL: INSERT INTO `content` (`artname`,`desc`,`cate_id`,`content`,`status`,`creattime`,`updatetime`) VALUES ('基于物联网的智能照明系统功能解析','随着科技的发展，基于网络的智能家居的概念已经逐渐取代传统的家居行业，本论文通过理论和实践相结合','17','&lt;p style=&quot;text-indent:28px;line-height:150%&quot;&gt;&lt;span style=&quot;;font-family:宋体;font-size:14px&quot;&gt;&lt;span style=&quot;font-family:宋体&quot;&gt;十年前，网络还是个新鲜的事物，十年后的今天，互联网生活已经全方面进入了人们的生活，在自动化与智能技术日趋成熟的今天，智能家居必然是人们今后的生活必需，本文主要研究对象为智能家居中占重要位置的智能照明系统，它在同一场合，针对不同的时段，不同的目的，用户对照明的差异需求，对照明系统进行智能控制，系统所要达到的目的是节能，方便，高效，安全。采用&lt;/span&gt;“物联网&lt;span style=&quot;font-family:Calibri&quot;&gt;+&lt;/span&gt;&lt;span style=&quot;font-family:宋体&quot;&gt;照明”的模式运行，为灯具装上感应器，采用&lt;/span&gt;&lt;span style=&quot;font-family:Calibri&quot;&gt;ZigBee&lt;/span&gt;&lt;span style=&quot;font-family:宋体&quot;&gt;技术构建局域网，继而连接物联网，可发挥数据传输功能，灯光调节功能等，适用于家居、办公、摄影、交通，以至智能城市层面，改善日常生活。&lt;/span&gt;&lt;/span&gt;&lt;/p&gt;&lt;p&gt;&lt;br/&gt;&lt;/p&gt;','1','17','17') [ RunTime:0.1379s ]

[ 2017-07-25T18:38:56+08:00 ] 127.0.0.1 /index.php/Admin/Content/add
INFO: [ app_begin ] --START--
INFO: Run Behavior\ReadHtmlCacheBehavior [ RunTime:0.000795s ]
INFO: [ app_begin ] --END-- [ RunTime:0.001660s ]
SQL: SHOW COLUMNS FROM `menu` [ RunTime:0.0068s ]
SQL: SELECT * FROM `menu` WHERE `status` = 1  [ RunTime:0.0005s ]
SQL: SHOW COLUMNS FROM `content` [ RunTime:0.0075s ]
SQL: INSERT INTO `content` (`artname`,`desc`,`cate_id`,`content`,`status`,`creattime`,`updatetime`) VALUES ('基于物联网的智能照明系统功能解析','随着科技的发展，基于网络的智能家居的概念已经逐渐取代传统的家居行业，本论文通过理论和实践相结合','17','&lt;p style=&quot;text-indent:28px;line-height:150%&quot;&gt;&lt;span style=&quot;;font-family:宋体;font-size:14px&quot;&gt;&lt;span style=&quot;font-family:宋体&quot;&gt;十年前，网络还是个新鲜的事物，十年后的今天，互联网生活已经全方面进入了人们的生活，在自动化与智能技术日趋成熟的今天，智能家居必然是人们今后的生活必需，本文主要研究对象为智能家居中占重要位置的智能照明系统，它在同一场合，针对不同的时段，不同的目的，用户对照明的差异需求，对照明系统进行智能控制，系统所要达到的目的是节能，方便，高效，安全。采用&lt;/span&gt;“物联网&lt;span style=&quot;font-family:Calibri&quot;&gt;+&lt;/span&gt;&lt;span style=&quot;font-family:宋体&quot;&gt;照明”的模式运行，为灯具装上感应器，采用&lt;/span&gt;&lt;span style=&quot;font-family:Calibri&quot;&gt;ZigBee&lt;/span&gt;&lt;span style=&quot;font-family:宋体&quot;&gt;技术构建局域网，继而连接物联网，可发挥数据传输功能，灯光调节功能等，适用于家居、办公、摄影、交通，以至智能城市层面，改善日常生活。&lt;/span&gt;&lt;/span&gt;&lt;/p&gt;&lt;p&gt;&lt;br/&gt;&lt;/p&gt;','1','17','17') [ RunTime:0.0783s ]

[ 2017-07-25T18:39:09+08:00 ] 127.0.0.1 /index.php/Admin/Content/dels
INFO: [ app_begin ] --START--
INFO: Run Behavior\ReadHtmlCacheBehavior [ RunTime:0.000931s ]
INFO: [ app_begin ] --END-- [ RunTime:0.001671s ]
SQL: SHOW COLUMNS FROM `content` [ RunTime:0.0087s ]
SQL: DELETE FROM `content` WHERE `id` IN ('42','41','40') [ RunTime:0.1167s ]

[ 2017-07-25T18:39:15+08:00 ] 127.0.0.1 /index.php/Admin/Content/dels
INFO: [ app_begin ] --START--
INFO: Run Behavior\ReadHtmlCacheBehavior [ RunTime:0.000807s ]
INFO: [ app_begin ] --END-- [ RunTime:0.001520s ]
SQL: SHOW COLUMNS FROM `content` [ RunTime:0.0551s ]
SQL: DELETE FROM `content` WHERE `id` = 38 [ RunTime:0.0852s ]

[ 2017-07-25T18:40:15+08:00 ] 127.0.0.1 /index.php/Admin/Content/add
INFO: [ app_begin ] --START--
INFO: Run Behavior\ReadHtmlCacheBehavior [ RunTime:0.000800s ]
INFO: [ app_begin ] --END-- [ RunTime:0.001503s ]
SQL: SHOW COLUMNS FROM `menu` [ RunTime:0.0490s ]
SQL: SELECT * FROM `menu` WHERE `status` = 1  [ RunTime:0.0006s ]
SQL: SHOW COLUMNS FROM `content` [ RunTime:0.0070s ]
SQL: INSERT INTO `content` (`artname`,`desc`,`cate_id`,`content`,`status`,`creattime`,`updatetime`) VALUES ('理论与实践意义','一方面，智能灯具系统加上了物联网的概念，在物联网环境下，室外成员可以利用上网工具例如手机等通过连接互联网，对照明系统下的照明工具进行远程操作，利用情景感知技术提供一种人与家居、环境的自然交互[1]，显而可见，基于物联网的智能照明系统必将为用户带来全新的生活方式，成为未来室内生活的主角。','17','&lt;p style=&quot;text-indent:28px;line-height:150%&quot;&gt;&lt;span style=&quot;;font-family:宋体;font-size:14px&quot;&gt;&lt;span style=&quot;font-family:宋体&quot;&gt;另一方面，区别于传统灯具的不安全性，功率消耗大，光亮固定化，智慧灯具系统完全改变了此格局，加上传感器预警危机，实现特定场合亮度控制减少功率消耗，还能保护眼睛，可用网络操控等特点，给用户带来方便及安全，智能照明的出现，为&lt;/span&gt;LED&lt;span style=&quot;font-family:宋体&quot;&gt;市场提供了良好的发展趋势和技术平台&lt;/span&gt;&lt;/span&gt;&lt;sup&gt;&lt;span style=&quot;;font-family:宋体;line-height:150%;font-size:19px;vertical-align:super&quot;&gt;[1]&lt;/span&gt;&lt;/sup&gt;&lt;span style=&quot;;font-family:宋体;font-size:14px&quot;&gt;&lt;span style=&quot;font-family:宋体&quot;&gt;，也为人类生活创造了更加环保，节能，舒适，安全，绿色的生活环境。&lt;/span&gt;&lt;/span&gt;&lt;/p&gt;&lt;p&gt;&lt;br/&gt;&lt;/p&gt;','1','17','17') [ RunTime:0.1083s ]

[ 2017-07-25T18:40:47+08:00 ] 127.0.0.1 /index.php/Admin/Content/add
INFO: [ app_begin ] --START--
INFO: Run Behavior\ReadHtmlCacheBehavior [ RunTime:0.000766s ]
INFO: [ app_begin ] --END-- [ RunTime:0.001515s ]
SQL: SHOW COLUMNS FROM `menu` [ RunTime:0.0512s ]
SQL: SELECT * FROM `menu` WHERE `status` = 1  [ RunTime:0.0005s ]
SQL: SHOW COLUMNS FROM `content` [ RunTime:0.0078s ]
SQL: INSERT INTO `content` (`artname`,`desc`,`cate_id`,`content`,`status`,`creattime`,`updatetime`) VALUES ('国内外研究现状','目前灯具科技的发展，LED灯具成为目前灯具市场的主力军，但智能化的家居产品技术在全球也只有少数公司企业掌握，除了上游的国际品牌，在国内没有一个LED照明品牌有领','17','&lt;p style=&quot;text-indent:28px;line-height:150%&quot;&gt;&lt;span style=&quot;;font-family:宋体;font-size:14px&quot;&gt;&lt;span style=&quot;font-family:宋体&quot;&gt;先地位和创新技术，在中国内地，用户仍局限于传统灯具，手动开关，固定亮度，只唯一突破了传感功能，相对于国外以及国内沿海城市&lt;/span&gt;LED&lt;span style=&quot;font-family:宋体&quot;&gt;显示市场发展滞后很多。&lt;/span&gt;&lt;/span&gt;&lt;/p&gt;&lt;p style=&quot;text-indent:28px;line-height:150%&quot;&gt;&lt;span style=&quot;;font-family:宋体;font-size:14px&quot;&gt;&lt;span style=&quot;font-family:宋体&quot;&gt;随着社会对智能化要求的提高，&lt;/span&gt;LED&lt;span style=&quot;font-family:宋体&quot;&gt;市场正在寻求与物联网融合，两者优势互补形成有效的市场环境。&lt;/span&gt;&lt;/span&gt;&lt;/p&gt;&lt;p&gt;&lt;br/&gt;&lt;/p&gt;','0','17','17') [ RunTime:0.0970s ]

[ 2017-07-25T18:40:53+08:00 ] 127.0.0.1 /index.php/Admin/Content/status
INFO: [ app_begin ] --START--
INFO: Run Behavior\ReadHtmlCacheBehavior [ RunTime:0.000764s ]
INFO: [ app_begin ] --END-- [ RunTime:0.001454s ]
SQL: SHOW COLUMNS FROM `content` [ RunTime:0.0080s ]
SQL: UPDATE `content` SET `status`='1' WHERE `id` = 44 [ RunTime:0.1044s ]

[ 2017-07-25T18:41:25+08:00 ] 127.0.0.1 /index.php/Admin/Content/add
INFO: [ app_begin ] --START--
INFO: Run Behavior\ReadHtmlCacheBehavior [ RunTime:0.000931s ]
INFO: [ app_begin ] --END-- [ RunTime:0.001677s ]
SQL: SHOW COLUMNS FROM `menu` [ RunTime:0.0138s ]
SQL: SELECT * FROM `menu` WHERE `status` = 1  [ RunTime:0.0006s ]
SQL: SHOW COLUMNS FROM `content` [ RunTime:0.0072s ]
SQL: INSERT INTO `content` (`artname`,`desc`,`cate_id`,`content`,`status`,`creattime`,`updatetime`) VALUES ('智能控制系统的优势','和传统照明相比较，智能照明很大的改善了传统照明的缺点，并且添加了许多功能，给予用户更好的生活方式，更舒适的生活条件，智能照明系统拥有以下优势：','17','&lt;p style=&quot;margin-left:28px;line-height:150%&quot;&gt;&lt;span style=&quot;font-family:Calibri;font-size:14px&quot;&gt;1)&amp;nbsp;&lt;/span&gt;&lt;span style=&quot;;font-family:宋体;font-size:14px&quot;&gt;&lt;span style=&quot;font-family:宋体&quot;&gt;延长灯具寿命&lt;/span&gt;&lt;/span&gt;&lt;/p&gt;&lt;p style=&quot;text-indent:28px;line-height:150%&quot;&gt;&lt;span style=&quot;;font-family:宋体;font-size:14px&quot;&gt;&lt;span style=&quot;font-family:宋体&quot;&gt;通过软启动功能，避免大电流和灯光突变对灯丝的冲击，能够使光源寿命延长&lt;/span&gt;2-4&lt;span style=&quot;font-family:宋体&quot;&gt;倍，有效延长灯具寿命，对于一些大量使用光源和安装困难的区域更有突出的作用&lt;/span&gt;&lt;/span&gt;&lt;sup&gt;&lt;span style=&quot;;font-family:宋体;line-height:150%;font-size:19px;vertical-align:super&quot;&gt;[2]&lt;/span&gt;&lt;/sup&gt;&lt;span style=&quot;;font-family:宋体;font-size:14px&quot;&gt;&lt;span style=&quot;font-family:宋体&quot;&gt;。&lt;/span&gt;&lt;/span&gt;&lt;/p&gt;&lt;p style=&quot;margin-left:28px;line-height:150%&quot;&gt;&lt;span style=&quot;font-family:Calibri;font-size:14px&quot;&gt;2)&amp;nbsp;&lt;/span&gt;&lt;span style=&quot;;font-family:宋体;font-size:14px&quot;&gt;&lt;span style=&quot;font-family:宋体&quot;&gt;可观的节能效果&lt;/span&gt;&lt;/span&gt;&lt;/p&gt;&lt;p style=&quot;text-indent:28px;line-height:150%&quot;&gt;&lt;span style=&quot;;font-family:宋体;font-size:14px&quot;&gt;&lt;span style=&quot;font-family:宋体&quot;&gt;通过照明系统的灯光调节功能，全开全关，以及场景控制功能，极大的改善了对供电的耗费，利用最少的能源保证最舒适的灯光效果，既降低了用户的电费支出，减轻了供电压力，还有效的节约了能源。&lt;/span&gt;&lt;/span&gt;&lt;/p&gt;&lt;p style=&quot;margin-left:28px;line-height:150%&quot;&gt;&lt;span style=&quot;font-family:Calibri;font-size:14px&quot;&gt;3)&amp;nbsp;&lt;/span&gt;&lt;span style=&quot;;font-family:宋体;font-size:14px&quot;&gt;&lt;span style=&quot;font-family:宋体&quot;&gt;实现照明的人性化&lt;/span&gt;&lt;/span&gt;&lt;/p&gt;&lt;p style=&quot;text-indent:28px;line-height:150%&quot;&gt;&lt;span style=&quot;;font-family:宋体;font-size:14px&quot;&gt;&lt;span style=&quot;font-family:宋体&quot;&gt;照明不再是单调的开关启动，固定亮度，通过场景控制和亮度调节，实现人性化功能，加上其拥有的人机交互功能（通过配套的软件实现），提高了用户对生活的满意度。&lt;/span&gt;&lt;/span&gt;&lt;/p&gt;&lt;p style=&quot;margin-left:28px;line-height:150%&quot;&gt;&lt;span style=&quot;font-family:Calibri;font-size:14px&quot;&gt;4)&amp;nbsp;&lt;/span&gt;&lt;span style=&quot;;font-family:宋体;font-size:14px&quot;&gt;&lt;span style=&quot;font-family:宋体&quot;&gt;场景控制，提高工作效率和工作质量&lt;/span&gt;&lt;/span&gt;&lt;/p&gt;&lt;p style=&quot;text-indent:28px;line-height:150%&quot;&gt;&lt;span style=&quot;;font-family:宋体;font-size:14px&quot;&gt;&lt;span style=&quot;font-family:宋体&quot;&gt;通过灯光调节功能，给予眼睛最合适的灯光效果，避免使人产生不适、头晕脑胀、眼睛晦涩疲劳的感觉，从而提高工作效率，通过场景控制，给人最佳舒适感，提高生活质量，用户能在最佳的条件下保持最好的状态。&lt;/span&gt;&lt;/span&gt;&lt;/p&gt;&lt;p style=&quot;margin-left:28px;line-height:150%&quot;&gt;&lt;span style=&quot;font-family:Calibri;font-size:14px&quot;&gt;5)&amp;nbsp;&lt;/span&gt;&lt;span style=&quot;;font-family:宋体;font-size:14px&quot;&gt;&lt;span style=&quot;font-family:宋体&quot;&gt;可广泛应用，实现智能化管理&lt;/span&gt;&lt;/span&gt;&lt;/p&gt;&lt;p style=&quot;text-indent:28px;line-height:150%&quot;&gt;&lt;span style=&quot;;font-family:宋体;font-size:14px&quot;&gt;&lt;span style=&quot;font-family:宋体&quot;&gt;智能照明系统不仅仅运用于家居行业，还可在一些功能的改变下，运用于去其他场景，例如酒店管理，城市路灯，办公领域等。通过智能化管理，更好的节约能源和提供方便快捷的生活条件。&lt;/span&gt;&lt;/span&gt;&lt;/p&gt;&lt;p&gt;&lt;br/&gt;&lt;/p&gt;','1','17','17') [ RunTime:0.1072s ]

[ 2017-07-25T18:41:40+08:00 ] 127.0.0.1 /index.php/Admin/Content/push
INFO: [ app_begin ] --START--
INFO: Run Behavior\ReadHtmlCacheBehavior [ RunTime:0.000758s ]
INFO: [ app_begin ] --END-- [ RunTime:0.001460s ]
SQL: SHOW COLUMNS FROM `locapush` [ RunTime:0.0079s ]
SQL: SELECT * FROM `locapush` WHERE `loca_id` = 3 AND `con_id` = 45 LIMIT 1   [ RunTime:0.0006s ]
SQL: INSERT INTO `locapush` (`loca_id`,`time`,`con_id`) VALUES ('3','1500979299','45') [ RunTime:0.1025s ]
SQL: SELECT * FROM `locapush` WHERE `loca_id` = 3 AND `con_id` = 44 LIMIT 1   [ RunTime:0.0005s ]
SQL: INSERT INTO `locapush` (`loca_id`,`time`,`con_id`) VALUES ('3','1500979299','44') [ RunTime:0.1005s ]
SQL: SELECT * FROM `locapush` WHERE `loca_id` = 3 AND `con_id` = 43 LIMIT 1   [ RunTime:0.0005s ]
SQL: INSERT INTO `locapush` (`loca_id`,`time`,`con_id`) VALUES ('3','1500979299','43') [ RunTime:0.2700s ]

[ 2017-07-25T18:41:46+08:00 ] 127.0.0.1 /index.php/Admin/Content/push
INFO: [ app_begin ] --START--
INFO: Run Behavior\ReadHtmlCacheBehavior [ RunTime:0.000788s ]
INFO: [ app_begin ] --END-- [ RunTime:0.001672s ]
SQL: SHOW COLUMNS FROM `locapush` [ RunTime:0.0283s ]
SQL: SELECT * FROM `locapush` WHERE `loca_id` = 3 AND `con_id` = 39 LIMIT 1   [ RunTime:0.0005s ]
SQL: INSERT INTO `locapush` (`loca_id`,`time`,`con_id`) VALUES ('3','1500979305','39') [ RunTime:0.0715s ]

[ 2017-07-25T18:41:52+08:00 ] 127.0.0.1 /index.php/Admin/Content/push
INFO: [ app_begin ] --START--
INFO: Run Behavior\ReadHtmlCacheBehavior [ RunTime:0.000796s ]
INFO: [ app_begin ] --END-- [ RunTime:0.001491s ]
SQL: SHOW COLUMNS FROM `locapush` [ RunTime:0.0072s ]
SQL: SELECT * FROM `locapush` WHERE `loca_id` = 4 AND `con_id` = 39 LIMIT 1   [ RunTime:0.0005s ]
SQL: INSERT INTO `locapush` (`loca_id`,`time`,`con_id`) VALUES ('4','1500979312','39') [ RunTime:0.1109s ]

[ 2017-07-25T18:41:58+08:00 ] 127.0.0.1 /index.php/Admin/Content/push
INFO: [ app_begin ] --START--
INFO: Run Behavior\ReadHtmlCacheBehavior [ RunTime:0.000767s ]
INFO: [ app_begin ] --END-- [ RunTime:0.001454s ]
SQL: SHOW COLUMNS FROM `locapush` [ RunTime:0.0073s ]
SQL: SELECT * FROM `locapush` WHERE `loca_id` = 4 AND `con_id` = 45 LIMIT 1   [ RunTime:0.0005s ]
SQL: INSERT INTO `locapush` (`loca_id`,`time`,`con_id`) VALUES ('4','1500979318','45') [ RunTime:0.1002s ]
SQL: SELECT * FROM `locapush` WHERE `loca_id` = 4 AND `con_id` = 44 LIMIT 1   [ RunTime:0.0005s ]
SQL: INSERT INTO `locapush` (`loca_id`,`time`,`con_id`) VALUES ('4','1500979318','44') [ RunTime:0.0454s ]
SQL: SELECT * FROM `locapush` WHERE `loca_id` = 4 AND `con_id` = 43 LIMIT 1   [ RunTime:0.0005s ]
SQL: INSERT INTO `locapush` (`loca_id`,`time`,`con_id`) VALUES ('4','1500979318','43') [ RunTime:0.0646s ]

[ 2017-07-25T18:42:05+08:00 ] 127.0.0.1 /index.php/Admin/Content/push
INFO: [ app_begin ] --START--
INFO: Run Behavior\ReadHtmlCacheBehavior [ RunTime:0.000762s ]
INFO: [ app_begin ] --END-- [ RunTime:0.001447s ]
SQL: SHOW COLUMNS FROM `locapush` [ RunTime:0.0082s ]
SQL: SELECT * FROM `locapush` WHERE `loca_id` = 5 AND `con_id` = 45 LIMIT 1   [ RunTime:0.0005s ]
SQL: INSERT INTO `locapush` (`loca_id`,`time`,`con_id`) VALUES ('5','1500979324','45') [ RunTime:0.1030s ]
SQL: SELECT * FROM `locapush` WHERE `loca_id` = 5 AND `con_id` = 44 LIMIT 1   [ RunTime:0.0006s ]
SQL: INSERT INTO `locapush` (`loca_id`,`time`,`con_id`) VALUES ('5','1500979324','44') [ RunTime:0.0395s ]
SQL: SELECT * FROM `locapush` WHERE `loca_id` = 5 AND `con_id` = 43 LIMIT 1   [ RunTime:0.0005s ]
SQL: INSERT INTO `locapush` (`loca_id`,`time`,`con_id`) VALUES ('5','1500979324','43') [ RunTime:0.0315s ]

[ 2017-07-25T18:42:10+08:00 ] 127.0.0.1 /index.php/Admin/Content/push
INFO: [ app_begin ] --START--
INFO: Run Behavior\ReadHtmlCacheBehavior [ RunTime:0.000782s ]
INFO: [ app_begin ] --END-- [ RunTime:0.001474s ]
SQL: SHOW COLUMNS FROM `locapush` [ RunTime:0.0076s ]
SQL: SELECT * FROM `locapush` WHERE `loca_id` = 6 AND `con_id` = 45 LIMIT 1   [ RunTime:0.0004s ]
SQL: INSERT INTO `locapush` (`loca_id`,`time`,`con_id`) VALUES ('6','1500979330','45') [ RunTime:0.1051s ]
SQL: SELECT * FROM `locapush` WHERE `loca_id` = 6 AND `con_id` = 44 LIMIT 1   [ RunTime:0.0006s ]
SQL: INSERT INTO `locapush` (`loca_id`,`time`,`con_id`) VALUES ('6','1500979330','44') [ RunTime:0.0659s ]
SQL: SELECT * FROM `locapush` WHERE `loca_id` = 6 AND `con_id` = 43 LIMIT 1   [ RunTime:0.0005s ]
SQL: INSERT INTO `locapush` (`loca_id`,`time`,`con_id`) VALUES ('6','1500979330','43') [ RunTime:0.0645s ]

[ 2017-07-25T18:48:38+08:00 ] 127.0.0.1 /index.php/Admin/Content/edit/id/43
INFO: [ app_begin ] --START--
INFO: Run Behavior\ReadHtmlCacheBehavior [ RunTime:0.001025s ]
INFO: [ app_begin ] --END-- [ RunTime:0.001862s ]
SQL: SHOW COLUMNS FROM `menu` [ RunTime:0.0722s ]
SQL: SHOW COLUMNS FROM `content` [ RunTime:0.0086s ]
SQL: SELECT * FROM `content` WHERE `id` = 43 LIMIT 1   [ RunTime:0.0006s ]
SQL: SELECT * FROM `menu` WHERE `status` = 1  [ RunTime:0.0005s ]

[ 2017-07-25T18:48:41+08:00 ] 127.0.0.1 /index.php/Admin/Content/edit/id/43
INFO: [ app_begin ] --START--
INFO: Run Behavior\ReadHtmlCacheBehavior [ RunTime:0.000792s ]
INFO: [ app_begin ] --END-- [ RunTime:0.001597s ]
SQL: SHOW COLUMNS FROM `menu` [ RunTime:0.0077s ]
SQL: SHOW COLUMNS FROM `content` [ RunTime:0.0079s ]
SQL: SELECT * FROM `content` WHERE `id` = 43 LIMIT 1   [ RunTime:0.0006s ]
SQL: SELECT * FROM `menu` WHERE `status` = 1  [ RunTime:0.0004s ]

[ 2017-07-25T18:49:25+08:00 ] 127.0.0.1 /index.php/Admin/Content/edit/id/43
INFO: [ app_begin ] --START--
INFO: Run Behavior\ReadHtmlCacheBehavior [ RunTime:0.000781s ]
INFO: [ app_begin ] --END-- [ RunTime:0.001509s ]
SQL: SHOW COLUMNS FROM `menu` [ RunTime:0.0069s ]
SQL: SHOW COLUMNS FROM `content` [ RunTime:0.0077s ]
SQL: SELECT * FROM `content` WHERE `id` = 43 LIMIT 1   [ RunTime:0.0006s ]
SQL: SELECT * FROM `menu` WHERE `status` = 1  [ RunTime:0.0004s ]
SQL: UPDATE `content` SET `artname`='理论与实践意义',`desc`='一方面，智能灯具系统加上了物联网的概念，在物联网环境下，室外成员可以利用上网工具例如手机等通过连接互联网，对照明系统下的照明工具进行远程操作，利用情景感知技术提供一种人与家居、环境的自然交互[1]，显',`cate_id`='17',`content`='&lt;p style=&quot;text-indent: 28px; line-height: 150%;&quot;&gt;&lt;span style=&quot;;font-family:宋体;font-size:14px&quot;&gt;&lt;span style=&quot;font-family:宋体&quot;&gt;另一方面，区别于传统灯具的不安全性，功率消耗大，光亮固定化，智慧灯具系统完全改变了此格局，加上传感器预警危机，实现特定场合亮度控制减少功率消耗，还能保护眼睛，可用网络操控等特点，给用户带来方便及安全，智能照明的出现，为&lt;/span&gt;LED&lt;span style=&quot;font-family:宋体&quot;&gt;市场提供了良好的发展趋势和技术平台&lt;/span&gt;&lt;/span&gt;&lt;sup&gt;&lt;span style=&quot;;font-family:宋体;line-height:150%;font-size:19px;vertical-align:super&quot;&gt;[1]&lt;/span&gt;&lt;/sup&gt;&lt;/p&gt;&lt;p style=&quot;text-indent: 28px; line-height: 150%;&quot;&gt;&lt;sup&gt;&lt;span style=&quot;;font-family:宋体;line-height:150%;font-size:19px;vertical-align:super&quot;&gt;&lt;span style=&quot;;font-family:宋体;font-size:14px&quot;&gt;&lt;span style=&quot;font-family:宋体&quot;&gt;十年前，网络还是个新鲜的事物，十年后的今天，互联网生活已经全方面进入了人们的生活，在自动化与智能技术日趋成熟的今天，智能家居必然是人们今后的生活必需，本文主要研究对象为智能家居中占重要位置的智能照明系统，它在同一场合，针对不同的时段，不同的目的，用户对照明的差异需求，对照明系统进行智能控制，系统所要达到的目的是节能，方便，高效，安全。采用&lt;/span&gt;“物联网&lt;span style=&quot;font-family:Calibri&quot;&gt;+&lt;/span&gt;&lt;span style=&quot;font-family:宋体&quot;&gt;照明”的模式运行，为灯具装上感应器，采用&lt;/span&gt;&amp;lt;&lt;/span&gt;&lt;/span&gt;&lt;/sup&gt;&lt;/p&gt;',`updatetime`='17' WHERE `id` = 43 [ RunTime:0.0881s ]

[ 2017-07-25T18:50:25+08:00 ] 127.0.0.1 /index.php/Admin/Content/edit/id/43
INFO: [ app_begin ] --START--
INFO: Run Behavior\ReadHtmlCacheBehavior [ RunTime:0.001073s ]
INFO: [ app_begin ] --END-- [ RunTime:0.001781s ]
SQL: SHOW COLUMNS FROM `menu` [ RunTime:0.0081s ]
SQL: SHOW COLUMNS FROM `content` [ RunTime:0.0075s ]
SQL: SELECT * FROM `content` WHERE `id` = 43 LIMIT 1   [ RunTime:0.0005s ]
SQL: SELECT * FROM `menu` WHERE `status` = 1  [ RunTime:0.0004s ]
SQL: UPDATE `content` SET `artname`='理论与实践意义',`desc`='一方面，智能灯具系统加上了物联网的概念，在物联网环境下，室外成员可以利用上网工具例如手机等通过连接互联网，对照明系统下的照明工具进行远程操作，利用情景感知技术提供一种人与家居、环境的自然交互[1]，显',`cate_id`='17',`content`='&lt;p style=&quot;text-indent: 28px; line-height: 150%;&quot;&gt;&lt;span style=&quot;;font-family:宋体;font-size:14px&quot;&gt;&lt;span style=&quot;font-family:宋体&quot;&gt;另一方面，区别于传统灯具的不安全性，功率消耗大，光亮固定化，智慧灯具系统完全改变了此格局，加上传感器预警危机，实现特定场合亮度控制减少功率消耗，还能保护眼睛，可用网络操控等特点，给用户带来方便及安全，智能照明的出现，为&lt;/span&gt;LED&lt;span style=&quot;font-family:宋体&quot;&gt;市场提供了良好的发展趋势和技术平台&lt;/span&gt;&lt;/span&gt;&lt;sup&gt;&lt;span style=&quot;;font-family:宋体;line-height:150%;font-size:19px;vertical-align:super&quot;&gt;&lt;/span&gt;&lt;/sup&gt;&lt;/p&gt;',`updatetime`='17' WHERE `id` = 43 [ RunTime:0.1329s ]

[ 2017-07-25T19:24:39+08:00 ] 127.0.0.1 /index.php/Admin/Basic/lst
INFO: [ app_begin ] --START--
INFO: Run Behavior\ReadHtmlCacheBehavior [ RunTime:0.001297s ]
INFO: [ app_begin ] --END-- [ RunTime:0.002794s ]

[ 2017-07-25T21:09:31+08:00 ] 127.0.0.1 /index.php/Admin/Content/edit/id/45
INFO: [ app_begin ] --START--
INFO: Run Behavior\ReadHtmlCacheBehavior [ RunTime:0.000940s ]
INFO: [ app_begin ] --END-- [ RunTime:0.001765s ]
SQL: SHOW COLUMNS FROM `menu` [ RunTime:0.0075s ]
SQL: SHOW COLUMNS FROM `content` [ RunTime:0.0076s ]
SQL: SELECT * FROM `content` WHERE `id` = 45 LIMIT 1   [ RunTime:0.0006s ]
SQL: SELECT * FROM `menu` WHERE `status` = 1  [ RunTime:0.0004s ]
SQL: UPDATE `content` SET `artname`='智能控制系统的优势',`desc`='和传统照明相比较，智能照明很大的改善了传统照明的缺点，并且添加了许多功能，给予用户更好的生活方式，更舒适的生活条件，智能照明系统拥有以下优势：',`cate_id`='17',`content`='&lt;p style=&quot;text-indent: 28px; line-height: 150%;&quot;&gt;&lt;span style=&quot;;font-family:宋体;font-size:14px&quot;&gt;&lt;span style=&quot;font-family:宋体&quot;&gt;通过软启动功能，避免大电流和灯光突变对灯丝的冲击，能够使光源寿命延长&lt;/span&gt;&lt;/span&gt;&lt;/p&gt;',`updatetime`='17' WHERE `id` = 45 [ RunTime:0.1020s ]

[ 2017-07-25T21:10:41+08:00 ] 127.0.0.1 /index.php/Admin/Content/edit/id/45
INFO: [ app_begin ] --START--
INFO: Run Behavior\ReadHtmlCacheBehavior [ RunTime:0.001075s ]
INFO: [ app_begin ] --END-- [ RunTime:0.001818s ]
SQL: SHOW COLUMNS FROM `menu` [ RunTime:0.0076s ]
SQL: SHOW COLUMNS FROM `content` [ RunTime:0.0081s ]
SQL: SELECT * FROM `content` WHERE `id` = 45 LIMIT 1   [ RunTime:0.0006s ]
SQL: SELECT * FROM `menu` WHERE `status` = 1  [ RunTime:0.0004s ]
SQL: UPDATE `content` SET `artname`='智能控制系统的优势',`desc`='和传统照明相比较，智能照明很大的改善了传统照明的缺点，并且添加了许多功能，给予用户更好的生活方式，更舒适的生活条件，智能照明系统拥有以下优势：',`cate_id`='17',`content`='&lt;p style=&quot;text-indent: 28px; line-height: 150%;&quot;&gt;&lt;span style=&quot;;font-family:宋体;font-size:14px&quot;&gt;&lt;span style=&quot;font-family:宋体&quot;&gt;通过软启动功能，避免大电流和灯光突变对灯丝的冲击，能够使光源寿命延长11&lt;/span&gt;&lt;/span&gt;&lt;/p&gt;',`updatetime`='1500988240' WHERE `id` = 45 [ RunTime:0.1248s ]

[ 2017-07-25T22:57:28+08:00 ] 127.0.0.1 /index.php/Admin/Content/add
INFO: [ app_init ] --START--
INFO: Run Behavior\BuildLiteBehavior [ RunTime:0.000044s ]
INFO: [ app_init ] --END-- [ RunTime:0.001185s ]
INFO: [ app_begin ] --START--
INFO: Run Behavior\ReadHtmlCacheBehavior [ RunTime:0.001286s ]
INFO: [ app_begin ] --END-- [ RunTime:0.001586s ]

[ 2017-07-25T22:57:28+08:00 ] 127.0.0.1 /index.php/Admin/Login/index.html
INFO: [ app_init ] --START--
INFO: Run Behavior\BuildLiteBehavior [ RunTime:0.000042s ]
INFO: [ app_init ] --END-- [ RunTime:0.000674s ]
INFO: [ app_begin ] --START--
INFO: Run Behavior\ReadHtmlCacheBehavior [ RunTime:0.000866s ]
INFO: [ app_begin ] --END-- [ RunTime:0.001069s ]
INFO: [ view_parse ] --START--
INFO: [ template_filter ] --START--
INFO: Run Behavior\ContentReplaceBehavior [ RunTime:0.000236s ]
INFO: [ template_filter ] --END-- [ RunTime:0.000456s ]
INFO: Run Behavior\ParseTemplateBehavior [ RunTime:0.071042s ]
INFO: [ view_parse ] --END-- [ RunTime:0.071266s ]
INFO: [ view_filter ] --START--
INFO: Run Behavior\WriteHtmlCacheBehavior [ RunTime:0.013134s ]
INFO: [ view_filter ] --END-- [ RunTime:0.013374s ]
INFO: [ app_end ] --START--
INFO: Run Behavior\ShowPageTraceBehavior [ RunTime:0.010512s ]
INFO: [ app_end ] --END-- [ RunTime:0.010794s ]

[ 2017-07-25T22:57:35+08:00 ] 127.0.0.1 /index.php/Admin/Login/check
INFO: [ app_init ] --START--
INFO: Run Behavior\BuildLiteBehavior [ RunTime:0.000041s ]
INFO: [ app_init ] --END-- [ RunTime:0.000724s ]
INFO: [ app_begin ] --START--
INFO: Run Behavior\ReadHtmlCacheBehavior [ RunTime:0.001087s ]
INFO: [ app_begin ] --END-- [ RunTime:0.001288s ]
SQL: SHOW COLUMNS FROM `admin` [ RunTime:0.0656s ]
NOTIC: [8] Use of undefined constant username - assumed 'username' F:\MyPHP\news\Application\Admin\Controller\LoginController.class.php 第 12 行.
NOTIC: [8] Use of undefined constant password - assumed 'password' F:\MyPHP\news\Application\Admin\Controller\LoginController.class.php 第 15 行.
SQL: SELECT * FROM `admin` WHERE `username` = 'admin' LIMIT 1   [ RunTime:0.0006s ]

[ 2017-07-25T22:57:37+08:00 ] 127.0.0.1 /index.php/Admin/Index/index
INFO: [ app_init ] --START--
INFO: Run Behavior\BuildLiteBehavior [ RunTime:0.000061s ]
INFO: [ app_init ] --END-- [ RunTime:0.000842s ]
INFO: [ app_begin ] --START--
INFO: Run Behavior\ReadHtmlCacheBehavior [ RunTime:0.000703s ]
INFO: [ app_begin ] --END-- [ RunTime:0.000906s ]
INFO: [ view_parse ] --START--
INFO: [ template_filter ] --START--
INFO: Run Behavior\ContentReplaceBehavior [ RunTime:0.000149s ]
INFO: [ template_filter ] --END-- [ RunTime:0.000387s ]
INFO: Run Behavior\ParseTemplateBehavior [ RunTime:0.063126s ]
INFO: [ view_parse ] --END-- [ RunTime:0.063358s ]
INFO: [ view_filter ] --START--
INFO: Run Behavior\WriteHtmlCacheBehavior [ RunTime:0.000550s ]
INFO: [ view_filter ] --END-- [ RunTime:0.000739s ]
INFO: [ app_end ] --START--
INFO: Run Behavior\ShowPageTraceBehavior [ RunTime:0.000864s ]
INFO: [ app_end ] --END-- [ RunTime:0.001120s ]

[ 2017-07-25T22:57:39+08:00 ] 127.0.0.1 /index.php/Admin/Content/lst
INFO: [ app_init ] --START--
INFO: Run Behavior\BuildLiteBehavior [ RunTime:0.000043s ]
INFO: [ app_init ] --END-- [ RunTime:0.000678s ]
INFO: [ app_begin ] --START--
INFO: Run Behavior\ReadHtmlCacheBehavior [ RunTime:0.000867s ]
INFO: [ app_begin ] --END-- [ RunTime:0.001120s ]
SQL: SHOW COLUMNS FROM `content` [ RunTime:0.0061s ]
SQL: SELECT COUNT(*) AS tp_count FROM `content` LIMIT 1   [ RunTime:0.0005s ]
SQL: SELECT * FROM `content` ORDER BY list asc,id desc LIMIT 0,3   [ RunTime:0.0006s ]
SQL: SHOW COLUMNS FROM `located` [ RunTime:0.0056s ]
SQL: SELECT * FROM `located` WHERE `status` = 1  [ RunTime:0.0005s ]
INFO: [ view_parse ] --START--
INFO: [ template_filter ] --START--
INFO: Run Behavior\ContentReplaceBehavior [ RunTime:0.000194s ]
INFO: [ template_filter ] --END-- [ RunTime:0.000416s ]
SQL: SHOW COLUMNS FROM `menu` [ RunTime:0.0053s ]
SQL: SELECT * FROM `menu` WHERE ( id=17 )  [ RunTime:0.0549s ]
SQL: SELECT * FROM `menu` WHERE ( id=17 )  [ RunTime:0.0004s ]
SQL: SELECT * FROM `menu` WHERE ( id=17 )  [ RunTime:0.0004s ]
INFO: Run Behavior\ParseTemplateBehavior [ RunTime:0.193501s ]
INFO: [ view_parse ] --END-- [ RunTime:0.193754s ]
INFO: [ view_filter ] --START--
INFO: Run Behavior\WriteHtmlCacheBehavior [ RunTime:0.000535s ]
INFO: [ view_filter ] --END-- [ RunTime:0.000725s ]
INFO: [ app_end ] --START--
INFO: Run Behavior\ShowPageTraceBehavior [ RunTime:0.000789s ]
INFO: [ app_end ] --END-- [ RunTime:0.000992s ]

[ 2017-07-25T22:57:41+08:00 ] 127.0.0.1 /index.php/Admin/Content/add
INFO: [ app_init ] --START--
INFO: Run Behavior\BuildLiteBehavior [ RunTime:0.000042s ]
INFO: [ app_init ] --END-- [ RunTime:0.000685s ]
INFO: [ app_begin ] --START--
INFO: Run Behavior\ReadHtmlCacheBehavior [ RunTime:0.000687s ]
INFO: [ app_begin ] --END-- [ RunTime:0.000891s ]
SQL: SHOW COLUMNS FROM `menu` [ RunTime:0.0051s ]
SQL: SELECT * FROM `menu` WHERE `status` = 1  [ RunTime:0.0005s ]
INFO: [ view_parse ] --START--
INFO: [ template_filter ] --START--
INFO: Run Behavior\ContentReplaceBehavior [ RunTime:0.000193s ]
INFO: [ template_filter ] --END-- [ RunTime:0.000417s ]
INFO: Run Behavior\ParseTemplateBehavior [ RunTime:0.074461s ]
INFO: [ view_parse ] --END-- [ RunTime:0.074673s ]
INFO: [ view_filter ] --START--
INFO: Run Behavior\WriteHtmlCacheBehavior [ RunTime:0.000430s ]
INFO: [ view_filter ] --END-- [ RunTime:0.000615s ]
INFO: [ app_end ] --START--
INFO: Run Behavior\ShowPageTraceBehavior [ RunTime:0.000688s ]
INFO: [ app_end ] --END-- [ RunTime:0.000878s ]

[ 2017-07-25T23:05:54+08:00 ] 127.0.0.1 /index.php/Admin/Content/add
INFO: [ app_init ] --START--
INFO: Run Behavior\BuildLiteBehavior [ RunTime:0.000044s ]
INFO: [ app_init ] --END-- [ RunTime:0.000774s ]
INFO: [ app_begin ] --START--
INFO: Run Behavior\ReadHtmlCacheBehavior [ RunTime:0.000993s ]
INFO: [ app_begin ] --END-- [ RunTime:0.001266s ]
SQL: SHOW COLUMNS FROM `menu` [ RunTime:0.0062s ]
SQL: SELECT * FROM `menu` WHERE `status` = 1  [ RunTime:0.0006s ]
INFO: [ view_parse ] --START--
INFO: [ template_filter ] --START--
INFO: Run Behavior\ContentReplaceBehavior [ RunTime:0.000201s ]
INFO: [ template_filter ] --END-- [ RunTime:0.000418s ]
INFO: Run Behavior\ParseTemplateBehavior [ RunTime:0.017176s ]
INFO: [ view_parse ] --END-- [ RunTime:0.017401s ]
INFO: [ view_filter ] --START--
INFO: Run Behavior\WriteHtmlCacheBehavior [ RunTime:0.000629s ]
INFO: [ view_filter ] --END-- [ RunTime:0.000823s ]
INFO: [ app_end ] --START--
INFO: Run Behavior\ShowPageTraceBehavior [ RunTime:0.000936s ]
INFO: [ app_end ] --END-- [ RunTime:0.001184s ]

[ 2017-07-25T23:05:59+08:00 ] 127.0.0.1 /index.php/Admin/Login/logout
INFO: [ app_init ] --START--
INFO: Run Behavior\BuildLiteBehavior [ RunTime:0.000045s ]
INFO: [ app_init ] --END-- [ RunTime:0.000689s ]
INFO: [ app_begin ] --START--
INFO: Run Behavior\ReadHtmlCacheBehavior [ RunTime:0.000704s ]
INFO: [ app_begin ] --END-- [ RunTime:0.000910s ]

[ 2017-07-25T23:05:59+08:00 ] 127.0.0.1 /index.php/Admin/Login/index.html
INFO: [ app_init ] --START--
INFO: Run Behavior\BuildLiteBehavior [ RunTime:0.000043s ]
INFO: [ app_init ] --END-- [ RunTime:0.000721s ]
INFO: [ app_begin ] --START--
INFO: Run Behavior\ReadHtmlCacheBehavior [ RunTime:0.000768s ]
INFO: [ app_begin ] --END-- [ RunTime:0.000975s ]
INFO: [ view_parse ] --START--
INFO: [ template_filter ] --START--
INFO: Run Behavior\ContentReplaceBehavior [ RunTime:0.000116s ]
INFO: [ template_filter ] --END-- [ RunTime:0.000327s ]
INFO: Run Behavior\ParseTemplateBehavior [ RunTime:0.010357s ]
INFO: [ view_parse ] --END-- [ RunTime:0.010573s ]
INFO: [ view_filter ] --START--
INFO: Run Behavior\WriteHtmlCacheBehavior [ RunTime:0.000462s ]
INFO: [ view_filter ] --END-- [ RunTime:0.000677s ]
INFO: [ app_end ] --START--
INFO: Run Behavior\ShowPageTraceBehavior [ RunTime:0.000759s ]
INFO: [ app_end ] --END-- [ RunTime:0.000967s ]

[ 2017-07-25T23:09:08+08:00 ] 127.0.0.1 /index.php/Admin/Login/index.html
INFO: [ app_init ] --START--
INFO: Run Behavior\BuildLiteBehavior [ RunTime:0.000043s ]
INFO: [ app_init ] --END-- [ RunTime:0.000756s ]
INFO: [ app_begin ] --START--
INFO: Run Behavior\ReadHtmlCacheBehavior [ RunTime:0.000925s ]
INFO: [ app_begin ] --END-- [ RunTime:0.001144s ]
INFO: [ view_parse ] --START--
INFO: [ template_filter ] --START--
INFO: Run Behavior\ContentReplaceBehavior [ RunTime:0.000122s ]
INFO: [ template_filter ] --END-- [ RunTime:0.000335s ]
INFO: Run Behavior\ParseTemplateBehavior [ RunTime:0.009676s ]
INFO: [ view_parse ] --END-- [ RunTime:0.009882s ]
INFO: [ view_filter ] --START--
INFO: Run Behavior\WriteHtmlCacheBehavior [ RunTime:0.000635s ]
INFO: [ view_filter ] --END-- [ RunTime:0.000896s ]
INFO: [ app_end ] --START--
INFO: Run Behavior\ShowPageTraceBehavior [ RunTime:0.001204s ]
INFO: [ app_end ] --END-- [ RunTime:0.001465s ]

[ 2017-07-25T23:09:16+08:00 ] 127.0.0.1 /index.php/Admin/Login/check
INFO: [ app_init ] --START--
INFO: Run Behavior\BuildLiteBehavior [ RunTime:0.000043s ]
INFO: [ app_init ] --END-- [ RunTime:0.000734s ]
INFO: [ app_begin ] --START--
INFO: Run Behavior\ReadHtmlCacheBehavior [ RunTime:0.000842s ]
INFO: [ app_begin ] --END-- [ RunTime:0.001034s ]
SQL: SHOW COLUMNS FROM `admin` [ RunTime:0.0064s ]
NOTIC: [8] Use of undefined constant username - assumed 'username' F:\MyPHP\news\Application\Admin\Controller\LoginController.class.php 第 12 行.
NOTIC: [8] Use of undefined constant password - assumed 'password' F:\MyPHP\news\Application\Admin\Controller\LoginController.class.php 第 15 行.
SQL: SELECT * FROM `admin` WHERE `username` = 'admin' LIMIT 1   [ RunTime:0.0005s ]

[ 2017-07-25T23:09:17+08:00 ] 127.0.0.1 /index.php/Admin/Index/index
INFO: [ app_init ] --START--
INFO: Run Behavior\BuildLiteBehavior [ RunTime:0.000043s ]
INFO: [ app_init ] --END-- [ RunTime:0.000679s ]
INFO: [ app_begin ] --START--
INFO: Run Behavior\ReadHtmlCacheBehavior [ RunTime:0.000702s ]
INFO: [ app_begin ] --END-- [ RunTime:0.000907s ]
INFO: [ view_parse ] --START--
INFO: [ template_filter ] --START--
INFO: Run Behavior\ContentReplaceBehavior [ RunTime:0.000134s ]
INFO: [ template_filter ] --END-- [ RunTime:0.000346s ]
INFO: Run Behavior\ParseTemplateBehavior [ RunTime:0.012241s ]
INFO: [ view_parse ] --END-- [ RunTime:0.012717s ]
INFO: [ view_filter ] --START--
INFO: Run Behavior\WriteHtmlCacheBehavior [ RunTime:0.000557s ]
INFO: [ view_filter ] --END-- [ RunTime:0.000745s ]
INFO: [ app_end ] --START--
INFO: Run Behavior\ShowPageTraceBehavior [ RunTime:0.000828s ]
INFO: [ app_end ] --END-- [ RunTime:0.001024s ]

[ 2017-07-25T23:09:19+08:00 ] 127.0.0.1 /index.php/Admin/Content/lst
INFO: [ app_init ] --START--
INFO: Run Behavior\BuildLiteBehavior [ RunTime:0.000044s ]
INFO: [ app_init ] --END-- [ RunTime:0.000685s ]
INFO: [ app_begin ] --START--
INFO: Run Behavior\ReadHtmlCacheBehavior [ RunTime:0.000696s ]
INFO: [ app_begin ] --END-- [ RunTime:0.000900s ]
SQL: SHOW COLUMNS FROM `content` [ RunTime:0.0062s ]
SQL: SELECT COUNT(*) AS tp_count FROM `content` LIMIT 1   [ RunTime:0.0004s ]
SQL: SELECT * FROM `content` ORDER BY list asc,id desc LIMIT 0,3   [ RunTime:0.0007s ]
SQL: SHOW COLUMNS FROM `located` [ RunTime:0.0054s ]
SQL: SELECT * FROM `located` WHERE `status` = 1  [ RunTime:0.0004s ]
INFO: [ view_parse ] --START--
INFO: [ template_filter ] --START--
INFO: Run Behavior\ContentReplaceBehavior [ RunTime:0.000190s ]
INFO: [ template_filter ] --END-- [ RunTime:0.000397s ]
SQL: SHOW COLUMNS FROM `menu` [ RunTime:0.0062s ]
SQL: SELECT * FROM `menu` WHERE ( id=17 )  [ RunTime:0.0005s ]
SQL: SELECT * FROM `menu` WHERE ( id=17 )  [ RunTime:0.0004s ]
SQL: SELECT * FROM `menu` WHERE ( id=17 )  [ RunTime:0.0004s ]
INFO: Run Behavior\ParseTemplateBehavior [ RunTime:0.029580s ]
INFO: [ view_parse ] --END-- [ RunTime:0.029799s ]
INFO: [ view_filter ] --START--
INFO: Run Behavior\WriteHtmlCacheBehavior [ RunTime:0.000527s ]
INFO: [ view_filter ] --END-- [ RunTime:0.000716s ]
INFO: [ app_end ] --START--
INFO: Run Behavior\ShowPageTraceBehavior [ RunTime:0.000896s ]
INFO: [ app_end ] --END-- [ RunTime:0.001330s ]

[ 2017-07-25T23:09:20+08:00 ] 127.0.0.1 /index.php/Admin/Content/add
INFO: [ app_init ] --START--
INFO: Run Behavior\BuildLiteBehavior [ RunTime:0.000046s ]
INFO: [ app_init ] --END-- [ RunTime:0.000772s ]
INFO: [ app_begin ] --START--
INFO: Run Behavior\ReadHtmlCacheBehavior [ RunTime:0.000717s ]
INFO: [ app_begin ] --END-- [ RunTime:0.000923s ]
SQL: SHOW COLUMNS FROM `menu` [ RunTime:0.0063s ]
SQL: SELECT * FROM `menu` WHERE `status` = 1  [ RunTime:0.0005s ]
INFO: [ view_parse ] --START--
INFO: [ template_filter ] --START--
INFO: Run Behavior\ContentReplaceBehavior [ RunTime:0.000185s ]
INFO: [ template_filter ] --END-- [ RunTime:0.000397s ]
INFO: Run Behavior\ParseTemplateBehavior [ RunTime:0.014454s ]
INFO: [ view_parse ] --END-- [ RunTime:0.014664s ]
INFO: [ view_filter ] --START--
INFO: Run Behavior\WriteHtmlCacheBehavior [ RunTime:0.000462s ]
INFO: [ view_filter ] --END-- [ RunTime:0.000649s ]
INFO: [ app_end ] --START--
INFO: Run Behavior\ShowPageTraceBehavior [ RunTime:0.000697s ]
INFO: [ app_end ] --END-- [ RunTime:0.000890s ]

[ 2017-07-25T23:09:25+08:00 ] 127.0.0.1 /index.php/Admin/Content/add
INFO: [ app_init ] --START--
INFO: Run Behavior\BuildLiteBehavior [ RunTime:0.000050s ]
INFO: [ app_init ] --END-- [ RunTime:0.000887s ]
INFO: [ app_begin ] --START--
INFO: Run Behavior\ReadHtmlCacheBehavior [ RunTime:0.000733s ]
INFO: [ app_begin ] --END-- [ RunTime:0.000944s ]
SQL: SHOW COLUMNS FROM `menu` [ RunTime:0.0054s ]
SQL: SELECT * FROM `menu` WHERE `status` = 1  [ RunTime:0.0005s ]
INFO: [ view_parse ] --START--
INFO: [ template_filter ] --START--
INFO: Run Behavior\ContentReplaceBehavior [ RunTime:0.000190s ]
INFO: [ template_filter ] --END-- [ RunTime:0.000410s ]
INFO: Run Behavior\ParseTemplateBehavior [ RunTime:0.014729s ]
INFO: [ view_parse ] --END-- [ RunTime:0.014938s ]
INFO: [ view_filter ] --START--
INFO: Run Behavior\WriteHtmlCacheBehavior [ RunTime:0.000459s ]
INFO: [ view_filter ] --END-- [ RunTime:0.000645s ]
INFO: [ app_end ] --START--
INFO: Run Behavior\ShowPageTraceBehavior [ RunTime:0.000706s ]
INFO: [ app_end ] --END-- [ RunTime:0.000900s ]

[ 2017-07-25T23:11:59+08:00 ] 127.0.0.1 /index.php/Admin/Content/add
INFO: [ app_init ] --START--
INFO: Run Behavior\BuildLiteBehavior [ RunTime:0.000073s ]
INFO: [ app_init ] --END-- [ RunTime:0.000910s ]
INFO: [ app_begin ] --START--
INFO: Run Behavior\ReadHtmlCacheBehavior [ RunTime:0.000871s ]
INFO: [ app_begin ] --END-- [ RunTime:0.001078s ]
SQL: SHOW COLUMNS FROM `menu` [ RunTime:0.0056s ]
SQL: SELECT * FROM `menu` WHERE `status` = 1  [ RunTime:0.0005s ]
INFO: [ view_parse ] --START--
INFO: [ template_filter ] --START--
INFO: Run Behavior\ContentReplaceBehavior [ RunTime:0.000198s ]
INFO: [ template_filter ] --END-- [ RunTime:0.000406s ]
INFO: Run Behavior\ParseTemplateBehavior [ RunTime:0.015583s ]
INFO: [ view_parse ] --END-- [ RunTime:0.015798s ]
INFO: [ view_filter ] --START--
INFO: Run Behavior\WriteHtmlCacheBehavior [ RunTime:0.000565s ]
INFO: [ view_filter ] --END-- [ RunTime:0.000753s ]
INFO: [ app_end ] --START--
INFO: Run Behavior\ShowPageTraceBehavior [ RunTime:0.000927s ]
INFO: [ app_end ] --END-- [ RunTime:0.001123s ]

[ 2017-07-25T23:12:26+08:00 ] 127.0.0.1 /index.php/Admin/Content/add
INFO: [ app_init ] --START--
INFO: Run Behavior\BuildLiteBehavior [ RunTime:0.000043s ]
INFO: [ app_init ] --END-- [ RunTime:0.000681s ]
INFO: [ app_begin ] --START--
INFO: Run Behavior\ReadHtmlCacheBehavior [ RunTime:0.000695s ]
INFO: [ app_begin ] --END-- [ RunTime:0.000897s ]
SQL: SHOW COLUMNS FROM `menu` [ RunTime:0.0059s ]
SQL: SELECT * FROM `menu` WHERE `status` = 1  [ RunTime:0.0008s ]
INFO: [ view_parse ] --START--
INFO: [ template_filter ] --START--
INFO: Run Behavior\ContentReplaceBehavior [ RunTime:0.000191s ]
INFO: [ template_filter ] --END-- [ RunTime:0.000401s ]
INFO: Run Behavior\ParseTemplateBehavior [ RunTime:0.016284s ]
INFO: [ view_parse ] --END-- [ RunTime:0.016566s ]
INFO: [ view_filter ] --START--
INFO: Run Behavior\WriteHtmlCacheBehavior [ RunTime:0.000440s ]
INFO: [ view_filter ] --END-- [ RunTime:0.000628s ]
INFO: [ app_end ] --START--
INFO: Run Behavior\ShowPageTraceBehavior [ RunTime:0.000723s ]
INFO: [ app_end ] --END-- [ RunTime:0.000914s ]

[ 2017-07-25T23:13:06+08:00 ] 127.0.0.1 /index.php/Admin/Content/add
INFO: [ app_init ] --START--
INFO: Run Behavior\BuildLiteBehavior [ RunTime:0.000044s ]
INFO: [ app_init ] --END-- [ RunTime:0.000687s ]
INFO: [ app_begin ] --START--
INFO: Run Behavior\ReadHtmlCacheBehavior [ RunTime:0.000731s ]
INFO: [ app_begin ] --END-- [ RunTime:0.000949s ]
SQL: SHOW COLUMNS FROM `menu` [ RunTime:0.0058s ]
SQL: SELECT * FROM `menu` WHERE `status` = 1  [ RunTime:0.0005s ]
INFO: [ view_parse ] --START--
INFO: [ template_filter ] --START--
INFO: Run Behavior\ContentReplaceBehavior [ RunTime:0.000190s ]
INFO: [ template_filter ] --END-- [ RunTime:0.000403s ]
INFO: Run Behavior\ParseTemplateBehavior [ RunTime:0.015308s ]
INFO: [ view_parse ] --END-- [ RunTime:0.015514s ]
INFO: [ view_filter ] --START--
INFO: Run Behavior\WriteHtmlCacheBehavior [ RunTime:0.000443s ]
INFO: [ view_filter ] --END-- [ RunTime:0.000629s ]
INFO: [ app_end ] --START--
INFO: Run Behavior\ShowPageTraceBehavior [ RunTime:0.000686s ]
INFO: [ app_end ] --END-- [ RunTime:0.000876s ]

[ 2017-07-25T23:14:16+08:00 ] 127.0.0.1 /index.php/Admin/Content/add
INFO: [ app_init ] --START--
INFO: Run Behavior\BuildLiteBehavior [ RunTime:0.000053s ]
INFO: [ app_init ] --END-- [ RunTime:0.000745s ]
INFO: [ app_begin ] --START--
INFO: Run Behavior\ReadHtmlCacheBehavior [ RunTime:0.001194s ]
INFO: [ app_begin ] --END-- [ RunTime:0.001477s ]
SQL: SHOW COLUMNS FROM `menu` [ RunTime:0.0057s ]
SQL: SELECT * FROM `menu` WHERE `status` = 1  [ RunTime:0.0005s ]
INFO: [ view_parse ] --START--
INFO: [ template_filter ] --START--
INFO: Run Behavior\ContentReplaceBehavior [ RunTime:0.000189s ]
INFO: [ template_filter ] --END-- [ RunTime:0.000395s ]
INFO: Run Behavior\ParseTemplateBehavior [ RunTime:0.016750s ]
INFO: [ view_parse ] --END-- [ RunTime:0.016961s ]
INFO: [ view_filter ] --START--
INFO: Run Behavior\WriteHtmlCacheBehavior [ RunTime:0.000750s ]
INFO: [ view_filter ] --END-- [ RunTime:0.000948s ]
INFO: [ app_end ] --START--
INFO: Run Behavior\ShowPageTraceBehavior [ RunTime:0.001176s ]
INFO: [ app_end ] --END-- [ RunTime:0.001417s ]

[ 2017-07-25T23:14:16+08:00 ] 127.0.0.1 /index.php/Admin/Content/jquery.js
INFO: [ app_init ] --START--
INFO: Run Behavior\BuildLiteBehavior [ RunTime:0.000072s ]
INFO: [ app_init ] --END-- [ RunTime:0.001123s ]
INFO: [ app_begin ] --START--
INFO: Run Behavior\ReadHtmlCacheBehavior [ RunTime:0.001088s ]
INFO: [ app_begin ] --END-- [ RunTime:0.001444s ]
ERR: 非法操作:jquery.js

[ 2017-07-25T23:14:16+08:00 ] 127.0.0.1 /index.php/Admin/Content/uploadify.css
INFO: [ app_init ] --START--
INFO: Run Behavior\BuildLiteBehavior [ RunTime:0.000081s ]
INFO: [ app_init ] --END-- [ RunTime:0.001161s ]
INFO: [ app_begin ] --START--
INFO: Run Behavior\ReadHtmlCacheBehavior [ RunTime:0.001452s ]
INFO: [ app_begin ] --END-- [ RunTime:0.001879s ]
ERR: 非法操作:uploadify.css

[ 2017-07-25T23:14:16+08:00 ] 127.0.0.1 /index.php/Admin/Content/jquery.uploadify.min.js
INFO: [ app_init ] --START--
INFO: Run Behavior\BuildLiteBehavior [ RunTime:0.000072s ]
INFO: [ app_init ] --END-- [ RunTime:0.001203s ]
INFO: [ app_begin ] --START--
INFO: Run Behavior\ReadHtmlCacheBehavior [ RunTime:0.000920s ]
INFO: [ app_begin ] --END-- [ RunTime:0.001150s ]
ERR: 非法操作:jquery.uploadify.min.js

[ 2017-07-25T23:14:16+08:00 ] 127.0.0.1 /index.php/Admin/Content/uploadify.css
INFO: [ app_init ] --START--
INFO: Run Behavior\BuildLiteBehavior [ RunTime:0.000043s ]
INFO: [ app_init ] --END-- [ RunTime:0.000684s ]
INFO: [ app_begin ] --START--
INFO: Run Behavior\ReadHtmlCacheBehavior [ RunTime:0.000767s ]
INFO: [ app_begin ] --END-- [ RunTime:0.000982s ]
ERR: 非法操作:uploadify.css

[ 2017-07-25T23:14:51+08:00 ] 127.0.0.1 /index.php/Admin/Content/add
INFO: [ app_init ] --START--
INFO: Run Behavior\BuildLiteBehavior [ RunTime:0.000044s ]
INFO: [ app_init ] --END-- [ RunTime:0.000693s ]
INFO: [ app_begin ] --START--
INFO: Run Behavior\ReadHtmlCacheBehavior [ RunTime:0.000707s ]
INFO: [ app_begin ] --END-- [ RunTime:0.000914s ]
SQL: SHOW COLUMNS FROM `menu` [ RunTime:0.0056s ]
SQL: SELECT * FROM `menu` WHERE `status` = 1  [ RunTime:0.0005s ]
INFO: [ view_parse ] --START--
INFO: [ template_filter ] --START--
INFO: Run Behavior\ContentReplaceBehavior [ RunTime:0.000192s ]
INFO: [ template_filter ] --END-- [ RunTime:0.000408s ]
INFO: Run Behavior\ParseTemplateBehavior [ RunTime:0.016582s ]
INFO: [ view_parse ] --END-- [ RunTime:0.016795s ]
INFO: [ view_filter ] --START--
INFO: Run Behavior\WriteHtmlCacheBehavior [ RunTime:0.000543s ]
INFO: [ view_filter ] --END-- [ RunTime:0.000735s ]
INFO: [ app_end ] --START--
INFO: Run Behavior\ShowPageTraceBehavior [ RunTime:0.001038s ]
INFO: [ app_end ] --END-- [ RunTime:0.001311s ]

[ 2017-07-25T23:14:51+08:00 ] 127.0.0.1 /index.php/Admin/Content/jquery.uploadify.min.js
INFO: [ app_init ] --START--
INFO: Run Behavior\BuildLiteBehavior [ RunTime:0.000071s ]
INFO: [ app_init ] --END-- [ RunTime:0.001075s ]
INFO: [ app_begin ] --START--
INFO: Run Behavior\ReadHtmlCacheBehavior [ RunTime:0.001162s ]
INFO: [ app_begin ] --END-- [ RunTime:0.001525s ]
ERR: 非法操作:jquery.uploadify.min.js

[ 2017-07-25T23:14:51+08:00 ] 127.0.0.1 /index.php/Admin/Content/uploadify.css
INFO: [ app_init ] --START--
INFO: Run Behavior\BuildLiteBehavior [ RunTime:0.000115s ]
INFO: [ app_init ] --END-- [ RunTime:0.001124s ]
INFO: [ app_begin ] --START--
INFO: Run Behavior\ReadHtmlCacheBehavior [ RunTime:0.000755s ]
INFO: [ app_begin ] --END-- [ RunTime:0.000984s ]
ERR: 非法操作:uploadify.css

[ 2017-07-25T23:14:51+08:00 ] 127.0.0.1 /index.php/Admin/Content/jquery.uploadify.min.js
INFO: [ app_init ] --START--
INFO: Run Behavior\BuildLiteBehavior [ RunTime:0.000056s ]
INFO: [ app_init ] --END-- [ RunTime:0.001325s ]
INFO: [ app_begin ] --START--
INFO: Run Behavior\ReadHtmlCacheBehavior [ RunTime:0.001013s ]
INFO: [ app_begin ] --END-- [ RunTime:0.001365s ]
ERR: 非法操作:jquery.uploadify.min.js

[ 2017-07-25T23:14:51+08:00 ] 127.0.0.1 /index.php/Admin/Content/uploadify.css
INFO: [ app_init ] --START--
INFO: Run Behavior\BuildLiteBehavior [ RunTime:0.000047s ]
INFO: [ app_init ] --END-- [ RunTime:0.000792s ]
INFO: [ app_begin ] --START--
INFO: Run Behavior\ReadHtmlCacheBehavior [ RunTime:0.000800s ]
INFO: [ app_begin ] --END-- [ RunTime:0.001036s ]
ERR: 非法操作:uploadify.css

[ 2017-07-25T23:15:22+08:00 ] 127.0.0.1 /index.php/Admin/Content/add
INFO: [ app_init ] --START--
INFO: Run Behavior\BuildLiteBehavior [ RunTime:0.000044s ]
INFO: [ app_init ] --END-- [ RunTime:0.000697s ]
INFO: [ app_begin ] --START--
INFO: Run Behavior\ReadHtmlCacheBehavior [ RunTime:0.000840s ]
INFO: [ app_begin ] --END-- [ RunTime:0.001187s ]
SQL: SHOW COLUMNS FROM `menu` [ RunTime:0.2662s ]
SQL: SELECT * FROM `menu` WHERE `status` = 1  [ RunTime:0.0006s ]
INFO: [ view_parse ] --START--
INFO: [ template_filter ] --START--
INFO: Run Behavior\ContentReplaceBehavior [ RunTime:0.000186s ]
INFO: [ template_filter ] --END-- [ RunTime:0.000395s ]
INFO: Run Behavior\ParseTemplateBehavior [ RunTime:0.016678s ]
INFO: [ view_parse ] --END-- [ RunTime:0.016912s ]
INFO: [ view_filter ] --START--
INFO: Run Behavior\WriteHtmlCacheBehavior [ RunTime:0.000552s ]
INFO: [ view_filter ] --END-- [ RunTime:0.000742s ]
INFO: [ app_end ] --START--
INFO: Run Behavior\ShowPageTraceBehavior [ RunTime:0.000805s ]
INFO: [ app_end ] --END-- [ RunTime:0.001003s ]

[ 2017-07-25T23:15:22+08:00 ] 127.0.0.1 /index.php/Admin/Content/jquery.uploadify.min.js
INFO: [ app_init ] --START--
INFO: Run Behavior\BuildLiteBehavior [ RunTime:0.000044s ]
INFO: [ app_init ] --END-- [ RunTime:0.000713s ]
INFO: [ app_begin ] --START--
INFO: Run Behavior\ReadHtmlCacheBehavior [ RunTime:0.000812s ]
INFO: [ app_begin ] --END-- [ RunTime:0.001068s ]
ERR: 非法操作:jquery.uploadify.min.js

[ 2017-07-25T23:15:22+08:00 ] 127.0.0.1 /index.php/Admin/Content/uploadify.css
INFO: [ app_init ] --START--
INFO: Run Behavior\BuildLiteBehavior [ RunTime:0.000071s ]
INFO: [ app_init ] --END-- [ RunTime:0.001052s ]
INFO: [ app_begin ] --START--
INFO: Run Behavior\ReadHtmlCacheBehavior [ RunTime:0.001106s ]
INFO: [ app_begin ] --END-- [ RunTime:0.001558s ]
ERR: 非法操作:uploadify.css

[ 2017-07-25T23:15:22+08:00 ] 127.0.0.1 /index.php/Admin/Content/jquery.uploadify.min.js
INFO: [ app_init ] --START--
INFO: Run Behavior\BuildLiteBehavior [ RunTime:0.000043s ]
INFO: [ app_init ] --END-- [ RunTime:0.000722s ]
INFO: [ app_begin ] --START--
INFO: Run Behavior\ReadHtmlCacheBehavior [ RunTime:0.000710s ]
INFO: [ app_begin ] --END-- [ RunTime:0.000934s ]
ERR: 非法操作:jquery.uploadify.min.js

[ 2017-07-25T23:15:22+08:00 ] 127.0.0.1 /index.php/Admin/Content/uploadify.css
INFO: [ app_init ] --START--
INFO: Run Behavior\BuildLiteBehavior [ RunTime:0.000043s ]
INFO: [ app_init ] --END-- [ RunTime:0.000672s ]
INFO: [ app_begin ] --START--
INFO: Run Behavior\ReadHtmlCacheBehavior [ RunTime:0.000923s ]
INFO: [ app_begin ] --END-- [ RunTime:0.001139s ]
ERR: 非法操作:uploadify.css

