[ 2017-08-06T20:06:29+08:00 ] 127.0.0.1 /index.php/Admin/Login/check
INFO: [ app_begin ] --START--
INFO: Run Behavior\ReadHtmlCacheBehavior [ RunTime:0.000751s ]
INFO: [ app_begin ] --END-- [ RunTime:0.001483s ]
SQL: SHOW COLUMNS FROM `admin` [ RunTime:0.0411s ]
NOTIC: [8] Use of undefined constant username - assumed 'username' F:\MyPHP\news\Application\Admin\Controller\LoginController.class.php 第 12 行.
NOTIC: [8] Use of undefined constant password - assumed 'password' F:\MyPHP\news\Application\Admin\Controller\LoginController.class.php 第 15 行.
SQL: SELECT * FROM `admin` WHERE `username` = 'admin' LIMIT 1   [ RunTime:0.0006s ]

[ 2017-08-06T20:07:04+08:00 ] 127.0.0.1 /index.php/Admin/Content/push
INFO: [ app_begin ] --START--
INFO: Run Behavior\ReadHtmlCacheBehavior [ RunTime:0.000907s ]
INFO: [ app_begin ] --END-- [ RunTime:0.002418s ]
SQL: SHOW COLUMNS FROM `locapush` [ RunTime:0.0071s ]
SQL: SELECT * FROM `locapush` WHERE `loca_id` = 5 AND `con_id` = 45 LIMIT 1   [ RunTime:0.0005s ]
NOTIC: [8] Undefined variable: result F:\MyPHP\news\Application\Admin\Controller\ContentController.class.php 第 166 行.

[ 2017-08-06T20:07:09+08:00 ] 127.0.0.1 /index.php/Admin/Content/push
INFO: [ app_begin ] --START--
INFO: Run Behavior\ReadHtmlCacheBehavior [ RunTime:0.000767s ]
INFO: [ app_begin ] --END-- [ RunTime:0.001549s ]
SQL: SHOW COLUMNS FROM `locapush` [ RunTime:0.0073s ]
SQL: SELECT * FROM `locapush` WHERE `loca_id` = 6 AND `con_id` = 45 LIMIT 1   [ RunTime:0.0005s ]
NOTIC: [8] Undefined variable: result F:\MyPHP\news\Application\Admin\Controller\ContentController.class.php 第 166 行.

[ 2017-08-06T20:07:15+08:00 ] 127.0.0.1 /index.php/Admin/Content/push
INFO: [ app_begin ] --START--
INFO: Run Behavior\ReadHtmlCacheBehavior [ RunTime:0.000834s ]
INFO: [ app_begin ] --END-- [ RunTime:0.001761s ]
SQL: SHOW COLUMNS FROM `locapush` [ RunTime:0.0073s ]
SQL: SELECT * FROM `locapush` WHERE `loca_id` = 6 AND `con_id` = 39 LIMIT 1   [ RunTime:0.0005s ]
SQL: INSERT INTO `locapush` (`loca_id`,`time`,`con_id`) VALUES ('6','1502021235','39') [ RunTime:0.1561s ]

