[ 2017-07-11T15:16:15+08:00 ] 127.0.0.1 /index.php/Admin/Login/check
INFO: [ app_begin ] --START--
INFO: Run Behavior\ReadHtmlCacheBehavior [ RunTime:0.000803s ]
INFO: [ app_begin ] --END-- [ RunTime:0.001646s ]
SQL: SHOW COLUMNS FROM `admin` [ RunTime:0.1215s ]
NOTIC: [8] Use of undefined constant username - assumed 'username' F:\MyPHP\news\Application\Admin\Controller\LoginController.class.php 第 12 行.
NOTIC: [8] Use of undefined constant password - assumed 'password' F:\MyPHP\news\Application\Admin\Controller\LoginController.class.php 第 15 行.
SQL: SELECT * FROM `admin` WHERE `username` = 'admin' LIMIT 1   [ RunTime:0.0317s ]

[ 2017-07-11T15:21:06+08:00 ] 127.0.0.1 /index.php/Admin/Basic/lst
INFO: [ app_begin ] --START--
INFO: Run Behavior\ReadHtmlCacheBehavior [ RunTime:0.000999s ]
INFO: [ app_begin ] --END-- [ RunTime:0.001843s ]
INFO: [ view_parse ] --START--
INFO: [ template_filter ] --START--
INFO: Run Behavior\ContentReplaceBehavior [ RunTime:0.000242s ]
INFO: [ template_filter ] --END-- [ RunTime:0.000537s ]
INFO: Run Behavior\ParseTemplateBehavior [ RunTime:0.020900s ]
INFO: [ view_parse ] --END-- [ RunTime:0.021151s ]
INFO: [ view_filter ] --START--
INFO: Run Behavior\WriteHtmlCacheBehavior [ RunTime:0.002015s ]
INFO: [ view_filter ] --END-- [ RunTime:0.002263s ]
INFO: [ app_end ] --START--
INFO: Run Behavior\ShowPageTraceBehavior [ RunTime:0.001764s ]
INFO: [ app_end ] --END-- [ RunTime:0.002065s ]

[ 2017-07-11T15:24:24+08:00 ] 127.0.0.1 /index.php/Admin/Basic/lst
INFO: [ app_begin ] --START--
INFO: Run Behavior\ReadHtmlCacheBehavior [ RunTime:0.001019s ]
INFO: [ app_begin ] --END-- [ RunTime:0.001876s ]

[ 2017-07-11T15:24:45+08:00 ] 127.0.0.1 /index.php/Admin/Basic/lst
INFO: [ app_begin ] --START--
INFO: Run Behavior\ReadHtmlCacheBehavior [ RunTime:0.001036s ]
INFO: [ app_begin ] --END-- [ RunTime:0.001877s ]

[ 2017-07-11T15:25:45+08:00 ] 127.0.0.1 /index.php/Admin/Basic/lst
INFO: [ app_begin ] --START--
INFO: Run Behavior\ReadHtmlCacheBehavior [ RunTime:0.000780s ]
INFO: [ app_begin ] --END-- [ RunTime:0.001469s ]

[ 2017-07-11T15:26:35+08:00 ] 127.0.0.1 /index.php/Admin/Basic/lst
INFO: [ app_begin ] --START--
INFO: Run Behavior\ReadHtmlCacheBehavior [ RunTime:0.000949s ]
INFO: [ app_begin ] --END-- [ RunTime:0.001709s ]

[ 2017-07-11T15:27:53+08:00 ] 127.0.0.1 /index.php/Admin/Basic/lst
INFO: [ app_begin ] --START--
INFO: Run Behavior\ReadHtmlCacheBehavior [ RunTime:0.000879s ]
INFO: [ app_begin ] --END-- [ RunTime:0.001850s ]

[ 2017-07-11T15:30:19+08:00 ] 127.0.0.1 /index.php/Admin/Basic/lst
INFO: [ app_begin ] --START--
INFO: Run Behavior\ReadHtmlCacheBehavior [ RunTime:0.000763s ]
INFO: [ app_begin ] --END-- [ RunTime:0.001465s ]

[ 2017-07-11T15:30:23+08:00 ] 127.0.0.1 /index.php/Admin/Basic/lst
INFO: [ app_begin ] --START--
INFO: Run Behavior\ReadHtmlCacheBehavior [ RunTime:0.000764s ]
INFO: [ app_begin ] --END-- [ RunTime:0.001457s ]

[ 2017-07-11T15:30:33+08:00 ] 127.0.0.1 /index.php/Admin/Basic/lst
INFO: [ app_begin ] --START--
INFO: Run Behavior\ReadHtmlCacheBehavior [ RunTime:0.001169s ]
INFO: [ app_begin ] --END-- [ RunTime:0.001916s ]

[ 2017-07-11T15:31:09+08:00 ] 127.0.0.1 /index.php/Admin/Basic/lst
INFO: [ app_begin ] --START--
INFO: Run Behavior\ReadHtmlCacheBehavior [ RunTime:0.001437s ]
INFO: [ app_begin ] --END-- [ RunTime:0.002709s ]

[ 2017-07-11T15:32:13+08:00 ] 127.0.0.1 /index.php/Admin/Basic/lst
INFO: [ app_begin ] --START--
INFO: Run Behavior\ReadHtmlCacheBehavior [ RunTime:0.000945s ]
INFO: [ app_begin ] --END-- [ RunTime:0.001744s ]

[ 2017-07-11T15:33:05+08:00 ] 127.0.0.1 /index.php/Admin/Basic/lst
INFO: [ app_begin ] --START--
INFO: Run Behavior\ReadHtmlCacheBehavior [ RunTime:0.001133s ]
INFO: [ app_begin ] --END-- [ RunTime:0.002261s ]

[ 2017-07-11T15:39:36+08:00 ] 127.0.0.1 /index.php/Admin/Basic/lst
INFO: [ app_begin ] --START--
INFO: Run Behavior\ReadHtmlCacheBehavior [ RunTime:0.000785s ]
INFO: [ app_begin ] --END-- [ RunTime:0.001558s ]

[ 2017-07-11T15:40:40+08:00 ] 127.0.0.1 /index.php/Admin/Basic/lst
INFO: [ app_begin ] --START--
INFO: Run Behavior\ReadHtmlCacheBehavior [ RunTime:0.000766s ]
INFO: [ app_begin ] --END-- [ RunTime:0.001468s ]

[ 2017-07-11T15:40:57+08:00 ] 127.0.0.1 /index.php/Admin/Basic/lst
INFO: [ app_begin ] --START--
INFO: Run Behavior\ReadHtmlCacheBehavior [ RunTime:0.000775s ]
INFO: [ app_begin ] --END-- [ RunTime:0.001537s ]

[ 2017-07-11T15:41:07+08:00 ] 127.0.0.1 /index.php/Admin/Basic/lst
INFO: [ app_begin ] --START--
INFO: Run Behavior\ReadHtmlCacheBehavior [ RunTime:0.000765s ]
INFO: [ app_begin ] --END-- [ RunTime:0.001466s ]

[ 2017-07-11T15:43:02+08:00 ] 127.0.0.1 /index.php/Admin/Basic/lst
INFO: [ app_begin ] --START--
INFO: Run Behavior\ReadHtmlCacheBehavior [ RunTime:0.001146s ]
INFO: [ app_begin ] --END-- [ RunTime:0.002152s ]

[ 2017-07-11T15:46:48+08:00 ] 127.0.0.1 /index.php/Admin/Basic/lst
INFO: [ app_begin ] --START--
INFO: Run Behavior\ReadHtmlCacheBehavior [ RunTime:0.000940s ]
INFO: [ app_begin ] --END-- [ RunTime:0.001712s ]

[ 2017-07-11T15:47:50+08:00 ] 127.0.0.1 /index.php/Admin/Basic/lst
INFO: [ app_begin ] --START--
INFO: Run Behavior\ReadHtmlCacheBehavior [ RunTime:0.000975s ]
INFO: [ app_begin ] --END-- [ RunTime:0.001793s ]
NOTIC: [8] Undefined variable: cache F:\MyPHP\news\Application\Admin\Controller\BasicController.class.php 第 6 行.

[ 2017-07-11T15:47:51+08:00 ] 127.0.0.1 /index.php/Admin/Basic/lst
INFO: [ app_begin ] --START--
INFO: Run Behavior\ReadHtmlCacheBehavior [ RunTime:0.001097s ]
INFO: [ app_begin ] --END-- [ RunTime:0.001883s ]
NOTIC: [8] Undefined variable: cache F:\MyPHP\news\Application\Admin\Controller\BasicController.class.php 第 6 行.

[ 2017-07-11T15:47:52+08:00 ] 127.0.0.1 /index.php/Admin/Basic/lst
INFO: [ app_begin ] --START--
INFO: Run Behavior\ReadHtmlCacheBehavior [ RunTime:0.001044s ]
INFO: [ app_begin ] --END-- [ RunTime:0.001992s ]
NOTIC: [8] Undefined variable: cache F:\MyPHP\news\Application\Admin\Controller\BasicController.class.php 第 6 行.

[ 2017-07-11T15:47:52+08:00 ] 127.0.0.1 /index.php/Admin/Basic/lst
INFO: [ app_begin ] --START--
INFO: Run Behavior\ReadHtmlCacheBehavior [ RunTime:0.001122s ]
INFO: [ app_begin ] --END-- [ RunTime:0.002024s ]
NOTIC: [8] Undefined variable: cache F:\MyPHP\news\Application\Admin\Controller\BasicController.class.php 第 6 行.

[ 2017-07-11T15:48:15+08:00 ] 127.0.0.1 /index.php/Admin/Basic/lst
INFO: [ app_begin ] --START--
INFO: Run Behavior\ReadHtmlCacheBehavior [ RunTime:0.000791s ]
INFO: [ app_begin ] --END-- [ RunTime:0.001498s ]
NOTIC: [8] Undefined variable: cache F:\MyPHP\news\Application\Admin\Controller\BasicController.class.php 第 6 行.

[ 2017-07-11T15:49:34+08:00 ] 127.0.0.1 /index.php/Admin/Basic/lst
INFO: [ app_begin ] --START--
INFO: Run Behavior\ReadHtmlCacheBehavior [ RunTime:0.000782s ]
INFO: [ app_begin ] --END-- [ RunTime:0.001490s ]

[ 2017-07-11T15:49:35+08:00 ] 127.0.0.1 /index.php/Admin/Basic/lst
INFO: [ app_begin ] --START--
INFO: Run Behavior\ReadHtmlCacheBehavior [ RunTime:0.000836s ]
INFO: [ app_begin ] --END-- [ RunTime:0.001576s ]

[ 2017-07-11T15:49:58+08:00 ] 127.0.0.1 /index.php/Admin/Basic/lst
INFO: [ app_begin ] --START--
INFO: Run Behavior\ReadHtmlCacheBehavior [ RunTime:0.000802s ]
INFO: [ app_begin ] --END-- [ RunTime:0.001481s ]

[ 2017-07-11T15:49:59+08:00 ] 127.0.0.1 /index.php/Admin/Basic/lst
INFO: [ app_begin ] --START--
INFO: Run Behavior\ReadHtmlCacheBehavior [ RunTime:0.000798s ]
INFO: [ app_begin ] --END-- [ RunTime:0.001752s ]

[ 2017-07-11T15:50:40+08:00 ] 127.0.0.1 /index.php/Admin/Basic/lst
INFO: [ app_begin ] --START--
INFO: Run Behavior\ReadHtmlCacheBehavior [ RunTime:0.001023s ]
INFO: [ app_begin ] --END-- [ RunTime:0.002068s ]

[ 2017-07-11T15:51:29+08:00 ] 127.0.0.1 /index.php/Admin/Basic/lst
INFO: [ app_begin ] --START--
INFO: Run Behavior\ReadHtmlCacheBehavior [ RunTime:0.001214s ]
INFO: [ app_begin ] --END-- [ RunTime:0.002341s ]

[ 2017-07-11T15:51:30+08:00 ] 127.0.0.1 /index.php/Admin/Basic/lst
INFO: [ app_begin ] --START--
INFO: Run Behavior\ReadHtmlCacheBehavior [ RunTime:0.000787s ]
INFO: [ app_begin ] --END-- [ RunTime:0.001543s ]

[ 2017-07-11T15:54:43+08:00 ] 127.0.0.1 /index.php/Admin/Basic/lst
INFO: [ app_begin ] --START--
INFO: Run Behavior\ReadHtmlCacheBehavior [ RunTime:0.000774s ]
INFO: [ app_begin ] --END-- [ RunTime:0.001502s ]

[ 2017-07-11T15:54:49+08:00 ] 127.0.0.1 /index.php/Admin/Basic/lst
INFO: [ app_begin ] --START--
INFO: Run Behavior\ReadHtmlCacheBehavior [ RunTime:0.001072s ]
INFO: [ app_begin ] --END-- [ RunTime:0.001926s ]

[ 2017-07-11T16:03:22+08:00 ] 127.0.0.1 /index.php/Admin/Located/lst
ERR: 无法加载控制器:Located

[ 2017-07-11T16:03:50+08:00 ] 127.0.0.1 /index.php/Admin/Located/lst
ERR: 无法加载控制器:Located

[ 2017-07-11T16:04:07+08:00 ] 127.0.0.1 /index.php/Admin/Located/lst
ERR: 无法加载控制器:Located

[ 2017-07-11T16:04:08+08:00 ] 127.0.0.1 /index.php/Admin/Located/lst
ERR: 无法加载控制器:Located

[ 2017-07-11T16:04:16+08:00 ] 127.0.0.1 /index.php/Admin/Located/lst
ERR: 无法加载控制器:Located

[ 2017-07-11T16:05:51+08:00 ] 127.0.0.1 /index.php/Admin/Located/lst
ERR: 无法加载控制器:Located

[ 2017-07-11T16:07:05+08:00 ] 127.0.0.1 /index.php/Admin/Located/lst
ERR: 无法加载控制器:Located

[ 2017-07-11T16:07:08+08:00 ] 127.0.0.1 /index.php/Admin/Located/lst
ERR: 无法加载控制器:Located

[ 2017-07-11T16:10:38+08:00 ] 127.0.0.1 /index.php/Admin/Located/status
INFO: [ app_begin ] --START--
INFO: Run Behavior\ReadHtmlCacheBehavior [ RunTime:0.000751s ]
INFO: [ app_begin ] --END-- [ RunTime:0.001447s ]
ERR: 1146:La table 'cms.loca' n'existe pas
 [ SQL语句 ] : SHOW COLUMNS FROM `loca`
ERR: 1146:La table 'cms.loca' n'existe pas
 [ SQL语句 ] : SHOW COLUMNS FROM `loca`

[ 2017-07-11T16:12:32+08:00 ] 127.0.0.1 /index.php/Admin/Located/status
INFO: [ app_begin ] --START--
INFO: Run Behavior\ReadHtmlCacheBehavior [ RunTime:0.000961s ]
INFO: [ app_begin ] --END-- [ RunTime:0.001764s ]
ERR: 1146:La table 'cms.loca' n'existe pas
 [ SQL语句 ] : SHOW COLUMNS FROM `loca`
ERR: 1146:La table 'cms.loca' n'existe pas
 [ SQL语句 ] : SHOW COLUMNS FROM `loca`

[ 2017-07-11T16:12:36+08:00 ] 127.0.0.1 /index.php/Admin/Located/del
INFO: [ app_begin ] --START--
INFO: Run Behavior\ReadHtmlCacheBehavior [ RunTime:0.000934s ]
INFO: [ app_begin ] --END-- [ RunTime:0.001691s ]
ERR: 1146:La table 'cms.loca' n'existe pas
 [ SQL语句 ] : SHOW COLUMNS FROM `loca`
ERR: 1146:La table 'cms.loca' n'existe pas
 [ SQL语句 ] : SHOW COLUMNS FROM `loca`

[ 2017-07-11T16:12:38+08:00 ] 127.0.0.1 /index.php/Admin/Located/del
INFO: [ app_begin ] --START--
INFO: Run Behavior\ReadHtmlCacheBehavior [ RunTime:0.000757s ]
INFO: [ app_begin ] --END-- [ RunTime:0.001462s ]
ERR: 1146:La table 'cms.loca' n'existe pas
 [ SQL语句 ] : SHOW COLUMNS FROM `loca`
ERR: 1146:La table 'cms.loca' n'existe pas
 [ SQL语句 ] : SHOW COLUMNS FROM `loca`

[ 2017-07-11T16:14:53+08:00 ] 127.0.0.1 /index.php/Admin/Located/status
INFO: [ app_begin ] --START--
INFO: Run Behavior\ReadHtmlCacheBehavior [ RunTime:0.000940s ]
INFO: [ app_begin ] --END-- [ RunTime:0.001846s ]
SQL: SHOW COLUMNS FROM `located` [ RunTime:0.0073s ]
SQL: UPDATE `located` SET `status`='0' WHERE `id` = 1 [ RunTime:0.1201s ]

[ 2017-07-11T16:14:56+08:00 ] 127.0.0.1 /index.php/Admin/Located/status
INFO: [ app_begin ] --START--
INFO: Run Behavior\ReadHtmlCacheBehavior [ RunTime:0.001210s ]
INFO: [ app_begin ] --END-- [ RunTime:0.002318s ]
SQL: SHOW COLUMNS FROM `located` [ RunTime:0.0228s ]
SQL: UPDATE `located` SET `status`='1' WHERE `id` = 1 [ RunTime:0.1052s ]

[ 2017-07-11T16:15:47+08:00 ] 127.0.0.1 /index.php/Admin/Located/add
INFO: [ app_begin ] --START--
INFO: Run Behavior\ReadHtmlCacheBehavior [ RunTime:0.001390s ]
INFO: [ app_begin ] --END-- [ RunTime:0.002913s ]
ERR: 1146:La table 'cms.loca' n'existe pas
 [ SQL语句 ] : SHOW COLUMNS FROM `loca`
ERR: 1146:La table 'cms.loca' n'existe pas
 [ SQL语句 ] : SHOW COLUMNS FROM `loca`

[ 2017-07-11T16:15:50+08:00 ] 127.0.0.1 /index.php/Admin/Located/add
INFO: [ app_begin ] --START--
INFO: Run Behavior\ReadHtmlCacheBehavior [ RunTime:0.000920s ]
INFO: [ app_begin ] --END-- [ RunTime:0.001657s ]
ERR: 1146:La table 'cms.loca' n'existe pas
 [ SQL语句 ] : SHOW COLUMNS FROM `loca`
ERR: 1146:La table 'cms.loca' n'existe pas
 [ SQL语句 ] : SHOW COLUMNS FROM `loca`

[ 2017-07-11T16:16:02+08:00 ] 127.0.0.1 /index.php/Admin/Located/add
INFO: [ app_begin ] --START--
INFO: Run Behavior\ReadHtmlCacheBehavior [ RunTime:0.001649s ]
INFO: [ app_begin ] --END-- [ RunTime:0.002506s ]
ERR: 1146:La table 'cms.loca' n'existe pas
 [ SQL语句 ] : SHOW COLUMNS FROM `loca`
ERR: 1146:La table 'cms.loca' n'existe pas
 [ SQL语句 ] : SHOW COLUMNS FROM `loca`

[ 2017-07-11T16:16:44+08:00 ] 127.0.0.1 /index.php/Admin/Located/add
INFO: [ app_begin ] --START--
INFO: Run Behavior\ReadHtmlCacheBehavior [ RunTime:0.000764s ]
INFO: [ app_begin ] --END-- [ RunTime:0.001482s ]
SQL: SHOW COLUMNS FROM `located` [ RunTime:0.0077s ]
SQL: INSERT INTO `located` (`name`,`status`) VALUES ('册','1') [ RunTime:0.0833s ]

[ 2017-07-11T16:16:49+08:00 ] 127.0.0.1 /index.php/Admin/Located/del
INFO: [ app_begin ] --START--
INFO: Run Behavior\ReadHtmlCacheBehavior [ RunTime:0.001419s ]
INFO: [ app_begin ] --END-- [ RunTime:0.002220s ]
SQL: SHOW COLUMNS FROM `located` [ RunTime:0.0089s ]
SQL: DELETE FROM `located` WHERE `id` = 2 [ RunTime:0.1128s ]

[ 2017-07-11T16:17:52+08:00 ] 127.0.0.1 /index.php/Admin/Located/edit/id/1
INFO: [ app_begin ] --START--
INFO: Run Behavior\ReadHtmlCacheBehavior [ RunTime:0.001098s ]
INFO: [ app_begin ] --END-- [ RunTime:0.002051s ]
SQL: SHOW COLUMNS FROM `located` [ RunTime:0.0102s ]
SQL: SELECT * FROM `located` WHERE `id` = 0 LIMIT 1   [ RunTime:0.0005s ]

[ 2017-07-11T16:18:24+08:00 ] 127.0.0.1 /index.php/Admin/Located/edit/id/1
INFO: [ app_begin ] --START--
INFO: Run Behavior\ReadHtmlCacheBehavior [ RunTime:0.000756s ]
INFO: [ app_begin ] --END-- [ RunTime:0.001435s ]
SQL: SHOW COLUMNS FROM `located` [ RunTime:0.0709s ]
SQL: SELECT * FROM `located` WHERE `id` = 1 LIMIT 1   [ RunTime:0.0006s ]
SQL: UPDATE `located` SET `name`='哈哈哈' WHERE `id` = 1 [ RunTime:0.1111s ]

[ 2017-07-11T16:18:30+08:00 ] 127.0.0.1 /index.php/Admin/Located/edit/id/1
INFO: [ app_begin ] --START--
INFO: Run Behavior\ReadHtmlCacheBehavior [ RunTime:0.000774s ]
INFO: [ app_begin ] --END-- [ RunTime:0.001497s ]
SQL: SHOW COLUMNS FROM `located` [ RunTime:0.0085s ]
SQL: SELECT * FROM `located` WHERE `id` = 1 LIMIT 1   [ RunTime:0.0006s ]
SQL: UPDATE `located` SET `name`='哈哈哈1' WHERE `id` = 1 [ RunTime:0.0863s ]

[ 2017-07-11T16:18:37+08:00 ] 127.0.0.1 /index.php/Admin/Located/dels
INFO: [ app_begin ] --START--
INFO: Run Behavior\ReadHtmlCacheBehavior [ RunTime:0.001192s ]
INFO: [ app_begin ] --END-- [ RunTime:0.002305s ]
SQL: SHOW COLUMNS FROM `located` [ RunTime:0.0091s ]
SQL: DELETE FROM `located` WHERE `id` = 1 [ RunTime:0.0898s ]

[ 2017-07-11T16:18:44+08:00 ] 127.0.0.1 /index.php/Admin/Located/add
INFO: [ app_begin ] --START--
INFO: Run Behavior\ReadHtmlCacheBehavior [ RunTime:0.000782s ]
INFO: [ app_begin ] --END-- [ RunTime:0.001496s ]
SQL: SHOW COLUMNS FROM `located` [ RunTime:0.0076s ]
SQL: INSERT INTO `located` (`name`,`status`) VALUES ('二二恶','1') [ RunTime:0.0598s ]

[ 2017-07-11T16:31:33+08:00 ] 127.0.0.1 /index.php/Admin/Located/status
INFO: [ app_begin ] --START--
INFO: Run Behavior\ReadHtmlCacheBehavior [ RunTime:0.002156s ]
INFO: [ app_begin ] --END-- [ RunTime:0.003570s ]
SQL: SHOW COLUMNS FROM `located` [ RunTime:0.0101s ]
SQL: UPDATE `located` SET `status`='0' WHERE `id` = 3 [ RunTime:0.0839s ]

[ 2017-07-11T16:31:36+08:00 ] 127.0.0.1 /index.php/Admin/Located/status
INFO: [ app_begin ] --START--
INFO: Run Behavior\ReadHtmlCacheBehavior [ RunTime:0.000789s ]
INFO: [ app_begin ] --END-- [ RunTime:0.001582s ]
SQL: SHOW COLUMNS FROM `located` [ RunTime:0.3342s ]
SQL: UPDATE `located` SET `status`='1' WHERE `id` = 3 [ RunTime:0.2966s ]

[ 2017-07-11T21:34:43+08:00 ] 127.0.0.1 /index.php/Admin/Login/check
INFO: [ app_begin ] --START--
INFO: Run Behavior\ReadHtmlCacheBehavior [ RunTime:0.000768s ]
INFO: [ app_begin ] --END-- [ RunTime:0.001464s ]
SQL: SHOW COLUMNS FROM `admin` [ RunTime:0.0250s ]
NOTIC: [8] Use of undefined constant username - assumed 'username' F:\MyPHP\news\Application\Admin\Controller\LoginController.class.php 第 12 行.
NOTIC: [8] Use of undefined constant password - assumed 'password' F:\MyPHP\news\Application\Admin\Controller\LoginController.class.php 第 15 行.
SQL: SELECT * FROM `admin` WHERE `username` = 'admin' LIMIT 1   [ RunTime:0.0308s ]

[ 2017-07-11T21:35:20+08:00 ] 127.0.0.1 /index.php/Admin/Locamain/lst
ERR: 无法加载控制器:Locamain

