[ 2017-07-10T22:30:43+08:00 ] 127.0.0.1 /index.php/Admin/Content/dels
INFO: [ app_begin ] --START--
INFO: Run Behavior\ReadHtmlCacheBehavior [ RunTime:0.000833s ]
INFO: [ app_begin ] --END-- [ RunTime:0.001664s ]
SQL: SHOW COLUMNS FROM `content` [ RunTime:0.0087s ]
SQL: DELETE FROM `content` WHERE `id` IN ('14','13','12') [ RunTime:0.1552s ]

[ 2017-07-10T22:30:56+08:00 ] 127.0.0.1 /index.php/Admin/Content/edit/id/11
ERR: 模板不存在:./Application/Admin/View/Content/edit.html

[ 2017-07-10T22:31:13+08:00 ] 127.0.0.1 /index.php/Admin/Content/del
INFO: [ app_begin ] --START--
INFO: Run Behavior\ReadHtmlCacheBehavior [ RunTime:0.000800s ]
INFO: [ app_begin ] --END-- [ RunTime:0.001473s ]
SQL: SHOW COLUMNS FROM `content` [ RunTime:0.0090s ]
SQL: DELETE FROM `content` WHERE `id` = 11 [ RunTime:0.1107s ]

[ 2017-07-10T22:31:16+08:00 ] 127.0.0.1 /index.php/Admin/Content/status
INFO: [ app_begin ] --START--
INFO: Run Behavior\ReadHtmlCacheBehavior [ RunTime:0.000707s ]
INFO: [ app_begin ] --END-- [ RunTime:0.001385s ]
SQL: SHOW COLUMNS FROM `content` [ RunTime:0.0084s ]
SQL: UPDATE `content` SET `status`='0' WHERE `id` = 10 [ RunTime:0.1069s ]

[ 2017-07-10T23:11:28+08:00 ] 127.0.0.1 /index.php/Admin/Content/edit/id/9
INFO: [ app_begin ] --START--
INFO: Run Behavior\ReadHtmlCacheBehavior [ RunTime:0.000741s ]
INFO: [ app_begin ] --END-- [ RunTime:0.001470s ]
SQL: SHOW COLUMNS FROM `menu` [ RunTime:0.0081s ]
SQL: SHOW COLUMNS FROM `content` [ RunTime:0.0079s ]
SQL: SELECT * FROM `content` WHERE `id` = 9 LIMIT 1   [ RunTime:0.0005s ]
SQL: SELECT * FROM `menu`  [ RunTime:0.0004s ]
NOTIC: [8] Undefined index: pic F:\MyPHP\news\Application\Admin\Controller\ContentController.class.php 第 77 行.
SQL: UPDATE `content` SET `artname`='哦哦哦1',`cate_id`='17',`content`='&lt;p&gt;得到的方法1&lt;br/&gt;&lt;/p&gt;',`status`='0',`updatetime`='17' WHERE `id` = 9 [ RunTime:0.1468s ]

[ 2017-07-10T23:11:34+08:00 ] 127.0.0.1 /index.php/Admin/Content/edit/id/9
INFO: [ app_begin ] --START--
INFO: Run Behavior\ReadHtmlCacheBehavior [ RunTime:0.000750s ]
INFO: [ app_begin ] --END-- [ RunTime:0.001468s ]
SQL: SHOW COLUMNS FROM `menu` [ RunTime:0.0084s ]
SQL: SHOW COLUMNS FROM `content` [ RunTime:0.0080s ]
SQL: SELECT * FROM `content` WHERE `id` = 9 LIMIT 1   [ RunTime:0.0006s ]
SQL: SELECT * FROM `menu`  [ RunTime:0.0004s ]
NOTIC: [8] Undefined index: pic F:\MyPHP\news\Application\Admin\Controller\ContentController.class.php 第 77 行.
SQL: UPDATE `content` SET `artname`='哦哦哦1',`cate_id`='17',`content`='&lt;p&gt;得到的方法1&lt;br/&gt;&lt;/p&gt;',`status`='0',`updatetime`='17' WHERE `id` = 9 [ RunTime:0.1264s ]

[ 2017-07-10T23:12:31+08:00 ] 127.0.0.1 /index.php/Admin/Content/edit/id/9
INFO: [ app_begin ] --START--
INFO: Run Behavior\ReadHtmlCacheBehavior [ RunTime:0.000785s ]
INFO: [ app_begin ] --END-- [ RunTime:0.001500s ]
SQL: SHOW COLUMNS FROM `menu` [ RunTime:0.0081s ]
SQL: SHOW COLUMNS FROM `content` [ RunTime:0.0083s ]
SQL: SELECT * FROM `content` WHERE `id` = 9 LIMIT 1   [ RunTime:0.0007s ]
SQL: SELECT * FROM `menu`  [ RunTime:0.0006s ]
NOTIC: [8] Undefined index: pic F:\MyPHP\news\Application\Admin\Controller\ContentController.class.php 第 77 行.
SQL: UPDATE `content` SET `artname`='哦哦哦1',`cate_id`='17',`content`='&lt;p&gt;得到的方法1&lt;br/&gt;&lt;/p&gt;',`status`='0',`updatetime`='17' WHERE `id` = 9 [ RunTime:0.1500s ]

[ 2017-07-10T23:12:42+08:00 ] 127.0.0.1 /index.php/Admin/Content/edit/id/9
INFO: [ app_begin ] --START--
INFO: Run Behavior\ReadHtmlCacheBehavior [ RunTime:0.001061s ]
INFO: [ app_begin ] --END-- [ RunTime:0.002010s ]
SQL: SHOW COLUMNS FROM `menu` [ RunTime:0.0104s ]
SQL: SHOW COLUMNS FROM `content` [ RunTime:0.0274s ]
SQL: SELECT * FROM `content` WHERE `id` = 9 LIMIT 1   [ RunTime:0.0008s ]
SQL: SELECT * FROM `menu`  [ RunTime:0.0006s ]
NOTIC: [8] Undefined index: pic F:\MyPHP\news\Application\Admin\Controller\ContentController.class.php 第 77 行.
SQL: UPDATE `content` SET `artname`='哦哦哦1',`cate_id`='17',`content`='&lt;p&gt;得到的方法1&lt;br/&gt;&lt;/p&gt;',`status`='0',`updatetime`='17' WHERE `id` = 9 [ RunTime:0.7374s ]

[ 2017-07-10T23:14:43+08:00 ] 127.0.0.1 /index.php/Admin/Content/edit/id/9
INFO: [ app_begin ] --START--
INFO: Run Behavior\ReadHtmlCacheBehavior [ RunTime:0.001006s ]
INFO: [ app_begin ] --END-- [ RunTime:0.001777s ]
SQL: SHOW COLUMNS FROM `menu` [ RunTime:0.0090s ]
SQL: SHOW COLUMNS FROM `content` [ RunTime:0.0085s ]
SQL: SELECT * FROM `content` WHERE `id` = 9 LIMIT 1   [ RunTime:0.0006s ]
SQL: SELECT * FROM `menu`  [ RunTime:0.0005s ]
NOTIC: [8] Undefined index: pic F:\MyPHP\news\Application\Admin\Controller\ContentController.class.php 第 76 行.
SQL: UPDATE `content` SET `artname`='哦哦哦1',`cate_id`='17',`content`='&lt;p&gt;得到的方法1&lt;br/&gt;&lt;/p&gt;',`updatetime`='17' WHERE `id` = 9 [ RunTime:0.5463s ]

[ 2017-07-10T23:15:02+08:00 ] 127.0.0.1 /index.php/Admin/Content/edit/id/9
INFO: [ app_begin ] --START--
INFO: Run Behavior\ReadHtmlCacheBehavior [ RunTime:0.000745s ]
INFO: [ app_begin ] --END-- [ RunTime:0.001510s ]
SQL: SHOW COLUMNS FROM `menu` [ RunTime:0.0092s ]
SQL: SHOW COLUMNS FROM `content` [ RunTime:0.0096s ]
SQL: SELECT * FROM `content` WHERE `id` = 9 LIMIT 1   [ RunTime:0.0006s ]
SQL: SELECT * FROM `menu`  [ RunTime:0.0006s ]
NOTIC: [8] Undefined index: pic F:\MyPHP\news\Application\Admin\Controller\ContentController.class.php 第 76 行.
SQL: UPDATE `content` SET `artname`='哦哦哦1',`cate_id`='17',`content`='&lt;p&gt;得到的方法1&lt;br/&gt;&lt;/p&gt;',`updatetime`='17' WHERE `id` = 9 [ RunTime:0.1268s ]

[ 2017-07-10T23:16:17+08:00 ] 127.0.0.1 /index.php/Admin/Content/edit/id/9
INFO: [ app_begin ] --START--
INFO: Run Behavior\ReadHtmlCacheBehavior [ RunTime:0.001071s ]
INFO: [ app_begin ] --END-- [ RunTime:0.002379s ]
SQL: SHOW COLUMNS FROM `menu` [ RunTime:0.0084s ]
SQL: SHOW COLUMNS FROM `content` [ RunTime:0.0119s ]
SQL: SELECT * FROM `content` WHERE `id` = 9 LIMIT 1   [ RunTime:0.0006s ]
SQL: SELECT * FROM `menu`  [ RunTime:0.0005s ]
NOTIC: [8] Undefined index: pic F:\MyPHP\news\Application\Admin\Controller\ContentController.class.php 第 76 行.
SQL: UPDATE `content` SET `artname`='哦哦哦1',`cate_id`='17',`content`='&lt;p&gt;得到的方法1&lt;br/&gt;&lt;/p&gt;',`updatetime`='17' WHERE `id` = 9 [ RunTime:0.1176s ]

[ 2017-07-10T23:16:56+08:00 ] 127.0.0.1 /index.php/Admin/Content/edit/id/9
INFO: [ app_begin ] --START--
INFO: Run Behavior\ReadHtmlCacheBehavior [ RunTime:0.001038s ]
INFO: [ app_begin ] --END-- [ RunTime:0.002213s ]
SQL: SHOW COLUMNS FROM `menu` [ RunTime:0.0077s ]
SQL: SHOW COLUMNS FROM `content` [ RunTime:0.0094s ]
SQL: SELECT * FROM `content` WHERE `id` = 9 LIMIT 1   [ RunTime:0.0006s ]
SQL: SELECT * FROM `menu`  [ RunTime:0.0004s ]
NOTIC: [8] Undefined index: pic F:\MyPHP\news\Application\Admin\Controller\ContentController.class.php 第 76 行.
SQL: UPDATE `content` SET `artname`='哦哦哦22',`cate_id`='17',`content`='&lt;p&gt;得到的方法122&lt;br/&gt;&lt;/p&gt;',`updatetime`='17' WHERE `id` = 9 [ RunTime:0.0893s ]

[ 2017-07-10T23:17:38+08:00 ] 127.0.0.1 /index.php/Admin/Content/edit/id/9
INFO: [ app_begin ] --START--
INFO: Run Behavior\ReadHtmlCacheBehavior [ RunTime:0.000814s ]
INFO: [ app_begin ] --END-- [ RunTime:0.001536s ]
SQL: SHOW COLUMNS FROM `menu` [ RunTime:0.0083s ]
SQL: SHOW COLUMNS FROM `content` [ RunTime:0.0083s ]
SQL: SELECT * FROM `content` WHERE `id` = 9 LIMIT 1   [ RunTime:0.0006s ]
SQL: SELECT * FROM `menu`  [ RunTime:0.0004s ]
NOTIC: [8] Undefined index: pic F:\MyPHP\news\Application\Admin\Controller\ContentController.class.php 第 76 行.
SQL: UPDATE `content` SET `artname`='哦哦哦22',`cate_id`='17',`content`='&lt;p&gt;得到的方法122&lt;br/&gt;&lt;/p&gt;',`updatetime`='17' WHERE `id` = 9 [ RunTime:0.1245s ]

[ 2017-07-10T23:17:47+08:00 ] 127.0.0.1 /index.php/Admin/Content/edit/id/10
INFO: [ app_begin ] --START--
INFO: Run Behavior\ReadHtmlCacheBehavior [ RunTime:0.001243s ]
INFO: [ app_begin ] --END-- [ RunTime:0.002322s ]
SQL: SHOW COLUMNS FROM `menu` [ RunTime:0.0110s ]
SQL: SHOW COLUMNS FROM `content` [ RunTime:0.0104s ]
SQL: SELECT * FROM `content` WHERE `id` = 10 LIMIT 1   [ RunTime:0.0008s ]
SQL: SELECT * FROM `menu`  [ RunTime:0.0007s ]
NOTIC: [8] Undefined index: pic F:\MyPHP\news\Application\Admin\Controller\ContentController.class.php 第 76 行.
SQL: UPDATE `content` SET `artname`='哦哦哦1',`cate_id`='34',`content`='&lt;p&gt;得到的方法&lt;br/&gt;&lt;/p&gt;',`updatetime`='17' WHERE `id` = 10 [ RunTime:0.1084s ]

[ 2017-07-10T23:18:01+08:00 ] 127.0.0.1 /index.php/Admin/Content/edit/id/5
INFO: [ app_begin ] --START--
INFO: Run Behavior\ReadHtmlCacheBehavior [ RunTime:0.000961s ]
INFO: [ app_begin ] --END-- [ RunTime:0.001724s ]
SQL: SHOW COLUMNS FROM `menu` [ RunTime:0.0099s ]
SQL: SHOW COLUMNS FROM `content` [ RunTime:0.0109s ]
SQL: SELECT * FROM `content` WHERE `id` = 5 LIMIT 1   [ RunTime:0.0008s ]
SQL: SELECT * FROM `menu`  [ RunTime:0.0007s ]
NOTIC: [8] Undefined index: pic F:\MyPHP\news\Application\Admin\Controller\ContentController.class.php 第 76 行.
SQL: UPDATE `content` SET `artname`='嘿嘿1',`cate_id`='17',`content`='&lt;p&gt;嘎嘎嘎&lt;br/&gt;&lt;/p&gt;',`updatetime`='17' WHERE `id` = 5 [ RunTime:0.0769s ]

[ 2017-07-10T23:18:07+08:00 ] 127.0.0.1 /index.php/Admin/Content/status
INFO: [ app_begin ] --START--
INFO: Run Behavior\ReadHtmlCacheBehavior [ RunTime:0.000757s ]
INFO: [ app_begin ] --END-- [ RunTime:0.001676s ]
SQL: SHOW COLUMNS FROM `content` [ RunTime:0.0086s ]
SQL: UPDATE `content` SET `status`='1' WHERE `id` = 10 [ RunTime:0.0788s ]

[ 2017-07-10T23:18:10+08:00 ] 127.0.0.1 /index.php/Admin/Content/status
INFO: [ app_begin ] --START--
INFO: Run Behavior\ReadHtmlCacheBehavior [ RunTime:0.000736s ]
INFO: [ app_begin ] --END-- [ RunTime:0.001435s ]
SQL: SHOW COLUMNS FROM `content` [ RunTime:0.0080s ]
SQL: UPDATE `content` SET `status`='1' WHERE `id` = 9 [ RunTime:0.2060s ]

[ 2017-07-10T23:19:18+08:00 ] 127.0.0.1 /index.php/Admin/Content/del
INFO: [ app_begin ] --START--
INFO: Run Behavior\ReadHtmlCacheBehavior [ RunTime:0.000995s ]
INFO: [ app_begin ] --END-- [ RunTime:0.001912s ]
SQL: SHOW COLUMNS FROM `content` [ RunTime:0.0082s ]
SQL: DELETE FROM `content` WHERE `id` = 10 [ RunTime:0.0880s ]

[ 2017-07-10T23:23:45+08:00 ] 127.0.0.1 /index.php/Admin/Content/lst
ERR: 1054:Champ 'create_time' inconnu dans order clause
 [ SQL语句 ] : SELECT * FROM `content` WHERE ( status=1 ) ORDER BY create_time LIMIT 0,2  

