[ 2017-05-24T19:38:30+08:00 ] 127.0.0.1 /index.php/Admin/Login/check
INFO: [ app_begin ] --START--
INFO: Run Behavior\ReadHtmlCacheBehavior [ RunTime:0.000927s ]
INFO: [ app_begin ] --END-- [ RunTime:0.001653s ]
SQL: SHOW COLUMNS FROM `admin` [ RunTime:0.1298s ]
NOTIC: [8] Use of undefined constant username - assumed 'username' F:\MyPHP\news\Application\Admin\Controller\LoginController.class.php 第 12 行.
NOTIC: [8] Use of undefined constant password - assumed 'password' F:\MyPHP\news\Application\Admin\Controller\LoginController.class.php 第 15 行.
SQL: SELECT * FROM `admin` WHERE `username` = 'admin' LIMIT 1   [ RunTime:0.0540s ]

[ 2017-05-24T19:38:40+08:00 ] 127.0.0.1 /index.php/Admin/Menu/status
INFO: [ app_begin ] --START--
INFO: Run Behavior\ReadHtmlCacheBehavior [ RunTime:0.000751s ]
INFO: [ app_begin ] --END-- [ RunTime:0.001424s ]
SQL: SHOW COLUMNS FROM `menu` [ RunTime:0.0057s ]
SQL: UPDATE `menu` SET `status`='0' WHERE `id` = 23 [ RunTime:0.1253s ]

[ 2017-05-24T19:38:45+08:00 ] 127.0.0.1 /index.php/Admin/Menu/status
INFO: [ app_begin ] --START--
INFO: Run Behavior\ReadHtmlCacheBehavior [ RunTime:0.000743s ]
INFO: [ app_begin ] --END-- [ RunTime:0.001414s ]
SQL: SHOW COLUMNS FROM `menu` [ RunTime:0.0051s ]
SQL: UPDATE `menu` SET `status`='1' WHERE `id` = 23 [ RunTime:0.0634s ]

[ 2017-05-24T20:01:43+08:00 ] 127.0.0.1 /index.php/Admin/Menu/dels
INFO: [ app_begin ] --START--
INFO: Run Behavior\ReadHtmlCacheBehavior [ RunTime:0.000939s ]
INFO: [ app_begin ] --END-- [ RunTime:0.001733s ]
SQL: SHOW COLUMNS FROM `menu` [ RunTime:0.0056s ]

[ 2017-05-24T20:01:47+08:00 ] 127.0.0.1 /index.php/Admin/Menu/dels
INFO: [ app_begin ] --START--
INFO: Run Behavior\ReadHtmlCacheBehavior [ RunTime:0.000764s ]
INFO: [ app_begin ] --END-- [ RunTime:0.001476s ]
SQL: SHOW COLUMNS FROM `menu` [ RunTime:0.0054s ]

[ 2017-05-24T20:01:47+08:00 ] 127.0.0.1 /index.php/Admin/Menu/dels
INFO: [ app_begin ] --START--
INFO: Run Behavior\ReadHtmlCacheBehavior [ RunTime:0.000825s ]
INFO: [ app_begin ] --END-- [ RunTime:0.001751s ]
SQL: SHOW COLUMNS FROM `menu` [ RunTime:0.0058s ]

[ 2017-05-24T20:01:48+08:00 ] 127.0.0.1 /index.php/Admin/Menu/dels
INFO: [ app_begin ] --START--
INFO: Run Behavior\ReadHtmlCacheBehavior [ RunTime:0.000856s ]
INFO: [ app_begin ] --END-- [ RunTime:0.001553s ]
SQL: SHOW COLUMNS FROM `menu` [ RunTime:0.0054s ]

[ 2017-05-24T20:02:10+08:00 ] 127.0.0.1 /index.php/Admin/Menu/dels
INFO: [ app_begin ] --START--
INFO: Run Behavior\ReadHtmlCacheBehavior [ RunTime:0.001066s ]
INFO: [ app_begin ] --END-- [ RunTime:0.001809s ]
SQL: SHOW COLUMNS FROM `menu` [ RunTime:0.0054s ]

[ 2017-05-24T20:04:04+08:00 ] 127.0.0.1 /index.php/Admin/Menu/add
INFO: [ app_begin ] --START--
INFO: Run Behavior\ReadHtmlCacheBehavior [ RunTime:0.000768s ]
INFO: [ app_begin ] --END-- [ RunTime:0.001488s ]
SQL: SHOW COLUMNS FROM `menu` [ RunTime:0.0058s ]
SQL: INSERT INTO `menu` (`name`,`status`) VALUES ('java','1') [ RunTime:0.1102s ]

[ 2017-05-24T20:04:12+08:00 ] 127.0.0.1 /index.php/Admin/Menu/add
INFO: [ app_begin ] --START--
INFO: Run Behavior\ReadHtmlCacheBehavior [ RunTime:0.000774s ]
INFO: [ app_begin ] --END-- [ RunTime:0.001458s ]
SQL: SHOW COLUMNS FROM `menu` [ RunTime:0.0056s ]
SQL: INSERT INTO `menu` (`name`,`status`) VALUES ('PHP','1') [ RunTime:0.0687s ]

[ 2017-05-24T20:04:24+08:00 ] 127.0.0.1 /index.php/Admin/Menu/dels
INFO: [ app_begin ] --START--
INFO: Run Behavior\ReadHtmlCacheBehavior [ RunTime:0.000760s ]
INFO: [ app_begin ] --END-- [ RunTime:0.001435s ]
SQL: SHOW COLUMNS FROM `menu` [ RunTime:0.0056s ]

[ 2017-05-24T20:05:18+08:00 ] 127.0.0.1 /index.php/Admin/Menu/dels
INFO: [ app_begin ] --START--
INFO: Run Behavior\ReadHtmlCacheBehavior [ RunTime:0.000975s ]
INFO: [ app_begin ] --END-- [ RunTime:0.001766s ]
SQL: SHOW COLUMNS FROM `menu` [ RunTime:0.0052s ]

[ 2017-05-24T20:08:02+08:00 ] 127.0.0.1 /index.php/Admin/Menu/dels
INFO: [ app_begin ] --START--
INFO: Run Behavior\ReadHtmlCacheBehavior [ RunTime:0.000927s ]
INFO: [ app_begin ] --END-- [ RunTime:0.001695s ]
SQL: SHOW COLUMNS FROM `menu` [ RunTime:0.0058s ]

[ 2017-05-24T20:09:52+08:00 ] 127.0.0.1 /index.php/Admin/Menu/dels
INFO: [ app_begin ] --START--
INFO: Run Behavior\ReadHtmlCacheBehavior [ RunTime:0.000941s ]
INFO: [ app_begin ] --END-- [ RunTime:0.001720s ]
SQL: SHOW COLUMNS FROM `menu` [ RunTime:0.0054s ]

[ 2017-05-24T20:10:31+08:00 ] 127.0.0.1 /index.php/Admin/Menu/dels
INFO: [ app_begin ] --START--
INFO: Run Behavior\ReadHtmlCacheBehavior [ RunTime:0.000917s ]
INFO: [ app_begin ] --END-- [ RunTime:0.001654s ]
SQL: SHOW COLUMNS FROM `menu` [ RunTime:0.0051s ]

[ 2017-05-24T20:10:34+08:00 ] 127.0.0.1 /index.php/Admin/Menu/dels
INFO: [ app_begin ] --START--
INFO: Run Behavior\ReadHtmlCacheBehavior [ RunTime:0.000758s ]
INFO: [ app_begin ] --END-- [ RunTime:0.001433s ]
SQL: SHOW COLUMNS FROM `menu` [ RunTime:0.0058s ]

[ 2017-05-24T20:13:46+08:00 ] 127.0.0.1 /index.php/Admin/Menu/dels
INFO: [ app_begin ] --START--
INFO: Run Behavior\ReadHtmlCacheBehavior [ RunTime:0.004980s ]
INFO: [ app_begin ] --END-- [ RunTime:0.006078s ]
SQL: SHOW COLUMNS FROM `menu` [ RunTime:0.0054s ]

[ 2017-05-24T20:14:26+08:00 ] 127.0.0.1 /index.php/Admin/Menu/dels
INFO: [ app_begin ] --START--
INFO: Run Behavior\ReadHtmlCacheBehavior [ RunTime:0.000816s ]
INFO: [ app_begin ] --END-- [ RunTime:0.001551s ]
SQL: SHOW COLUMNS FROM `menu` [ RunTime:0.0059s ]

[ 2017-05-24T20:15:11+08:00 ] 127.0.0.1 /index.php/Admin/Menu/dels
INFO: [ app_begin ] --START--
INFO: Run Behavior\ReadHtmlCacheBehavior [ RunTime:0.000750s ]
INFO: [ app_begin ] --END-- [ RunTime:0.001446s ]
SQL: SHOW COLUMNS FROM `menu` [ RunTime:0.0052s ]

[ 2017-05-24T20:15:24+08:00 ] 127.0.0.1 /index.php/Admin/Menu/dels
INFO: [ app_begin ] --START--
INFO: Run Behavior\ReadHtmlCacheBehavior [ RunTime:0.000808s ]
INFO: [ app_begin ] --END-- [ RunTime:0.001550s ]
SQL: SHOW COLUMNS FROM `menu` [ RunTime:0.0056s ]

[ 2017-05-24T20:16:57+08:00 ] 127.0.0.1 /index.php/Admin/Menu/dels
INFO: [ app_begin ] --START--
INFO: Run Behavior\ReadHtmlCacheBehavior [ RunTime:0.001175s ]
INFO: [ app_begin ] --END-- [ RunTime:0.001973s ]
SQL: SHOW COLUMNS FROM `menu` [ RunTime:0.0054s ]
NOTIC: [8] Array to string conversion F:\MyPHP\news\Application\Admin\Controller\MenuController.class.php 第 56 行.
ERR: 1064:Erreur de syntaxe près de 'Array )' à la ligne 1
 [ SQL语句 ] : DELETE FROM `menu` WHERE ( id in Array )
ERR: 1064:Erreur de syntaxe près de 'Array )' à la ligne 1
 [ SQL语句 ] : DELETE FROM `menu` WHERE ( id in Array )

[ 2017-05-24T20:18:35+08:00 ] 127.0.0.1 /index.php/Admin/Menu/dels
INFO: [ app_begin ] --START--
INFO: Run Behavior\ReadHtmlCacheBehavior [ RunTime:0.001046s ]
INFO: [ app_begin ] --END-- [ RunTime:0.001777s ]
SQL: SHOW COLUMNS FROM `menu` [ RunTime:0.0057s ]

[ 2017-05-24T20:24:19+08:00 ] 127.0.0.1 /index.php/Admin/Menu/dels
INFO: [ app_begin ] --START--
INFO: Run Behavior\ReadHtmlCacheBehavior [ RunTime:0.001031s ]
INFO: [ app_begin ] --END-- [ RunTime:0.001788s ]
SQL: SHOW COLUMNS FROM `menu` [ RunTime:0.0054s ]

[ 2017-05-24T20:24:50+08:00 ] 127.0.0.1 /index.php/Admin/Menu/dels
INFO: [ app_begin ] --START--
INFO: Run Behavior\ReadHtmlCacheBehavior [ RunTime:0.001023s ]
INFO: [ app_begin ] --END-- [ RunTime:0.001794s ]
SQL: SHOW COLUMNS FROM `menu` [ RunTime:0.0054s ]
SQL: DELETE FROM `menu` WHERE `id` IN ('24','25') [ RunTime:0.0910s ]

[ 2017-05-24T20:24:52+08:00 ] 127.0.0.1 /index.php/Admin/Menu/dels
INFO: [ app_begin ] --START--
INFO: Run Behavior\ReadHtmlCacheBehavior [ RunTime:0.001023s ]
INFO: [ app_begin ] --END-- [ RunTime:0.001790s ]
SQL: SHOW COLUMNS FROM `menu` [ RunTime:0.0051s ]
SQL: DELETE FROM `menu` WHERE `id` IN ('24','25') [ RunTime:0.0004s ]

[ 2017-05-24T20:24:56+08:00 ] 127.0.0.1 /index.php/Admin/Menu/dels
INFO: [ app_begin ] --START--
INFO: Run Behavior\ReadHtmlCacheBehavior [ RunTime:0.000997s ]
INFO: [ app_begin ] --END-- [ RunTime:0.001860s ]
SQL: SHOW COLUMNS FROM `menu` [ RunTime:0.0052s ]
SQL: DELETE FROM `menu` WHERE `id` IN ('24','25') [ RunTime:0.0004s ]

[ 2017-05-24T20:25:20+08:00 ] 127.0.0.1 /index.php/Admin/Menu/add
INFO: [ app_begin ] --START--
INFO: Run Behavior\ReadHtmlCacheBehavior [ RunTime:0.000995s ]
INFO: [ app_begin ] --END-- [ RunTime:0.001735s ]
SQL: SHOW COLUMNS FROM `menu` [ RunTime:0.0227s ]
SQL: INSERT INTO `menu` (`name`,`status`) VALUES ('java','1') [ RunTime:0.0785s ]

[ 2017-05-24T20:25:28+08:00 ] 127.0.0.1 /index.php/Admin/Menu/add
INFO: [ app_begin ] --START--
INFO: Run Behavior\ReadHtmlCacheBehavior [ RunTime:0.001536s ]
INFO: [ app_begin ] --END-- [ RunTime:0.002738s ]
SQL: SHOW COLUMNS FROM `menu` [ RunTime:0.0055s ]
SQL: INSERT INTO `menu` (`name`,`status`) VALUES ('PHP','1') [ RunTime:0.0942s ]

[ 2017-05-24T20:25:34+08:00 ] 127.0.0.1 /index.php/Admin/Menu/dels
INFO: [ app_begin ] --START--
INFO: Run Behavior\ReadHtmlCacheBehavior [ RunTime:0.000992s ]
INFO: [ app_begin ] --END-- [ RunTime:0.001757s ]
SQL: SHOW COLUMNS FROM `menu` [ RunTime:0.0057s ]
SQL: DELETE FROM `menu` WHERE `id` IN ('26','27') [ RunTime:0.0965s ]

[ 2017-05-24T20:25:39+08:00 ] 127.0.0.1 /index.php/Admin/Menu/dels
INFO: [ app_begin ] --START--
INFO: Run Behavior\ReadHtmlCacheBehavior [ RunTime:0.001365s ]
INFO: [ app_begin ] --END-- [ RunTime:0.002144s ]
SQL: SHOW COLUMNS FROM `menu` [ RunTime:0.0966s ]
SQL: DELETE FROM `menu` WHERE `id` IN ('26','27') [ RunTime:0.0004s ]

[ 2017-05-24T20:25:43+08:00 ] 127.0.0.1 /index.php/Admin/Menu/dels
INFO: [ app_begin ] --START--
INFO: Run Behavior\ReadHtmlCacheBehavior [ RunTime:0.001040s ]
INFO: [ app_begin ] --END-- [ RunTime:0.001843s ]
SQL: SHOW COLUMNS FROM `menu` [ RunTime:0.0185s ]
SQL: DELETE FROM `menu` WHERE `id` IN ('26','27') [ RunTime:0.0004s ]

[ 2017-05-24T20:25:44+08:00 ] 127.0.0.1 /index.php/Admin/Menu/dels
INFO: [ app_begin ] --START--
INFO: Run Behavior\ReadHtmlCacheBehavior [ RunTime:0.001287s ]
INFO: [ app_begin ] --END-- [ RunTime:0.002087s ]
SQL: SHOW COLUMNS FROM `menu` [ RunTime:0.0063s ]
SQL: DELETE FROM `menu` WHERE `id` IN ('26','27') [ RunTime:0.0005s ]

[ 2017-05-24T20:26:35+08:00 ] 127.0.0.1 /index.php/Admin/Menu/add
INFO: [ app_begin ] --START--
INFO: Run Behavior\ReadHtmlCacheBehavior [ RunTime:0.001794s ]
INFO: [ app_begin ] --END-- [ RunTime:0.002749s ]
SQL: SHOW COLUMNS FROM `menu` [ RunTime:0.0231s ]
SQL: INSERT INTO `menu` (`name`,`status`) VALUES ('java','1') [ RunTime:0.1052s ]

[ 2017-05-24T20:26:42+08:00 ] 127.0.0.1 /index.php/Admin/Menu/add
INFO: [ app_begin ] --START--
INFO: Run Behavior\ReadHtmlCacheBehavior [ RunTime:0.001863s ]
INFO: [ app_begin ] --END-- [ RunTime:0.002808s ]
SQL: SHOW COLUMNS FROM `menu` [ RunTime:0.0054s ]
SQL: INSERT INTO `menu` (`name`,`status`) VALUES ('PHP','1') [ RunTime:0.2292s ]

[ 2017-05-24T20:26:47+08:00 ] 127.0.0.1 /index.php/Admin/Menu/dels
INFO: [ app_begin ] --START--
INFO: Run Behavior\ReadHtmlCacheBehavior [ RunTime:0.001793s ]
INFO: [ app_begin ] --END-- [ RunTime:0.002726s ]
SQL: SHOW COLUMNS FROM `menu` [ RunTime:0.0053s ]
SQL: DELETE FROM `menu` WHERE `id` IN ('28','29') [ RunTime:0.0588s ]

[ 2017-05-24T20:26:55+08:00 ] 127.0.0.1 /index.php/Admin/Menu/dels
INFO: [ app_begin ] --START--
INFO: Run Behavior\ReadHtmlCacheBehavior [ RunTime:0.001904s ]
INFO: [ app_begin ] --END-- [ RunTime:0.002850s ]
SQL: SHOW COLUMNS FROM `menu` [ RunTime:0.0488s ]
SQL: DELETE FROM `menu` WHERE `id` IN ('28','29') [ RunTime:0.0005s ]

[ 2017-05-24T20:27:04+08:00 ] 127.0.0.1 /index.php/Admin/Menu/dels
INFO: [ app_begin ] --START--
INFO: Run Behavior\ReadHtmlCacheBehavior [ RunTime:0.002676s ]
INFO: [ app_begin ] --END-- [ RunTime:0.003930s ]
SQL: SHOW COLUMNS FROM `menu` [ RunTime:0.0052s ]
SQL: DELETE FROM `menu` WHERE `id` IN ('28','29') [ RunTime:0.0005s ]

[ 2017-05-24T20:27:38+08:00 ] 127.0.0.1 /index.php/Admin/Menu/del
INFO: [ app_begin ] --START--
INFO: Run Behavior\ReadHtmlCacheBehavior [ RunTime:0.001100s ]
INFO: [ app_begin ] --END-- [ RunTime:0.001783s ]
SQL: SHOW COLUMNS FROM `menu` [ RunTime:0.0053s ]
SQL: DELETE FROM `menu` WHERE `id` = 23 [ RunTime:0.1279s ]

[ 2017-05-24T20:27:47+08:00 ] 127.0.0.1 /index.php/Admin/Menu/add
INFO: [ app_begin ] --START--
INFO: Run Behavior\ReadHtmlCacheBehavior [ RunTime:0.001091s ]
INFO: [ app_begin ] --END-- [ RunTime:0.001764s ]
SQL: SHOW COLUMNS FROM `menu` [ RunTime:0.0053s ]
SQL: INSERT INTO `menu` (`name`,`status`) VALUES ('技术','1') [ RunTime:0.0980s ]

[ 2017-05-24T20:27:54+08:00 ] 127.0.0.1 /index.php/Admin/Menu/add
INFO: [ app_begin ] --START--
INFO: Run Behavior\ReadHtmlCacheBehavior [ RunTime:0.001122s ]
INFO: [ app_begin ] --END-- [ RunTime:0.001832s ]
SQL: SHOW COLUMNS FROM `menu` [ RunTime:0.0053s ]
SQL: INSERT INTO `menu` (`name`,`status`) VALUES ('测试','1') [ RunTime:0.0932s ]

[ 2017-05-24T20:28:02+08:00 ] 127.0.0.1 /index.php/Admin/Menu/add
INFO: [ app_begin ] --START--
INFO: Run Behavior\ReadHtmlCacheBehavior [ RunTime:0.001105s ]
INFO: [ app_begin ] --END-- [ RunTime:0.001784s ]
SQL: SHOW COLUMNS FROM `menu` [ RunTime:0.0057s ]
SQL: INSERT INTO `menu` (`name`,`status`) VALUES ('急急急','1') [ RunTime:0.0710s ]

[ 2017-05-24T20:28:08+08:00 ] 127.0.0.1 /index.php/Admin/Menu/add
INFO: [ app_begin ] --START--
INFO: Run Behavior\ReadHtmlCacheBehavior [ RunTime:0.001097s ]
INFO: [ app_begin ] --END-- [ RunTime:0.001781s ]
SQL: SHOW COLUMNS FROM `menu` [ RunTime:0.0054s ]
SQL: INSERT INTO `menu` (`name`,`status`) VALUES ('发发发','1') [ RunTime:0.0828s ]

[ 2017-05-24T20:28:31+08:00 ] 127.0.0.1 /index.php/Admin/Menu/dels
INFO: [ app_begin ] --START--
INFO: Run Behavior\ReadHtmlCacheBehavior [ RunTime:0.001116s ]
INFO: [ app_begin ] --END-- [ RunTime:0.001806s ]
SQL: SHOW COLUMNS FROM `menu` [ RunTime:0.0055s ]
SQL: DELETE FROM `menu` WHERE `id` IN ('31','32','33') [ RunTime:0.1112s ]

[ 2017-05-24T20:28:40+08:00 ] 127.0.0.1 /index.php/Admin/Menu/dels
INFO: [ app_begin ] --START--
INFO: Run Behavior\ReadHtmlCacheBehavior [ RunTime:0.001161s ]
INFO: [ app_begin ] --END-- [ RunTime:0.001909s ]
SQL: SHOW COLUMNS FROM `menu` [ RunTime:0.0058s ]
SQL: DELETE FROM `menu` WHERE `id` = 30 [ RunTime:0.0833s ]

[ 2017-05-24T20:28:50+08:00 ] 127.0.0.1 /index.php/Admin/Menu/add
INFO: [ app_begin ] --START--
INFO: Run Behavior\ReadHtmlCacheBehavior [ RunTime:0.001259s ]
INFO: [ app_begin ] --END-- [ RunTime:0.001953s ]
SQL: SHOW COLUMNS FROM `menu` [ RunTime:0.0057s ]
SQL: INSERT INTO `menu` (`name`,`status`) VALUES ('技术','1') [ RunTime:0.0805s ]

[ 2017-05-24T20:28:58+08:00 ] 127.0.0.1 /index.php/Admin/Menu/add
INFO: [ app_begin ] --START--
INFO: Run Behavior\ReadHtmlCacheBehavior [ RunTime:0.001114s ]
INFO: [ app_begin ] --END-- [ RunTime:0.001848s ]
SQL: SHOW COLUMNS FROM `menu` [ RunTime:0.0060s ]
SQL: INSERT INTO `menu` (`name`,`status`) VALUES ('政治','1') [ RunTime:0.0901s ]

[ 2017-05-24T20:29:04+08:00 ] 127.0.0.1 /index.php/Admin/Menu/dels
INFO: [ app_begin ] --START--
INFO: Run Behavior\ReadHtmlCacheBehavior [ RunTime:0.001376s ]
INFO: [ app_begin ] --END-- [ RunTime:0.002352s ]
SQL: SHOW COLUMNS FROM `menu` [ RunTime:0.0061s ]
SQL: DELETE FROM `menu` WHERE `id` = 35 [ RunTime:0.0690s ]

[ 2017-05-24T20:52:04+08:00 ] 127.0.0.1 /index.php/Admin/Menu/listorder
INFO: [ app_begin ] --START--
INFO: Run Behavior\ReadHtmlCacheBehavior [ RunTime:0.001936s ]
INFO: [ app_begin ] --END-- [ RunTime:0.003310s ]
SQL: SHOW COLUMNS FROM `menu` [ RunTime:0.0558s ]

[ 2017-05-24T20:53:20+08:00 ] 127.0.0.1 /index.php/Admin/Menu/listorder
INFO: [ app_begin ] --START--
INFO: Run Behavior\ReadHtmlCacheBehavior [ RunTime:0.002160s ]
INFO: [ app_begin ] --END-- [ RunTime:0.003168s ]
SQL: SHOW COLUMNS FROM `menu` [ RunTime:0.0178s ]

[ 2017-05-24T20:55:24+08:00 ] 127.0.0.1 /index.php/Admin/Menu/listorder
INFO: [ app_begin ] --START--
INFO: Run Behavior\ReadHtmlCacheBehavior [ RunTime:0.001193s ]
INFO: [ app_begin ] --END-- [ RunTime:0.002088s ]
SQL: SHOW COLUMNS FROM `menu` [ RunTime:0.0151s ]
INFO: [ app_end ] --START--
INFO: Run Behavior\ShowPageTraceBehavior [ RunTime:0.001226s ]
INFO: [ app_end ] --END-- [ RunTime:0.001398s ]

[ 2017-05-24T20:56:42+08:00 ] 127.0.0.1 /index.php/Admin/Menu/listorder
INFO: [ app_begin ] --START--
INFO: Run Behavior\ReadHtmlCacheBehavior [ RunTime:0.001027s ]
INFO: [ app_begin ] --END-- [ RunTime:0.001818s ]
SQL: SHOW COLUMNS FROM `menu` [ RunTime:0.0382s ]

[ 2017-05-24T20:57:38+08:00 ] 127.0.0.1 /index.php/Admin/Menu/listorder
INFO: [ app_begin ] --START--
INFO: Run Behavior\ReadHtmlCacheBehavior [ RunTime:0.001181s ]
INFO: [ app_begin ] --END-- [ RunTime:0.002267s ]
SQL: SHOW COLUMNS FROM `menu` [ RunTime:0.0195s ]
INFO: [ app_end ] --START--
INFO: Run Behavior\ShowPageTraceBehavior [ RunTime:0.001205s ]
INFO: [ app_end ] --END-- [ RunTime:0.001437s ]

[ 2017-05-24T20:59:37+08:00 ] 127.0.0.1 /index.php/Admin/Menu/listorder
INFO: [ app_begin ] --START--
INFO: Run Behavior\ReadHtmlCacheBehavior [ RunTime:0.001044s ]
INFO: [ app_begin ] --END-- [ RunTime:0.001820s ]
SQL: SHOW COLUMNS FROM `menu` [ RunTime:0.0055s ]

[ 2017-05-24T21:21:42+08:00 ] 127.0.0.1 /index.php/Admin/Menu/listorder
INFO: [ app_begin ] --START--
INFO: Run Behavior\ReadHtmlCacheBehavior [ RunTime:0.001816s ]
INFO: [ app_begin ] --END-- [ RunTime:0.002668s ]
SQL: SHOW COLUMNS FROM `menu` [ RunTime:0.0345s ]
SQL: UPDATE `menu` SET `list`='3' WHERE ( id=17 ) [ RunTime:0.0731s ]
SQL: UPDATE `menu` SET `list`='4' WHERE ( id=34 ) [ RunTime:0.0663s ]
INFO: [ app_end ] --START--
INFO: Run Behavior\ShowPageTraceBehavior [ RunTime:0.001235s ]
INFO: [ app_end ] --END-- [ RunTime:0.001402s ]

[ 2017-05-24T21:23:32+08:00 ] 127.0.0.1 /index.php/Admin/Menu/listorder
INFO: [ app_begin ] --START--
INFO: Run Behavior\ReadHtmlCacheBehavior [ RunTime:0.001954s ]
INFO: [ app_begin ] --END-- [ RunTime:0.003193s ]
SQL: SHOW COLUMNS FROM `menu` [ RunTime:0.0075s ]
SQL: UPDATE `menu` SET `list`='2' WHERE ( id=17 ) [ RunTime:0.0970s ]
SQL: UPDATE `menu` SET `list`='3' WHERE ( id=34 ) [ RunTime:0.0328s ]

[ 2017-05-24T21:24:05+08:00 ] 127.0.0.1 /index.php/Admin/Menu/listorder
INFO: [ app_begin ] --START--
INFO: Run Behavior\ReadHtmlCacheBehavior [ RunTime:0.001133s ]
INFO: [ app_begin ] --END-- [ RunTime:0.001922s ]
SQL: SHOW COLUMNS FROM `menu` [ RunTime:0.0318s ]
SQL: UPDATE `menu` SET `list`='4' WHERE ( id=17 ) [ RunTime:0.0546s ]
SQL: UPDATE `menu` SET `list`='3' WHERE ( id=34 ) [ RunTime:0.0333s ]

[ 2017-05-24T21:25:40+08:00 ] 127.0.0.1 /index.php/Admin/Menu/listorder
INFO: [ app_begin ] --START--
INFO: Run Behavior\ReadHtmlCacheBehavior [ RunTime:0.001077s ]
INFO: [ app_begin ] --END-- [ RunTime:0.001887s ]
SQL: SHOW COLUMNS FROM `menu` [ RunTime:0.0312s ]
SQL: UPDATE `menu` SET `list`='5' WHERE ( id=17 ) [ RunTime:0.1657s ]
SQL: UPDATE `menu` SET `list`='3' WHERE ( id=34 ) [ RunTime:0.0410s ]

[ 2017-05-24T21:26:13+08:00 ] 127.0.0.1 /index.php/Admin/Menu/listorder
INFO: [ app_begin ] --START--
INFO: Run Behavior\ReadHtmlCacheBehavior [ RunTime:0.001184s ]
INFO: [ app_begin ] --END-- [ RunTime:0.001970s ]
SQL: SHOW COLUMNS FROM `menu` [ RunTime:0.0058s ]
SQL: UPDATE `menu` SET `list`='8' WHERE ( id=17 ) [ RunTime:0.0911s ]
SQL: UPDATE `menu` SET `list`='9' WHERE ( id=34 ) [ RunTime:0.0821s ]

[ 2017-05-24T21:26:27+08:00 ] 127.0.0.1 /index.php/Admin/Menu/listorder
INFO: [ app_begin ] --START--
INFO: Run Behavior\ReadHtmlCacheBehavior [ RunTime:0.002008s ]
INFO: [ app_begin ] --END-- [ RunTime:0.003277s ]
SQL: SHOW COLUMNS FROM `menu` [ RunTime:0.0177s ]
SQL: UPDATE `menu` SET `list`='8' WHERE ( id=17 ) [ RunTime:0.1215s ]
SQL: UPDATE `menu` SET `list`='9' WHERE ( id=34 ) [ RunTime:0.0343s ]

[ 2017-05-24T21:26:33+08:00 ] 127.0.0.1 /index.php/Admin/Menu/listorder
INFO: [ app_begin ] --START--
INFO: Run Behavior\ReadHtmlCacheBehavior [ RunTime:0.001182s ]
INFO: [ app_begin ] --END-- [ RunTime:0.002273s ]
SQL: SHOW COLUMNS FROM `menu` [ RunTime:0.0812s ]
SQL: UPDATE `menu` SET `list`='0' WHERE ( id=17 ) [ RunTime:0.1378s ]
SQL: UPDATE `menu` SET `list`='9' WHERE ( id=34 ) [ RunTime:0.0570s ]

[ 2017-05-24T21:27:19+08:00 ] 127.0.0.1 /index.php/Admin/Menu/listorder
INFO: [ app_begin ] --START--
INFO: Run Behavior\ReadHtmlCacheBehavior [ RunTime:0.001031s ]
INFO: [ app_begin ] --END-- [ RunTime:0.001816s ]
SQL: SHOW COLUMNS FROM `menu` [ RunTime:0.0594s ]
SQL: UPDATE `menu` SET `list`='10' WHERE ( id=17 ) [ RunTime:0.1173s ]
SQL: UPDATE `menu` SET `list`='9' WHERE ( id=34 ) [ RunTime:0.0332s ]

